CRITICAL - 2020-08-01 15:55:20 -->  is not a valid rule.
#0 C:\xampp\htdocs\pelaporan\system\Validation\Validation.php(333): CodeIgniter\Validation\Exceptions\ValidationException::forRuleNotFound('')
#1 C:\xampp\htdocs\pelaporan\system\Validation\Validation.php(189): CodeIgniter\Validation\Validation->processRules('name', 'name', NULL, Array, Array)
#2 C:\xampp\htdocs\pelaporan\system\Controller.php(219): CodeIgniter\Validation\Validation->run()
#3 C:\xampp\htdocs\pelaporan\app\Controllers\User_controller.php(81): CodeIgniter\Controller->validate(Array)
#4 C:\xampp\htdocs\pelaporan\system\CodeIgniter.php(918): App\Controllers\User_controller->upload_data()
#5 C:\xampp\htdocs\pelaporan\system\CodeIgniter.php(404): CodeIgniter\CodeIgniter->runController(Object(App\Controllers\User_controller))
#6 C:\xampp\htdocs\pelaporan\system\CodeIgniter.php(312): CodeIgniter\CodeIgniter->handleRequest(NULL, Object(Config\Cache), false)
#7 C:\xampp\htdocs\pelaporan\public\index.php(45): CodeIgniter\CodeIgniter->run()
#8 C:\xampp\htdocs\pelaporan\system\Commands\Server\rewrite.php(34): require_once('C:\\xampp\\htdocs...')
#9 {main}
CRITICAL - 2020-08-01 15:55:21 -->  is not a valid rule.
#0 C:\xampp\htdocs\pelaporan\system\Validation\Validation.php(333): CodeIgniter\Validation\Exceptions\ValidationException::forRuleNotFound('')
#1 C:\xampp\htdocs\pelaporan\system\Validation\Validation.php(189): CodeIgniter\Validation\Validation->processRules('name', 'name', NULL, Array, Array)
#2 C:\xampp\htdocs\pelaporan\system\Controller.php(219): CodeIgniter\Validation\Validation->run()
#3 C:\xampp\htdocs\pelaporan\app\Controllers\User_controller.php(81): CodeIgniter\Controller->validate(Array)
#4 C:\xampp\htdocs\pelaporan\system\CodeIgniter.php(918): App\Controllers\User_controller->upload_data()
#5 C:\xampp\htdocs\pelaporan\system\CodeIgniter.php(404): CodeIgniter\CodeIgniter->runController(Object(App\Controllers\User_controller))
#6 C:\xampp\htdocs\pelaporan\system\CodeIgniter.php(312): CodeIgniter\CodeIgniter->handleRequest(NULL, Object(Config\Cache), false)
#7 C:\xampp\htdocs\pelaporan\public\index.php(45): CodeIgniter\CodeIgniter->run()
#8 C:\xampp\htdocs\pelaporan\system\Commands\Server\rewrite.php(34): require_once('C:\\xampp\\htdocs...')
#9 {main}
CRITICAL - 2020-08-01 15:56:30 -->  is not a valid rule.
#0 C:\xampp\htdocs\pelaporan\system\Validation\Validation.php(333): CodeIgniter\Validation\Exceptions\ValidationException::forRuleNotFound('')
#1 C:\xampp\htdocs\pelaporan\system\Validation\Validation.php(189): CodeIgniter\Validation\Validation->processRules('name', 'name', NULL, Array, Array)
#2 C:\xampp\htdocs\pelaporan\system\Controller.php(219): CodeIgniter\Validation\Validation->run()
#3 C:\xampp\htdocs\pelaporan\app\Controllers\User_controller.php(81): CodeIgniter\Controller->validate(Array)
#4 C:\xampp\htdocs\pelaporan\system\CodeIgniter.php(918): App\Controllers\User_controller->upload_data()
#5 C:\xampp\htdocs\pelaporan\system\CodeIgniter.php(404): CodeIgniter\CodeIgniter->runController(Object(App\Controllers\User_controller))
#6 C:\xampp\htdocs\pelaporan\system\CodeIgniter.php(312): CodeIgniter\CodeIgniter->handleRequest(NULL, Object(Config\Cache), false)
#7 C:\xampp\htdocs\pelaporan\public\index.php(45): CodeIgniter\CodeIgniter->run()
#8 C:\xampp\htdocs\pelaporan\system\Commands\Server\rewrite.php(34): require_once('C:\\xampp\\htdocs...')
#9 {main}
CRITICAL - 2020-08-01 15:56:52 -->  is not a valid rule.
#0 C:\xampp\htdocs\pelaporan\system\Validation\Validation.php(333): CodeIgniter\Validation\Exceptions\ValidationException::forRuleNotFound('')
#1 C:\xampp\htdocs\pelaporan\system\Validation\Validation.php(189): CodeIgniter\Validation\Validation->processRules('name', 'name', NULL, Array, Array)
#2 C:\xampp\htdocs\pelaporan\system\Controller.php(219): CodeIgniter\Validation\Validation->run()
#3 C:\xampp\htdocs\pelaporan\app\Controllers\User_controller.php(81): CodeIgniter\Controller->validate(Array)
#4 C:\xampp\htdocs\pelaporan\system\CodeIgniter.php(918): App\Controllers\User_controller->upload_data()
#5 C:\xampp\htdocs\pelaporan\system\CodeIgniter.php(404): CodeIgniter\CodeIgniter->runController(Object(App\Controllers\User_controller))
#6 C:\xampp\htdocs\pelaporan\system\CodeIgniter.php(312): CodeIgniter\CodeIgniter->handleRequest(NULL, Object(Config\Cache), false)
#7 C:\xampp\htdocs\pelaporan\public\index.php(45): CodeIgniter\CodeIgniter->run()
#8 C:\xampp\htdocs\pelaporan\system\Commands\Server\rewrite.php(34): require_once('C:\\xampp\\htdocs...')
#9 {main}
CRITICAL - 2020-08-01 15:59:15 -->  is not a valid rule.
#0 C:\xampp\htdocs\pelaporan\system\Validation\Validation.php(333): CodeIgniter\Validation\Exceptions\ValidationException::forRuleNotFound('')
#1 C:\xampp\htdocs\pelaporan\system\Validation\Validation.php(189): CodeIgniter\Validation\Validation->processRules('name', 'name', NULL, Array, Array)
#2 C:\xampp\htdocs\pelaporan\system\Controller.php(219): CodeIgniter\Validation\Validation->run()
#3 C:\xampp\htdocs\pelaporan\app\Controllers\User_controller.php(82): CodeIgniter\Controller->validate(Array)
#4 C:\xampp\htdocs\pelaporan\system\CodeIgniter.php(918): App\Controllers\User_controller->upload_data()
#5 C:\xampp\htdocs\pelaporan\system\CodeIgniter.php(404): CodeIgniter\CodeIgniter->runController(Object(App\Controllers\User_controller))
#6 C:\xampp\htdocs\pelaporan\system\CodeIgniter.php(312): CodeIgniter\CodeIgniter->handleRequest(NULL, Object(Config\Cache), false)
#7 C:\xampp\htdocs\pelaporan\public\index.php(45): CodeIgniter\CodeIgniter->run()
#8 C:\xampp\htdocs\pelaporan\system\Commands\Server\rewrite.php(34): require_once('C:\\xampp\\htdocs...')
#9 {main}
CRITICAL - 2020-08-01 16:19:30 --> syntax error, unexpected '' (T_ENCAPSED_AND_WHITESPACE), expecting '-' or identifier (T_STRING) or variable (T_VARIABLE) or number (T_NUM_STRING)
#0 C:\xampp\htdocs\pelaporan\system\Router\Router.php(195): CodeIgniter\Router\Router->autoRoute('User_controller...')
#1 C:\xampp\htdocs\pelaporan\system\CodeIgniter.php(793): CodeIgniter\Router\Router->handle('User_controller...')
#2 C:\xampp\htdocs\pelaporan\system\CodeIgniter.php(364): CodeIgniter\CodeIgniter->tryToRouteIt(Object(CodeIgniter\Router\RouteCollection))
#3 C:\xampp\htdocs\pelaporan\system\CodeIgniter.php(312): CodeIgniter\CodeIgniter->handleRequest(NULL, Object(Config\Cache), false)
#4 C:\xampp\htdocs\pelaporan\public\index.php(45): CodeIgniter\CodeIgniter->run()
#5 C:\xampp\htdocs\pelaporan\system\Commands\Server\rewrite.php(34): require_once('C:\\xampp\\htdocs...')
#6 {main}
CRITICAL - 2020-08-01 16:28:29 --> Use of undefined constant PATH - assumed 'PATH' (this will throw an Error in a future version of PHP)
#0 C:\xampp\htdocs\pelaporan\app\Controllers\User_controller.php(93): CodeIgniter\Debug\Exceptions->errorHandler(2, 'Use of undefine...', 'C:\\xampp\\htdocs...', 93, Array)
#1 C:\xampp\htdocs\pelaporan\system\CodeIgniter.php(918): App\Controllers\User_controller->upload_data()
#2 C:\xampp\htdocs\pelaporan\system\CodeIgniter.php(404): CodeIgniter\CodeIgniter->runController(Object(App\Controllers\User_controller))
#3 C:\xampp\htdocs\pelaporan\system\CodeIgniter.php(312): CodeIgniter\CodeIgniter->handleRequest(NULL, Object(Config\Cache), false)
#4 C:\xampp\htdocs\pelaporan\public\index.php(45): CodeIgniter\CodeIgniter->run()
#5 C:\xampp\htdocs\pelaporan\system\Commands\Server\rewrite.php(34): require_once('C:\\xampp\\htdocs...')
#6 {main}
CRITICAL - 2020-08-01 16:28:54 --> syntax error, unexpected '.'
#0 C:\xampp\htdocs\pelaporan\system\Router\Router.php(195): CodeIgniter\Router\Router->autoRoute('User_controller...')
#1 C:\xampp\htdocs\pelaporan\system\CodeIgniter.php(793): CodeIgniter\Router\Router->handle('User_controller...')
#2 C:\xampp\htdocs\pelaporan\system\CodeIgniter.php(364): CodeIgniter\CodeIgniter->tryToRouteIt(Object(CodeIgniter\Router\RouteCollection))
#3 C:\xampp\htdocs\pelaporan\system\CodeIgniter.php(312): CodeIgniter\CodeIgniter->handleRequest(NULL, Object(Config\Cache), false)
#4 C:\xampp\htdocs\pelaporan\public\index.php(45): CodeIgniter\CodeIgniter->run()
#5 C:\xampp\htdocs\pelaporan\system\Commands\Server\rewrite.php(34): require_once('C:\\xampp\\htdocs...')
#6 {main}
CRITICAL - 2020-08-01 16:32:26 --> syntax error, unexpected '$data' (T_VARIABLE)
#0 C:\xampp\htdocs\pelaporan\system\Router\Router.php(195): CodeIgniter\Router\Router->autoRoute('User_controller...')
#1 C:\xampp\htdocs\pelaporan\system\CodeIgniter.php(793): CodeIgniter\Router\Router->handle('User_controller...')
#2 C:\xampp\htdocs\pelaporan\system\CodeIgniter.php(364): CodeIgniter\CodeIgniter->tryToRouteIt(Object(CodeIgniter\Router\RouteCollection))
#3 C:\xampp\htdocs\pelaporan\system\CodeIgniter.php(312): CodeIgniter\CodeIgniter->handleRequest(NULL, Object(Config\Cache), false)
#4 C:\xampp\htdocs\pelaporan\public\index.php(45): CodeIgniter\CodeIgniter->run()
#5 C:\xampp\htdocs\pelaporan\system\Commands\Server\rewrite.php(34): require_once('C:\\xampp\\htdocs...')
#6 {main}
CRITICAL - 2020-08-01 16:32:40 --> syntax error, unexpected '$data' (T_VARIABLE)
#0 C:\xampp\htdocs\pelaporan\system\Router\Router.php(195): CodeIgniter\Router\Router->autoRoute('User_controller...')
#1 C:\xampp\htdocs\pelaporan\system\CodeIgniter.php(793): CodeIgniter\Router\Router->handle('User_controller...')
#2 C:\xampp\htdocs\pelaporan\system\CodeIgniter.php(364): CodeIgniter\CodeIgniter->tryToRouteIt(Object(CodeIgniter\Router\RouteCollection))
#3 C:\xampp\htdocs\pelaporan\system\CodeIgniter.php(312): CodeIgniter\CodeIgniter->handleRequest(NULL, Object(Config\Cache), false)
#4 C:\xampp\htdocs\pelaporan\public\index.php(45): CodeIgniter\CodeIgniter->run()
#5 C:\xampp\htdocs\pelaporan\system\Commands\Server\rewrite.php(34): require_once('C:\\xampp\\htdocs...')
#6 {main}
CRITICAL - 2020-08-01 16:33:28 --> syntax error, unexpected '$data' (T_VARIABLE)
#0 C:\xampp\htdocs\pelaporan\system\Router\Router.php(195): CodeIgniter\Router\Router->autoRoute('User_controller...')
#1 C:\xampp\htdocs\pelaporan\system\CodeIgniter.php(793): CodeIgniter\Router\Router->handle('User_controller...')
#2 C:\xampp\htdocs\pelaporan\system\CodeIgniter.php(364): CodeIgniter\CodeIgniter->tryToRouteIt(Object(CodeIgniter\Router\RouteCollection))
#3 C:\xampp\htdocs\pelaporan\system\CodeIgniter.php(312): CodeIgniter\CodeIgniter->handleRequest(NULL, Object(Config\Cache), false)
#4 C:\xampp\htdocs\pelaporan\public\index.php(45): CodeIgniter\CodeIgniter->run()
#5 C:\xampp\htdocs\pelaporan\system\Commands\Server\rewrite.php(34): require_once('C:\\xampp\\htdocs...')
#6 {main}
CRITICAL - 2020-08-01 16:33:30 --> syntax error, unexpected '$data' (T_VARIABLE)
#0 C:\xampp\htdocs\pelaporan\system\Router\Router.php(195): CodeIgniter\Router\Router->autoRoute('User_controller...')
#1 C:\xampp\htdocs\pelaporan\system\CodeIgniter.php(793): CodeIgniter\Router\Router->handle('User_controller...')
#2 C:\xampp\htdocs\pelaporan\system\CodeIgniter.php(364): CodeIgniter\CodeIgniter->tryToRouteIt(Object(CodeIgniter\Router\RouteCollection))
#3 C:\xampp\htdocs\pelaporan\system\CodeIgniter.php(312): CodeIgniter\CodeIgniter->handleRequest(NULL, Object(Config\Cache), false)
#4 C:\xampp\htdocs\pelaporan\public\index.php(45): CodeIgniter\CodeIgniter->run()
#5 C:\xampp\htdocs\pelaporan\system\Commands\Server\rewrite.php(34): require_once('C:\\xampp\\htdocs...')
#6 {main}
CRITICAL - 2020-08-01 16:59:27 --> A non well formed numeric value encountered
#0 C:\xampp\htdocs\pelaporan\app\Controllers\User_controller.php(98): CodeIgniter\Debug\Exceptions->errorHandler(8, 'A non well form...', 'C:\\xampp\\htdocs...', 98, Array)
#1 C:\xampp\htdocs\pelaporan\system\CodeIgniter.php(918): App\Controllers\User_controller->upload_data()
#2 C:\xampp\htdocs\pelaporan\system\CodeIgniter.php(404): CodeIgniter\CodeIgniter->runController(Object(App\Controllers\User_controller))
#3 C:\xampp\htdocs\pelaporan\system\CodeIgniter.php(312): CodeIgniter\CodeIgniter->handleRequest(NULL, Object(Config\Cache), false)
#4 C:\xampp\htdocs\pelaporan\public\index.php(45): CodeIgniter\CodeIgniter->run()
#5 C:\xampp\htdocs\pelaporan\system\Commands\Server\rewrite.php(34): require_once('C:\\xampp\\htdocs...')
#6 {main}
CRITICAL - 2020-08-01 17:12:28 --> syntax error, unexpected ';', expecting ')'
#0 C:\xampp\htdocs\pelaporan\system\Router\Router.php(195): CodeIgniter\Router\Router->autoRoute('User_controller...')
#1 C:\xampp\htdocs\pelaporan\system\CodeIgniter.php(793): CodeIgniter\Router\Router->handle('User_controller...')
#2 C:\xampp\htdocs\pelaporan\system\CodeIgniter.php(364): CodeIgniter\CodeIgniter->tryToRouteIt(Object(CodeIgniter\Router\RouteCollection))
#3 C:\xampp\htdocs\pelaporan\system\CodeIgniter.php(312): CodeIgniter\CodeIgniter->handleRequest(NULL, Object(Config\Cache), false)
#4 C:\xampp\htdocs\pelaporan\public\index.php(45): CodeIgniter\CodeIgniter->run()
#5 C:\xampp\htdocs\pelaporan\system\Commands\Server\rewrite.php(34): require_once('C:\\xampp\\htdocs...')
#6 {main}
CRITICAL - 2020-08-01 17:22:55 --> Non-static method Illuminate\Database\Eloquent\Model::save() should not be called statically
#0 C:\xampp\htdocs\pelaporan\app\Controllers\User_controller.php(102): CodeIgniter\Debug\Exceptions->errorHandler(8192, 'Non-static meth...', 'C:\\xampp\\htdocs...', 102, Array)
#1 C:\xampp\htdocs\pelaporan\system\CodeIgniter.php(918): App\Controllers\User_controller->upload_data()
#2 C:\xampp\htdocs\pelaporan\system\CodeIgniter.php(404): CodeIgniter\CodeIgniter->runController(Object(App\Controllers\User_controller))
#3 C:\xampp\htdocs\pelaporan\system\CodeIgniter.php(312): CodeIgniter\CodeIgniter->handleRequest(NULL, Object(Config\Cache), false)
#4 C:\xampp\htdocs\pelaporan\public\index.php(45): CodeIgniter\CodeIgniter->run()
#5 C:\xampp\htdocs\pelaporan\system\Commands\Server\rewrite.php(34): require_once('C:\\xampp\\htdocs...')
#6 {main}
CRITICAL - 2020-08-01 18:43:55 --> SQLSTATE[42S22]: Column not found: 1054 Unknown column 'file' in 'field list' (SQL: update `lapor` set `kode_user` = IUA2QBNF3L, `file` = undefined, `masalah` = dkjthkd, `terduga` = tono, `lokasi` = 0.29334689999999997,101.70682939999999, `status` = pending, `lapor`.`updated_at` = 2020-08-01 18:43:55 where `kode` = 1KTH9P0PHR)
#0 C:\xampp\htdocs\pelaporan\vendor\illuminate\database\Connection.php(631): Illuminate\Database\Connection->runQueryCallback('update `lapor` ...', Array, Object(Closure))
#1 C:\xampp\htdocs\pelaporan\vendor\illuminate\database\Connection.php(496): Illuminate\Database\Connection->run('update `lapor` ...', Array, Object(Closure))
#2 C:\xampp\htdocs\pelaporan\vendor\illuminate\database\Connection.php(429): Illuminate\Database\Connection->affectingStatement('update `lapor` ...', Array)
#3 C:\xampp\htdocs\pelaporan\vendor\illuminate\database\Query\Builder.php(2803): Illuminate\Database\Connection->update('update `lapor` ...', Array)
#4 C:\xampp\htdocs\pelaporan\vendor\illuminate\database\Eloquent\Builder.php(792): Illuminate\Database\Query\Builder->update(Array)
#5 C:\xampp\htdocs\pelaporan\app\Controllers\User_controller.php(132): Illuminate\Database\Eloquent\Builder->update(Array)
#6 C:\xampp\htdocs\pelaporan\system\CodeIgniter.php(918): App\Controllers\User_controller->edit_data_lap()
#7 C:\xampp\htdocs\pelaporan\system\CodeIgniter.php(404): CodeIgniter\CodeIgniter->runController(Object(App\Controllers\User_controller))
#8 C:\xampp\htdocs\pelaporan\system\CodeIgniter.php(312): CodeIgniter\CodeIgniter->handleRequest(NULL, Object(Config\Cache), false)
#9 C:\xampp\htdocs\pelaporan\public\index.php(45): CodeIgniter\CodeIgniter->run()
#10 C:\xampp\htdocs\pelaporan\system\Commands\Server\rewrite.php(34): require_once('C:\\xampp\\htdocs...')
#11 {main}
CRITICAL - 2020-08-01 19:26:31 --> Too few arguments to function App\Controllers\Admin\Admin::index(), 0 passed in C:\xampp\htdocs\pelaporan\system\CodeIgniter.php on line 918 and exactly 1 expected
#0 C:\xampp\htdocs\pelaporan\system\CodeIgniter.php(918): App\Controllers\Admin\Admin->index()
#1 C:\xampp\htdocs\pelaporan\system\CodeIgniter.php(404): CodeIgniter\CodeIgniter->runController(Object(App\Controllers\Admin\Admin))
#2 C:\xampp\htdocs\pelaporan\system\CodeIgniter.php(312): CodeIgniter\CodeIgniter->handleRequest(NULL, Object(Config\Cache), false)
#3 C:\xampp\htdocs\pelaporan\public\index.php(45): CodeIgniter\CodeIgniter->run()
#4 C:\xampp\htdocs\pelaporan\system\Commands\Server\rewrite.php(34): require_once('C:\\xampp\\htdocs...')
#5 {main}
CRITICAL - 2020-08-01 19:27:28 --> Too few arguments to function App\Controllers\Admin\Admin::send(), 0 passed in C:\xampp\htdocs\pelaporan\system\CodeIgniter.php on line 918 and exactly 1 expected
#0 C:\xampp\htdocs\pelaporan\system\CodeIgniter.php(918): App\Controllers\Admin\Admin->send()
#1 C:\xampp\htdocs\pelaporan\system\CodeIgniter.php(404): CodeIgniter\CodeIgniter->runController(Object(App\Controllers\Admin\Admin))
#2 C:\xampp\htdocs\pelaporan\system\CodeIgniter.php(312): CodeIgniter\CodeIgniter->handleRequest(NULL, Object(Config\Cache), false)
#3 C:\xampp\htdocs\pelaporan\public\index.php(45): CodeIgniter\CodeIgniter->run()
#4 C:\xampp\htdocs\pelaporan\system\Commands\Server\rewrite.php(34): require_once('C:\\xampp\\htdocs...')
#5 {main}
CRITICAL - 2020-08-01 20:04:03 --> Invalid file: admin/frontend/header.php
#0 C:\xampp\htdocs\pelaporan\system\View\View.php(228): CodeIgniter\Exceptions\FrameworkException::forInvalidFile('admin/frontend/...')
#1 C:\xampp\htdocs\pelaporan\system\Common.php(1119): CodeIgniter\View\View->render('admin/frontend/...', Array, true)
#2 C:\xampp\htdocs\pelaporan\app\Views\init\__root.php(5): view('admin/frontend/...')
#3 C:\xampp\htdocs\pelaporan\system\View\View.php(246): include('C:\\xampp\\htdocs...')
#4 C:\xampp\htdocs\pelaporan\system\Common.php(1119): CodeIgniter\View\View->render('init/__root', Array, true)
#5 C:\xampp\htdocs\pelaporan\app\Controllers\Admin\Admin.php(11): view('init/__root', Array)
#6 C:\xampp\htdocs\pelaporan\system\CodeIgniter.php(918): App\Controllers\Admin\Admin->index()
#7 C:\xampp\htdocs\pelaporan\system\CodeIgniter.php(404): CodeIgniter\CodeIgniter->runController(Object(App\Controllers\Admin\Admin))
#8 C:\xampp\htdocs\pelaporan\system\CodeIgniter.php(312): CodeIgniter\CodeIgniter->handleRequest(NULL, Object(Config\Cache), false)
#9 C:\xampp\htdocs\pelaporan\public\index.php(45): CodeIgniter\CodeIgniter->run()
#10 C:\xampp\htdocs\pelaporan\system\Commands\Server\rewrite.php(34): require_once('C:\\xampp\\htdocs...')
#11 {main}
CRITICAL - 2020-08-01 22:29:39 --> Call to a member function table() on null
#0 C:\xampp\htdocs\pelaporan\system\CodeIgniter.php(918): App\Controllers\Admin\Admin->index()
#1 C:\xampp\htdocs\pelaporan\system\CodeIgniter.php(404): CodeIgniter\CodeIgniter->runController(Object(App\Controllers\Admin\Admin))
#2 C:\xampp\htdocs\pelaporan\system\CodeIgniter.php(312): CodeIgniter\CodeIgniter->handleRequest(NULL, Object(Config\Cache), false)
#3 C:\xampp\htdocs\pelaporan\public\index.php(45): CodeIgniter\CodeIgniter->run()
#4 C:\xampp\htdocs\pelaporan\system\Commands\Server\rewrite.php(34): require_once('C:\\xampp\\htdocs...')
#5 {main}
CRITICAL - 2020-08-01 22:32:59 --> Call to a member function connection() on null
#0 C:\xampp\htdocs\pelaporan\vendor\illuminate\database\Eloquent\Model.php(1308): Illuminate\Database\Eloquent\Model::resolveConnection(NULL)
#1 C:\xampp\htdocs\pelaporan\vendor\illuminate\database\Eloquent\Model.php(1114): Illuminate\Database\Eloquent\Model->getConnection()
#2 C:\xampp\htdocs\pelaporan\vendor\illuminate\database\Eloquent\Model.php(1031): Illuminate\Database\Eloquent\Model->newBaseQueryBuilder()
#3 C:\xampp\htdocs\pelaporan\vendor\illuminate\database\Eloquent\Model.php(1067): Illuminate\Database\Eloquent\Model->newModelQuery()
#4 C:\xampp\htdocs\pelaporan\vendor\illuminate\database\Eloquent\Model.php(1020): Illuminate\Database\Eloquent\Model->newQueryWithoutScopes()
#5 C:\xampp\htdocs\pelaporan\vendor\illuminate\database\Eloquent\Model.php(1010): Illuminate\Database\Eloquent\Model->newQuery()
#6 C:\xampp\htdocs\pelaporan\vendor\illuminate\database\Eloquent\Model.php(488): Illuminate\Database\Eloquent\Model::query()
#7 C:\xampp\htdocs\pelaporan\app\Controllers\Admin\Admin.php(13): Illuminate\Database\Eloquent\Model::all()
#8 C:\xampp\htdocs\pelaporan\system\CodeIgniter.php(918): App\Controllers\Admin\Admin->index()
#9 C:\xampp\htdocs\pelaporan\system\CodeIgniter.php(404): CodeIgniter\CodeIgniter->runController(Object(App\Controllers\Admin\Admin))
#10 C:\xampp\htdocs\pelaporan\system\CodeIgniter.php(312): CodeIgniter\CodeIgniter->handleRequest(NULL, Object(Config\Cache), false)
#11 C:\xampp\htdocs\pelaporan\public\index.php(45): CodeIgniter\CodeIgniter->run()
#12 C:\xampp\htdocs\pelaporan\system\Commands\Server\rewrite.php(34): require_once('C:\\xampp\\htdocs...')
#13 {main}
CRITICAL - 2020-08-01 22:40:50 --> Undefined property: mysqli::$nama
#0 C:\xampp\htdocs\pelaporan\app\Controllers\Admin\Admin.php(21): CodeIgniter\Debug\Exceptions->errorHandler(8, 'Undefined prope...', 'C:\\xampp\\htdocs...', 21, Array)
#1 C:\xampp\htdocs\pelaporan\system\CodeIgniter.php(918): App\Controllers\Admin\Admin->index()
#2 C:\xampp\htdocs\pelaporan\system\CodeIgniter.php(404): CodeIgniter\CodeIgniter->runController(Object(App\Controllers\Admin\Admin))
#3 C:\xampp\htdocs\pelaporan\system\CodeIgniter.php(312): CodeIgniter\CodeIgniter->handleRequest(NULL, Object(Config\Cache), false)
#4 C:\xampp\htdocs\pelaporan\public\index.php(45): CodeIgniter\CodeIgniter->run()
#5 C:\xampp\htdocs\pelaporan\system\Commands\Server\rewrite.php(34): require_once('C:\\xampp\\htdocs...')
#6 {main}
CRITICAL - 2020-08-01 22:41:09 --> Cannot use object of type mysqli as array
#0 C:\xampp\htdocs\pelaporan\system\CodeIgniter.php(918): App\Controllers\Admin\Admin->index()
#1 C:\xampp\htdocs\pelaporan\system\CodeIgniter.php(404): CodeIgniter\CodeIgniter->runController(Object(App\Controllers\Admin\Admin))
#2 C:\xampp\htdocs\pelaporan\system\CodeIgniter.php(312): CodeIgniter\CodeIgniter->handleRequest(NULL, Object(Config\Cache), false)
#3 C:\xampp\htdocs\pelaporan\public\index.php(45): CodeIgniter\CodeIgniter->run()
#4 C:\xampp\htdocs\pelaporan\system\Commands\Server\rewrite.php(34): require_once('C:\\xampp\\htdocs...')
#5 {main}
CRITICAL - 2020-08-01 22:55:21 --> Too few arguments to function CodeIgniter\Database\BaseConnection::table(), 0 passed in C:\xampp\htdocs\pelaporan\app\Controllers\Admin\Admin.php on line 16 and exactly 1 expected
#0 C:\xampp\htdocs\pelaporan\app\Controllers\Admin\Admin.php(16): CodeIgniter\Database\BaseConnection->table()
#1 C:\xampp\htdocs\pelaporan\system\CodeIgniter.php(918): App\Controllers\Admin\Admin->index()
#2 C:\xampp\htdocs\pelaporan\system\CodeIgniter.php(404): CodeIgniter\CodeIgniter->runController(Object(App\Controllers\Admin\Admin))
#3 C:\xampp\htdocs\pelaporan\system\CodeIgniter.php(312): CodeIgniter\CodeIgniter->handleRequest(NULL, Object(Config\Cache), false)
#4 C:\xampp\htdocs\pelaporan\public\index.php(45): CodeIgniter\CodeIgniter->run()
#5 C:\xampp\htdocs\pelaporan\system\Commands\Server\rewrite.php(34): require_once('C:\\xampp\\htdocs...')
#6 {main}
CRITICAL - 2020-08-01 22:57:58 --> Call to a member function table() on null
#0 C:\xampp\htdocs\pelaporan\system\CodeIgniter.php(918): App\Controllers\Admin\Admin->index()
#1 C:\xampp\htdocs\pelaporan\system\CodeIgniter.php(404): CodeIgniter\CodeIgniter->runController(Object(App\Controllers\Admin\Admin))
#2 C:\xampp\htdocs\pelaporan\system\CodeIgniter.php(312): CodeIgniter\CodeIgniter->handleRequest(NULL, Object(Config\Cache), false)
#3 C:\xampp\htdocs\pelaporan\public\index.php(45): CodeIgniter\CodeIgniter->run()
#4 C:\xampp\htdocs\pelaporan\system\Commands\Server\rewrite.php(34): require_once('C:\\xampp\\htdocs...')
#5 {main}
CRITICAL - 2020-08-01 22:58:21 --> Call to undefined method CodeIgniter\Database\MySQLi\Builder::getArray()
#0 C:\xampp\htdocs\pelaporan\system\CodeIgniter.php(918): App\Controllers\Admin\Admin->index()
#1 C:\xampp\htdocs\pelaporan\system\CodeIgniter.php(404): CodeIgniter\CodeIgniter->runController(Object(App\Controllers\Admin\Admin))
#2 C:\xampp\htdocs\pelaporan\system\CodeIgniter.php(312): CodeIgniter\CodeIgniter->handleRequest(NULL, Object(Config\Cache), false)
#3 C:\xampp\htdocs\pelaporan\public\index.php(45): CodeIgniter\CodeIgniter->run()
#4 C:\xampp\htdocs\pelaporan\system\Commands\Server\rewrite.php(34): require_once('C:\\xampp\\htdocs...')
#5 {main}
CRITICAL - 2020-08-01 22:58:30 --> Call to undefined method CodeIgniter\Database\MySQLi\Builder::resultArray()
#0 C:\xampp\htdocs\pelaporan\system\CodeIgniter.php(918): App\Controllers\Admin\Admin->index()
#1 C:\xampp\htdocs\pelaporan\system\CodeIgniter.php(404): CodeIgniter\CodeIgniter->runController(Object(App\Controllers\Admin\Admin))
#2 C:\xampp\htdocs\pelaporan\system\CodeIgniter.php(312): CodeIgniter\CodeIgniter->handleRequest(NULL, Object(Config\Cache), false)
#3 C:\xampp\htdocs\pelaporan\public\index.php(45): CodeIgniter\CodeIgniter->run()
#4 C:\xampp\htdocs\pelaporan\system\Commands\Server\rewrite.php(34): require_once('C:\\xampp\\htdocs...')
#5 {main}
CRITICAL - 2020-08-01 22:59:16 --> Call to undefined method CodeIgniter\Database\MySQLi\Builder::getRowArray()
#0 C:\xampp\htdocs\pelaporan\system\CodeIgniter.php(918): App\Controllers\Admin\Admin->index()
#1 C:\xampp\htdocs\pelaporan\system\CodeIgniter.php(404): CodeIgniter\CodeIgniter->runController(Object(App\Controllers\Admin\Admin))
#2 C:\xampp\htdocs\pelaporan\system\CodeIgniter.php(312): CodeIgniter\CodeIgniter->handleRequest(NULL, Object(Config\Cache), false)
#3 C:\xampp\htdocs\pelaporan\public\index.php(45): CodeIgniter\CodeIgniter->run()
#4 C:\xampp\htdocs\pelaporan\system\Commands\Server\rewrite.php(34): require_once('C:\\xampp\\htdocs...')
#5 {main}
CRITICAL - 2020-08-01 22:59:17 --> Call to undefined method CodeIgniter\Database\MySQLi\Builder::getRowArray()
#0 C:\xampp\htdocs\pelaporan\system\CodeIgniter.php(918): App\Controllers\Admin\Admin->index()
#1 C:\xampp\htdocs\pelaporan\system\CodeIgniter.php(404): CodeIgniter\CodeIgniter->runController(Object(App\Controllers\Admin\Admin))
#2 C:\xampp\htdocs\pelaporan\system\CodeIgniter.php(312): CodeIgniter\CodeIgniter->handleRequest(NULL, Object(Config\Cache), false)
#3 C:\xampp\htdocs\pelaporan\public\index.php(45): CodeIgniter\CodeIgniter->run()
#4 C:\xampp\htdocs\pelaporan\system\Commands\Server\rewrite.php(34): require_once('C:\\xampp\\htdocs...')
#5 {main}
CRITICAL - 2020-08-01 23:00:09 --> Call to undefined method CodeIgniter\Database\MySQLi\Builder::getRowArray()
#0 C:\xampp\htdocs\pelaporan\system\CodeIgniter.php(918): App\Controllers\Admin\Admin->index()
#1 C:\xampp\htdocs\pelaporan\system\CodeIgniter.php(404): CodeIgniter\CodeIgniter->runController(Object(App\Controllers\Admin\Admin))
#2 C:\xampp\htdocs\pelaporan\system\CodeIgniter.php(312): CodeIgniter\CodeIgniter->handleRequest(NULL, Object(Config\Cache), false)
#3 C:\xampp\htdocs\pelaporan\public\index.php(45): CodeIgniter\CodeIgniter->run()
#4 C:\xampp\htdocs\pelaporan\system\Commands\Server\rewrite.php(34): require_once('C:\\xampp\\htdocs...')
#5 {main}
CRITICAL - 2020-08-01 23:10:46 --> Table 'sk_pelaporan.m' doesn't exist
#0 C:\xampp\htdocs\pelaporan\system\Database\MySQLi\Connection.php(331): mysqli->query('SELECT *\nFROM `...')
#1 C:\xampp\htdocs\pelaporan\system\Database\BaseConnection.php(741): CodeIgniter\Database\MySQLi\Connection->execute('SELECT *\nFROM `...')
#2 C:\xampp\htdocs\pelaporan\system\Database\BaseConnection.php(669): CodeIgniter\Database\BaseConnection->simpleQuery('SELECT *\nFROM `...')
#3 C:\xampp\htdocs\pelaporan\system\Database\BaseBuilder.php(1860): CodeIgniter\Database\BaseConnection->query('SELECT *\nFROM `...', Array, false)
#4 C:\xampp\htdocs\pelaporan\app\Controllers\Admin\Admin.php(16): CodeIgniter\Database\BaseBuilder->get()
#5 C:\xampp\htdocs\pelaporan\system\CodeIgniter.php(918): App\Controllers\Admin\Admin->index()
#6 C:\xampp\htdocs\pelaporan\system\CodeIgniter.php(404): CodeIgniter\CodeIgniter->runController(Object(App\Controllers\Admin\Admin))
#7 C:\xampp\htdocs\pelaporan\system\CodeIgniter.php(312): CodeIgniter\CodeIgniter->handleRequest(NULL, Object(Config\Cache), false)
#8 C:\xampp\htdocs\pelaporan\public\index.php(45): CodeIgniter\CodeIgniter->run()
#9 C:\xampp\htdocs\pelaporan\system\Commands\Server\rewrite.php(34): require_once('C:\\xampp\\htdocs...')
#10 {main}
CRITICAL - 2020-08-01 23:10:54 --> Table 'sk_pelaporan.p' doesn't exist
#0 C:\xampp\htdocs\pelaporan\system\Database\MySQLi\Connection.php(331): mysqli->query('SELECT *\nFROM `...')
#1 C:\xampp\htdocs\pelaporan\system\Database\BaseConnection.php(741): CodeIgniter\Database\MySQLi\Connection->execute('SELECT *\nFROM `...')
#2 C:\xampp\htdocs\pelaporan\system\Database\BaseConnection.php(669): CodeIgniter\Database\BaseConnection->simpleQuery('SELECT *\nFROM `...')
#3 C:\xampp\htdocs\pelaporan\system\Database\BaseBuilder.php(1860): CodeIgniter\Database\BaseConnection->query('SELECT *\nFROM `...', Array, false)
#4 C:\xampp\htdocs\pelaporan\app\Controllers\Admin\Admin.php(16): CodeIgniter\Database\BaseBuilder->get()
#5 C:\xampp\htdocs\pelaporan\system\CodeIgniter.php(918): App\Controllers\Admin\Admin->index()
#6 C:\xampp\htdocs\pelaporan\system\CodeIgniter.php(404): CodeIgniter\CodeIgniter->runController(Object(App\Controllers\Admin\Admin))
#7 C:\xampp\htdocs\pelaporan\system\CodeIgniter.php(312): CodeIgniter\CodeIgniter->handleRequest(NULL, Object(Config\Cache), false)
#8 C:\xampp\htdocs\pelaporan\public\index.php(45): CodeIgniter\CodeIgniter->run()
#9 C:\xampp\htdocs\pelaporan\system\Commands\Server\rewrite.php(34): require_once('C:\\xampp\\htdocs...')
#10 {main}
CRITICAL - 2020-08-01 23:13:16 --> Undefined variable: loop
#0 C:\xampp\htdocs\pelaporan\app\Views\admin\base\home.php(20): CodeIgniter\Debug\Exceptions->errorHandler(8, 'Undefined varia...', 'C:\\xampp\\htdocs...', 20, Array)
#1 C:\xampp\htdocs\pelaporan\system\View\View.php(246): include('C:\\xampp\\htdocs...')
#2 C:\xampp\htdocs\pelaporan\system\Common.php(1119): CodeIgniter\View\View->render('admin/base/home', Array, true)
#3 C:\xampp\htdocs\pelaporan\app\Views\init\__root.php(10): view('admin/base/home')
#4 C:\xampp\htdocs\pelaporan\system\View\View.php(246): include('C:\\xampp\\htdocs...')
#5 C:\xampp\htdocs\pelaporan\system\Common.php(1119): CodeIgniter\View\View->render('init/__root', Array, true)
#6 C:\xampp\htdocs\pelaporan\app\Controllers\Admin\Admin.php(18): view('init/__root', Array)
#7 C:\xampp\htdocs\pelaporan\system\CodeIgniter.php(918): App\Controllers\Admin\Admin->index()
#8 C:\xampp\htdocs\pelaporan\system\CodeIgniter.php(404): CodeIgniter\CodeIgniter->runController(Object(App\Controllers\Admin\Admin))
#9 C:\xampp\htdocs\pelaporan\system\CodeIgniter.php(312): CodeIgniter\CodeIgniter->handleRequest(NULL, Object(Config\Cache), false)
#10 C:\xampp\htdocs\pelaporan\public\index.php(45): CodeIgniter\CodeIgniter->run()
#11 C:\xampp\htdocs\pelaporan\system\Commands\Server\rewrite.php(34): require_once('C:\\xampp\\htdocs...')
#12 {main}
CRITICAL - 2020-08-01 23:15:43 --> Cannot use object of type mysqli as array
#0 C:\xampp\htdocs\pelaporan\system\View\View.php(246): include()
#1 C:\xampp\htdocs\pelaporan\system\Common.php(1119): CodeIgniter\View\View->render('admin/base/home', Array, true)
#2 C:\xampp\htdocs\pelaporan\app\Views\init\__root.php(10): view('admin/base/home')
#3 C:\xampp\htdocs\pelaporan\system\View\View.php(246): include('C:\\xampp\\htdocs...')
#4 C:\xampp\htdocs\pelaporan\system\Common.php(1119): CodeIgniter\View\View->render('init/__root', Array, true)
#5 C:\xampp\htdocs\pelaporan\app\Controllers\Admin\Admin.php(18): view('init/__root', Array)
#6 C:\xampp\htdocs\pelaporan\system\CodeIgniter.php(918): App\Controllers\Admin\Admin->index()
#7 C:\xampp\htdocs\pelaporan\system\CodeIgniter.php(404): CodeIgniter\CodeIgniter->runController(Object(App\Controllers\Admin\Admin))
#8 C:\xampp\htdocs\pelaporan\system\CodeIgniter.php(312): CodeIgniter\CodeIgniter->handleRequest(NULL, Object(Config\Cache), false)
#9 C:\xampp\htdocs\pelaporan\public\index.php(45): CodeIgniter\CodeIgniter->run()
#10 C:\xampp\htdocs\pelaporan\system\Commands\Server\rewrite.php(34): require_once('C:\\xampp\\htdocs...')
#11 {main}
CRITICAL - 2020-08-01 23:21:03 --> Call to undefined method CodeIgniter\Database\MySQLi\Connection::join()
#0 C:\xampp\htdocs\pelaporan\system\CodeIgniter.php(918): App\Controllers\Admin\Admin->index()
#1 C:\xampp\htdocs\pelaporan\system\CodeIgniter.php(404): CodeIgniter\CodeIgniter->runController(Object(App\Controllers\Admin\Admin))
#2 C:\xampp\htdocs\pelaporan\system\CodeIgniter.php(312): CodeIgniter\CodeIgniter->handleRequest(NULL, Object(Config\Cache), false)
#3 C:\xampp\htdocs\pelaporan\public\index.php(45): CodeIgniter\CodeIgniter->run()
#4 C:\xampp\htdocs\pelaporan\system\Commands\Server\rewrite.php(34): require_once('C:\\xampp\\htdocs...')
#5 {main}
CRITICAL - 2020-08-01 23:21:58 --> Call to a member function table() on null
#0 C:\xampp\htdocs\pelaporan\system\CodeIgniter.php(918): App\Controllers\Admin\Admin->index()
#1 C:\xampp\htdocs\pelaporan\system\CodeIgniter.php(404): CodeIgniter\CodeIgniter->runController(Object(App\Controllers\Admin\Admin))
#2 C:\xampp\htdocs\pelaporan\system\CodeIgniter.php(312): CodeIgniter\CodeIgniter->handleRequest(NULL, Object(Config\Cache), false)
#3 C:\xampp\htdocs\pelaporan\public\index.php(45): CodeIgniter\CodeIgniter->run()
#4 C:\xampp\htdocs\pelaporan\system\Commands\Server\rewrite.php(34): require_once('C:\\xampp\\htdocs...')
#5 {main}
CRITICAL - 2020-08-01 23:29:29 --> Call to undefined method CodeIgniter\Database\MySQLi\Connection::get()
#0 C:\xampp\htdocs\pelaporan\system\CodeIgniter.php(918): App\Controllers\Admin\Admin->index()
#1 C:\xampp\htdocs\pelaporan\system\CodeIgniter.php(404): CodeIgniter\CodeIgniter->runController(Object(App\Controllers\Admin\Admin))
#2 C:\xampp\htdocs\pelaporan\system\CodeIgniter.php(312): CodeIgniter\CodeIgniter->handleRequest(NULL, Object(Config\Cache), false)
#3 C:\xampp\htdocs\pelaporan\public\index.php(45): CodeIgniter\CodeIgniter->run()
#4 C:\xampp\htdocs\pelaporan\system\Commands\Server\rewrite.php(34): require_once('C:\\xampp\\htdocs...')
#5 {main}
CRITICAL - 2020-08-01 23:36:55 --> Too few arguments to function App\Controllers\Admin\Admin::preview(), 0 passed in C:\xampp\htdocs\pelaporan\system\CodeIgniter.php on line 918 and exactly 1 expected
#0 C:\xampp\htdocs\pelaporan\system\CodeIgniter.php(918): App\Controllers\Admin\Admin->preview()
#1 C:\xampp\htdocs\pelaporan\system\CodeIgniter.php(404): CodeIgniter\CodeIgniter->runController(Object(App\Controllers\Admin\Admin))
#2 C:\xampp\htdocs\pelaporan\system\CodeIgniter.php(312): CodeIgniter\CodeIgniter->handleRequest(NULL, Object(Config\Cache), false)
#3 C:\xampp\htdocs\pelaporan\public\index.php(45): CodeIgniter\CodeIgniter->run()
#4 C:\xampp\htdocs\pelaporan\system\Commands\Server\rewrite.php(34): require_once('C:\\xampp\\htdocs...')
#5 {main}
CRITICAL - 2020-08-01 23:37:00 --> Too few arguments to function App\Controllers\Admin\Admin::preview(), 0 passed in C:\xampp\htdocs\pelaporan\system\CodeIgniter.php on line 918 and exactly 1 expected
#0 C:\xampp\htdocs\pelaporan\system\CodeIgniter.php(918): App\Controllers\Admin\Admin->preview()
#1 C:\xampp\htdocs\pelaporan\system\CodeIgniter.php(404): CodeIgniter\CodeIgniter->runController(Object(App\Controllers\Admin\Admin))
#2 C:\xampp\htdocs\pelaporan\system\CodeIgniter.php(312): CodeIgniter\CodeIgniter->handleRequest(NULL, Object(Config\Cache), false)
#3 C:\xampp\htdocs\pelaporan\public\index.php(45): CodeIgniter\CodeIgniter->run()
#4 C:\xampp\htdocs\pelaporan\system\Commands\Server\rewrite.php(34): require_once('C:\\xampp\\htdocs...')
#5 {main}
CRITICAL - 2020-08-01 23:37:25 --> Too few arguments to function App\Controllers\Admin\Admin::preview(), 0 passed in C:\xampp\htdocs\pelaporan\system\CodeIgniter.php on line 918 and exactly 1 expected
#0 C:\xampp\htdocs\pelaporan\system\CodeIgniter.php(918): App\Controllers\Admin\Admin->preview()
#1 C:\xampp\htdocs\pelaporan\system\CodeIgniter.php(404): CodeIgniter\CodeIgniter->runController(Object(App\Controllers\Admin\Admin))
#2 C:\xampp\htdocs\pelaporan\system\CodeIgniter.php(312): CodeIgniter\CodeIgniter->handleRequest(NULL, Object(Config\Cache), false)
#3 C:\xampp\htdocs\pelaporan\public\index.php(45): CodeIgniter\CodeIgniter->run()
#4 C:\xampp\htdocs\pelaporan\system\Commands\Server\rewrite.php(34): require_once('C:\\xampp\\htdocs...')
#5 {main}
CRITICAL - 2020-08-01 23:37:37 --> Too few arguments to function App\Controllers\Admin\Admin::preview(), 0 passed in C:\xampp\htdocs\pelaporan\system\CodeIgniter.php on line 918 and exactly 1 expected
#0 C:\xampp\htdocs\pelaporan\system\CodeIgniter.php(918): App\Controllers\Admin\Admin->preview()
#1 C:\xampp\htdocs\pelaporan\system\CodeIgniter.php(404): CodeIgniter\CodeIgniter->runController(Object(App\Controllers\Admin\Admin))
#2 C:\xampp\htdocs\pelaporan\system\CodeIgniter.php(312): CodeIgniter\CodeIgniter->handleRequest(NULL, Object(Config\Cache), false)
#3 C:\xampp\htdocs\pelaporan\public\index.php(45): CodeIgniter\CodeIgniter->run()
#4 C:\xampp\htdocs\pelaporan\system\Commands\Server\rewrite.php(34): require_once('C:\\xampp\\htdocs...')
#5 {main}
CRITICAL - 2020-08-01 23:38:48 --> Too few arguments to function App\Controllers\Admin\Admin::preview(), 0 passed in C:\xampp\htdocs\pelaporan\system\CodeIgniter.php on line 918 and exactly 1 expected
#0 C:\xampp\htdocs\pelaporan\system\CodeIgniter.php(918): App\Controllers\Admin\Admin->preview()
#1 C:\xampp\htdocs\pelaporan\system\CodeIgniter.php(404): CodeIgniter\CodeIgniter->runController(Object(App\Controllers\Admin\Admin))
#2 C:\xampp\htdocs\pelaporan\system\CodeIgniter.php(312): CodeIgniter\CodeIgniter->handleRequest(NULL, Object(Config\Cache), false)
#3 C:\xampp\htdocs\pelaporan\public\index.php(45): CodeIgniter\CodeIgniter->run()
#4 C:\xampp\htdocs\pelaporan\system\Commands\Server\rewrite.php(34): require_once('C:\\xampp\\htdocs...')
#5 {main}
CRITICAL - 2020-08-01 23:39:03 --> Undefined variable: id
#0 C:\xampp\htdocs\pelaporan\app\Controllers\Admin\Admin.php(25): CodeIgniter\Debug\Exceptions->errorHandler(8, 'Undefined varia...', 'C:\\xampp\\htdocs...', 25, Array)
#1 C:\xampp\htdocs\pelaporan\system\CodeIgniter.php(918): App\Controllers\Admin\Admin->preview()
#2 C:\xampp\htdocs\pelaporan\system\CodeIgniter.php(404): CodeIgniter\CodeIgniter->runController(Object(App\Controllers\Admin\Admin))
#3 C:\xampp\htdocs\pelaporan\system\CodeIgniter.php(312): CodeIgniter\CodeIgniter->handleRequest(NULL, Object(Config\Cache), false)
#4 C:\xampp\htdocs\pelaporan\public\index.php(45): CodeIgniter\CodeIgniter->run()
#5 C:\xampp\htdocs\pelaporan\system\Commands\Server\rewrite.php(34): require_once('C:\\xampp\\htdocs...')
#6 {main}
CRITICAL - 2020-08-01 23:39:04 --> Undefined variable: id
#0 C:\xampp\htdocs\pelaporan\app\Controllers\Admin\Admin.php(25): CodeIgniter\Debug\Exceptions->errorHandler(8, 'Undefined varia...', 'C:\\xampp\\htdocs...', 25, Array)
#1 C:\xampp\htdocs\pelaporan\system\CodeIgniter.php(918): App\Controllers\Admin\Admin->preview()
#2 C:\xampp\htdocs\pelaporan\system\CodeIgniter.php(404): CodeIgniter\CodeIgniter->runController(Object(App\Controllers\Admin\Admin))
#3 C:\xampp\htdocs\pelaporan\system\CodeIgniter.php(312): CodeIgniter\CodeIgniter->handleRequest(NULL, Object(Config\Cache), false)
#4 C:\xampp\htdocs\pelaporan\public\index.php(45): CodeIgniter\CodeIgniter->run()
#5 C:\xampp\htdocs\pelaporan\system\Commands\Server\rewrite.php(34): require_once('C:\\xampp\\htdocs...')
#6 {main}
