CRITICAL - 2020-08-05 03:47:16 --> Undefined variable: data
#0 C:\xampp\htdocs\pelaporan\app\Controllers\Admin\Admin.php(255): CodeIgniter\Debug\Exceptions->errorHandler(8, 'Undefined varia...', 'C:\\xampp\\htdocs...', 255, Array)
#1 C:\xampp\htdocs\pelaporan\system\CodeIgniter.php(918): App\Controllers\Admin\Admin->ed_berita()
#2 C:\xampp\htdocs\pelaporan\system\CodeIgniter.php(404): CodeIgniter\CodeIgniter->runController(Object(App\Controllers\Admin\Admin))
#3 C:\xampp\htdocs\pelaporan\system\CodeIgniter.php(312): CodeIgniter\CodeIgniter->handleRequest(NULL, Object(Config\Cache), false)
#4 C:\xampp\htdocs\pelaporan\public\index.php(45): CodeIgniter\CodeIgniter->run()
#5 C:\xampp\htdocs\pelaporan\system\Commands\Server\rewrite.php(34): require_once('C:\\xampp\\htdocs...')
#6 {main}
CRITICAL - 2020-08-05 03:47:42 --> Undefined variable: data
#0 C:\xampp\htdocs\pelaporan\app\Controllers\Admin\Admin.php(255): CodeIgniter\Debug\Exceptions->errorHandler(8, 'Undefined varia...', 'C:\\xampp\\htdocs...', 255, Array)
#1 C:\xampp\htdocs\pelaporan\system\CodeIgniter.php(918): App\Controllers\Admin\Admin->ed_berita()
#2 C:\xampp\htdocs\pelaporan\system\CodeIgniter.php(404): CodeIgniter\CodeIgniter->runController(Object(App\Controllers\Admin\Admin))
#3 C:\xampp\htdocs\pelaporan\system\CodeIgniter.php(312): CodeIgniter\CodeIgniter->handleRequest(NULL, Object(Config\Cache), false)
#4 C:\xampp\htdocs\pelaporan\public\index.php(45): CodeIgniter\CodeIgniter->run()
#5 C:\xampp\htdocs\pelaporan\system\Commands\Server\rewrite.php(34): require_once('C:\\xampp\\htdocs...')
#6 {main}
CRITICAL - 2020-08-05 03:50:06 --> Too few arguments to function Illuminate\Database\Eloquent\Builder::update(), 0 passed in C:\xampp\htdocs\pelaporan\app\Controllers\Admin\Admin.php on line 260 and exactly 1 expected
#0 C:\xampp\htdocs\pelaporan\app\Controllers\Admin\Admin.php(260): Illuminate\Database\Eloquent\Builder->update()
#1 C:\xampp\htdocs\pelaporan\system\CodeIgniter.php(918): App\Controllers\Admin\Admin->ed_berita()
#2 C:\xampp\htdocs\pelaporan\system\CodeIgniter.php(404): CodeIgniter\CodeIgniter->runController(Object(App\Controllers\Admin\Admin))
#3 C:\xampp\htdocs\pelaporan\system\CodeIgniter.php(312): CodeIgniter\CodeIgniter->handleRequest(NULL, Object(Config\Cache), false)
#4 C:\xampp\htdocs\pelaporan\public\index.php(45): CodeIgniter\CodeIgniter->run()
#5 C:\xampp\htdocs\pelaporan\system\Commands\Server\rewrite.php(34): require_once('C:\\xampp\\htdocs...')
#6 {main}
CRITICAL - 2020-08-05 03:50:45 --> Call to a member function save() on int
#0 C:\xampp\htdocs\pelaporan\system\CodeIgniter.php(918): App\Controllers\Admin\Admin->ed_berita()
#1 C:\xampp\htdocs\pelaporan\system\CodeIgniter.php(404): CodeIgniter\CodeIgniter->runController(Object(App\Controllers\Admin\Admin))
#2 C:\xampp\htdocs\pelaporan\system\CodeIgniter.php(312): CodeIgniter\CodeIgniter->handleRequest(NULL, Object(Config\Cache), false)
#3 C:\xampp\htdocs\pelaporan\public\index.php(45): CodeIgniter\CodeIgniter->run()
#4 C:\xampp\htdocs\pelaporan\system\Commands\Server\rewrite.php(34): require_once('C:\\xampp\\htdocs...')
#5 {main}
CRITICAL - 2020-08-05 03:51:17 --> Call to a member function save() on int
#0 C:\xampp\htdocs\pelaporan\system\CodeIgniter.php(918): App\Controllers\Admin\Admin->ed_berita()
#1 C:\xampp\htdocs\pelaporan\system\CodeIgniter.php(404): CodeIgniter\CodeIgniter->runController(Object(App\Controllers\Admin\Admin))
#2 C:\xampp\htdocs\pelaporan\system\CodeIgniter.php(312): CodeIgniter\CodeIgniter->handleRequest(NULL, Object(Config\Cache), false)
#3 C:\xampp\htdocs\pelaporan\public\index.php(45): CodeIgniter\CodeIgniter->run()
#4 C:\xampp\htdocs\pelaporan\system\Commands\Server\rewrite.php(34): require_once('C:\\xampp\\htdocs...')
#5 {main}
CRITICAL - 2020-08-05 04:04:51 --> Invalid argument supplied for foreach()
#0 C:\xampp\htdocs\pelaporan\app\Views\admin\base\preview.php(15): CodeIgniter\Debug\Exceptions->errorHandler(2, 'Invalid argumen...', 'C:\\xampp\\htdocs...', 15, Array)
#1 C:\xampp\htdocs\pelaporan\system\View\View.php(246): include('C:\\xampp\\htdocs...')
#2 C:\xampp\htdocs\pelaporan\system\Common.php(1119): CodeIgniter\View\View->render('admin/base/prev...', Array, true)
#3 C:\xampp\htdocs\pelaporan\app\Views\init\__root.php(10): view('admin/base/prev...')
#4 C:\xampp\htdocs\pelaporan\system\View\View.php(246): include('C:\\xampp\\htdocs...')
#5 C:\xampp\htdocs\pelaporan\system\Common.php(1119): CodeIgniter\View\View->render('init/__root', Array, true)
#6 C:\xampp\htdocs\pelaporan\app\Controllers\Admin\Admin.php(134): view('init/__root', Array)
#7 C:\xampp\htdocs\pelaporan\system\CodeIgniter.php(918): App\Controllers\Admin\Admin->preview('pages', 'charts', 'index.html')
#8 C:\xampp\htdocs\pelaporan\system\CodeIgniter.php(404): CodeIgniter\CodeIgniter->runController(Object(App\Controllers\Admin\Admin))
#9 C:\xampp\htdocs\pelaporan\system\CodeIgniter.php(312): CodeIgniter\CodeIgniter->handleRequest(NULL, Object(Config\Cache), false)
#10 C:\xampp\htdocs\pelaporan\public\index.php(45): CodeIgniter\CodeIgniter->run()
#11 C:\xampp\htdocs\pelaporan\system\Commands\Server\rewrite.php(34): require_once('C:\\xampp\\htdocs...')
#12 {main}
CRITICAL - 2020-08-05 05:02:43 --> Argument 1 passed to CodeIgniter\HTTP\RedirectResponse::to() must be of the type string, null given, called in C:\xampp\htdocs\pelaporan\app\Controllers\Admin\Admin.php on line 284
#0 C:\xampp\htdocs\pelaporan\app\Controllers\Admin\Admin.php(284): CodeIgniter\HTTP\RedirectResponse->to(NULL)
#1 C:\xampp\htdocs\pelaporan\system\CodeIgniter.php(918): App\Controllers\Admin\Admin->print_laporn_pelapor('PQOQH5ACMO')
#2 C:\xampp\htdocs\pelaporan\system\CodeIgniter.php(404): CodeIgniter\CodeIgniter->runController(Object(App\Controllers\Admin\Admin))
#3 C:\xampp\htdocs\pelaporan\system\CodeIgniter.php(312): CodeIgniter\CodeIgniter->handleRequest(NULL, Object(Config\Cache), false)
#4 C:\xampp\htdocs\pelaporan\public\index.php(45): CodeIgniter\CodeIgniter->run()
#5 C:\xampp\htdocs\pelaporan\system\Commands\Server\rewrite.php(34): require_once('C:\\xampp\\htdocs...')
#6 {main}
CRITICAL - 2020-08-05 18:46:44 --> Call to undefined function base_ur()
#0 C:\xampp\htdocs\pelaporan\system\View\View.php(246): include()
#1 C:\xampp\htdocs\pelaporan\system\Common.php(1119): CodeIgniter\View\View->render('Frontend/base/h...', Array, true)
#2 C:\xampp\htdocs\pelaporan\app\Views\init\route.php(10): view('Frontend/base/h...')
#3 C:\xampp\htdocs\pelaporan\system\View\View.php(246): include('C:\\xampp\\htdocs...')
#4 C:\xampp\htdocs\pelaporan\system\Common.php(1119): CodeIgniter\View\View->render('init/route', Array, true)
#5 C:\xampp\htdocs\pelaporan\app\Controllers\Home.php(13): view('init/route', Array)
#6 C:\xampp\htdocs\pelaporan\system\CodeIgniter.php(918): App\Controllers\Home->index()
#7 C:\xampp\htdocs\pelaporan\system\CodeIgniter.php(404): CodeIgniter\CodeIgniter->runController(Object(App\Controllers\Home))
#8 C:\xampp\htdocs\pelaporan\system\CodeIgniter.php(312): CodeIgniter\CodeIgniter->handleRequest(NULL, Object(Config\Cache), false)
#9 C:\xampp\htdocs\pelaporan\public\index.php(45): CodeIgniter\CodeIgniter->run()
#10 C:\xampp\htdocs\pelaporan\system\Commands\Server\rewrite.php(34): require_once('C:\\xampp\\htdocs...')
#11 {main}
CRITICAL - 2020-08-05 18:47:16 --> Call to undefined function base_ur()
#0 C:\xampp\htdocs\pelaporan\system\View\View.php(246): include()
#1 C:\xampp\htdocs\pelaporan\system\Common.php(1119): CodeIgniter\View\View->render('Frontend/base/h...', Array, true)
#2 C:\xampp\htdocs\pelaporan\app\Views\init\route.php(10): view('Frontend/base/h...')
#3 C:\xampp\htdocs\pelaporan\system\View\View.php(246): include('C:\\xampp\\htdocs...')
#4 C:\xampp\htdocs\pelaporan\system\Common.php(1119): CodeIgniter\View\View->render('init/route', Array, true)
#5 C:\xampp\htdocs\pelaporan\app\Controllers\Home.php(13): view('init/route', Array)
#6 C:\xampp\htdocs\pelaporan\system\CodeIgniter.php(918): App\Controllers\Home->index()
#7 C:\xampp\htdocs\pelaporan\system\CodeIgniter.php(404): CodeIgniter\CodeIgniter->runController(Object(App\Controllers\Home))
#8 C:\xampp\htdocs\pelaporan\system\CodeIgniter.php(312): CodeIgniter\CodeIgniter->handleRequest(NULL, Object(Config\Cache), false)
#9 C:\xampp\htdocs\pelaporan\public\index.php(45): CodeIgniter\CodeIgniter->run()
#10 C:\xampp\htdocs\pelaporan\system\Commands\Server\rewrite.php(34): require_once('C:\\xampp\\htdocs...')
#11 {main}
CRITICAL - 2020-08-05 18:55:13 --> syntax error, unexpected ''all'' (T_CONSTANT_ENCAPSED_STRING), expecting ']'
#0 C:\xampp\htdocs\pelaporan\system\Autoloader\Autoloader.php(296): CodeIgniter\Autoloader\Autoloader->requireFile('C:\\xampp\\htdocs...')
#1 C:\xampp\htdocs\pelaporan\system\Autoloader\Autoloader.php(258): CodeIgniter\Autoloader\Autoloader->loadInNamespace('App\\Controllers...')
#2 [internal function]: CodeIgniter\Autoloader\Autoloader->loadClass('App\\Controllers...')
#3 [internal function]: spl_autoload_call('App\\Controllers...')
#4 C:\xampp\htdocs\pelaporan\system\CodeIgniter.php(869): class_exists('\\App\\Controller...', true)
#5 C:\xampp\htdocs\pelaporan\system\CodeIgniter.php(394): CodeIgniter\CodeIgniter->startController()
#6 C:\xampp\htdocs\pelaporan\system\CodeIgniter.php(312): CodeIgniter\CodeIgniter->handleRequest(NULL, Object(Config\Cache), false)
#7 C:\xampp\htdocs\pelaporan\public\index.php(45): CodeIgniter\CodeIgniter->run()
#8 C:\xampp\htdocs\pelaporan\system\Commands\Server\rewrite.php(34): require_once('C:\\xampp\\htdocs...')
#9 {main}
CRITICAL - 2020-08-05 18:55:51 --> syntax error, unexpected ''all'' (T_CONSTANT_ENCAPSED_STRING), expecting ']'
#0 C:\xampp\htdocs\pelaporan\system\Autoloader\Autoloader.php(296): CodeIgniter\Autoloader\Autoloader->requireFile('C:\\xampp\\htdocs...')
#1 C:\xampp\htdocs\pelaporan\system\Autoloader\Autoloader.php(258): CodeIgniter\Autoloader\Autoloader->loadInNamespace('App\\Controllers...')
#2 [internal function]: CodeIgniter\Autoloader\Autoloader->loadClass('App\\Controllers...')
#3 [internal function]: spl_autoload_call('App\\Controllers...')
#4 C:\xampp\htdocs\pelaporan\system\CodeIgniter.php(869): class_exists('\\App\\Controller...', true)
#5 C:\xampp\htdocs\pelaporan\system\CodeIgniter.php(394): CodeIgniter\CodeIgniter->startController()
#6 C:\xampp\htdocs\pelaporan\system\CodeIgniter.php(312): CodeIgniter\CodeIgniter->handleRequest(NULL, Object(Config\Cache), false)
#7 C:\xampp\htdocs\pelaporan\public\index.php(45): CodeIgniter\CodeIgniter->run()
#8 C:\xampp\htdocs\pelaporan\system\Commands\Server\rewrite.php(34): require_once('C:\\xampp\\htdocs...')
#9 {main}
CRITICAL - 2020-08-05 19:14:13 --> Undefined variable: all
#0 C:\xampp\htdocs\pelaporan\app\Views\Frontend\base\berita.php(6): CodeIgniter\Debug\Exceptions->errorHandler(8, 'Undefined varia...', 'C:\\xampp\\htdocs...', 6, Array)
#1 C:\xampp\htdocs\pelaporan\system\View\View.php(246): include('C:\\xampp\\htdocs...')
#2 C:\xampp\htdocs\pelaporan\system\Common.php(1119): CodeIgniter\View\View->render('Frontend/base/b...', Array, true)
#3 C:\xampp\htdocs\pelaporan\app\Views\init\route.php(10): view('Frontend/base/b...')
#4 C:\xampp\htdocs\pelaporan\system\View\View.php(246): include('C:\\xampp\\htdocs...')
#5 C:\xampp\htdocs\pelaporan\system\Common.php(1119): CodeIgniter\View\View->render('init/route', Array, true)
#6 C:\xampp\htdocs\pelaporan\app\Controllers\User_controller.php(156): view('init/route', Array)
#7 C:\xampp\htdocs\pelaporan\system\CodeIgniter.php(918): App\Controllers\User_controller->view_berita('4')
#8 C:\xampp\htdocs\pelaporan\system\CodeIgniter.php(404): CodeIgniter\CodeIgniter->runController(Object(App\Controllers\User_controller))
#9 C:\xampp\htdocs\pelaporan\system\CodeIgniter.php(312): CodeIgniter\CodeIgniter->handleRequest(NULL, Object(Config\Cache), false)
#10 C:\xampp\htdocs\pelaporan\public\index.php(45): CodeIgniter\CodeIgniter->run()
#11 C:\xampp\htdocs\pelaporan\system\Commands\Server\rewrite.php(34): require_once('C:\\xampp\\htdocs...')
#12 {main}
CRITICAL - 2020-08-05 19:14:14 --> Undefined variable: all
#0 C:\xampp\htdocs\pelaporan\app\Views\Frontend\base\berita.php(6): CodeIgniter\Debug\Exceptions->errorHandler(8, 'Undefined varia...', 'C:\\xampp\\htdocs...', 6, Array)
#1 C:\xampp\htdocs\pelaporan\system\View\View.php(246): include('C:\\xampp\\htdocs...')
#2 C:\xampp\htdocs\pelaporan\system\Common.php(1119): CodeIgniter\View\View->render('Frontend/base/b...', Array, true)
#3 C:\xampp\htdocs\pelaporan\app\Views\init\route.php(10): view('Frontend/base/b...')
#4 C:\xampp\htdocs\pelaporan\system\View\View.php(246): include('C:\\xampp\\htdocs...')
#5 C:\xampp\htdocs\pelaporan\system\Common.php(1119): CodeIgniter\View\View->render('init/route', Array, true)
#6 C:\xampp\htdocs\pelaporan\app\Controllers\User_controller.php(156): view('init/route', Array)
#7 C:\xampp\htdocs\pelaporan\system\CodeIgniter.php(918): App\Controllers\User_controller->view_berita('img', 'favicon.png')
#8 C:\xampp\htdocs\pelaporan\system\CodeIgniter.php(404): CodeIgniter\CodeIgniter->runController(Object(App\Controllers\User_controller))
#9 C:\xampp\htdocs\pelaporan\system\CodeIgniter.php(312): CodeIgniter\CodeIgniter->handleRequest(NULL, Object(Config\Cache), false)
#10 C:\xampp\htdocs\pelaporan\public\index.php(45): CodeIgniter\CodeIgniter->run()
#11 C:\xampp\htdocs\pelaporan\system\Commands\Server\rewrite.php(34): require_once('C:\\xampp\\htdocs...')
#12 {main}
CRITICAL - 2020-08-05 19:16:58 --> Trying to get property 'title' of non-object
#0 C:\xampp\htdocs\pelaporan\app\Views\Frontend\base\v_berita.php(5): CodeIgniter\Debug\Exceptions->errorHandler(8, 'Trying to get p...', 'C:\\xampp\\htdocs...', 5, Array)
#1 C:\xampp\htdocs\pelaporan\system\View\View.php(246): include('C:\\xampp\\htdocs...')
#2 C:\xampp\htdocs\pelaporan\system\Common.php(1119): CodeIgniter\View\View->render('Frontend/base/v...', Array, true)
#3 C:\xampp\htdocs\pelaporan\app\Views\init\route.php(10): view('Frontend/base/v...')
#4 C:\xampp\htdocs\pelaporan\system\View\View.php(246): include('C:\\xampp\\htdocs...')
#5 C:\xampp\htdocs\pelaporan\system\Common.php(1119): CodeIgniter\View\View->render('init/route', Array, true)
#6 C:\xampp\htdocs\pelaporan\app\Controllers\User_controller.php(156): view('init/route', Array)
#7 C:\xampp\htdocs\pelaporan\system\CodeIgniter.php(918): App\Controllers\User_controller->view_berita('img', 'logo.png')
#8 C:\xampp\htdocs\pelaporan\system\CodeIgniter.php(404): CodeIgniter\CodeIgniter->runController(Object(App\Controllers\User_controller))
#9 C:\xampp\htdocs\pelaporan\system\CodeIgniter.php(312): CodeIgniter\CodeIgniter->handleRequest(NULL, Object(Config\Cache), false)
#10 C:\xampp\htdocs\pelaporan\public\index.php(45): CodeIgniter\CodeIgniter->run()
#11 C:\xampp\htdocs\pelaporan\system\Commands\Server\rewrite.php(34): require_once('C:\\xampp\\htdocs...')
#12 {main}
CRITICAL - 2020-08-05 19:16:59 --> Trying to get property 'title' of non-object
#0 C:\xampp\htdocs\pelaporan\app\Views\Frontend\base\v_berita.php(5): CodeIgniter\Debug\Exceptions->errorHandler(8, 'Trying to get p...', 'C:\\xampp\\htdocs...', 5, Array)
#1 C:\xampp\htdocs\pelaporan\system\View\View.php(246): include('C:\\xampp\\htdocs...')
#2 C:\xampp\htdocs\pelaporan\system\Common.php(1119): CodeIgniter\View\View->render('Frontend/base/v...', Array, true)
#3 C:\xampp\htdocs\pelaporan\app\Views\init\route.php(10): view('Frontend/base/v...')
#4 C:\xampp\htdocs\pelaporan\system\View\View.php(246): include('C:\\xampp\\htdocs...')
#5 C:\xampp\htdocs\pelaporan\system\Common.php(1119): CodeIgniter\View\View->render('init/route', Array, true)
#6 C:\xampp\htdocs\pelaporan\app\Controllers\User_controller.php(156): view('init/route', Array)
#7 C:\xampp\htdocs\pelaporan\system\CodeIgniter.php(918): App\Controllers\User_controller->view_berita('img', 'favicon.png')
#8 C:\xampp\htdocs\pelaporan\system\CodeIgniter.php(404): CodeIgniter\CodeIgniter->runController(Object(App\Controllers\User_controller))
#9 C:\xampp\htdocs\pelaporan\system\CodeIgniter.php(312): CodeIgniter\CodeIgniter->handleRequest(NULL, Object(Config\Cache), false)
#10 C:\xampp\htdocs\pelaporan\public\index.php(45): CodeIgniter\CodeIgniter->run()
#11 C:\xampp\htdocs\pelaporan\system\Commands\Server\rewrite.php(34): require_once('C:\\xampp\\htdocs...')
#12 {main}
CRITICAL - 2020-08-05 19:17:21 --> Trying to get property 'title' of non-object
#0 C:\xampp\htdocs\pelaporan\app\Views\Frontend\base\v_berita.php(7): CodeIgniter\Debug\Exceptions->errorHandler(8, 'Trying to get p...', 'C:\\xampp\\htdocs...', 7, Array)
#1 C:\xampp\htdocs\pelaporan\system\View\View.php(246): include('C:\\xampp\\htdocs...')
#2 C:\xampp\htdocs\pelaporan\system\Common.php(1119): CodeIgniter\View\View->render('Frontend/base/v...', Array, true)
#3 C:\xampp\htdocs\pelaporan\app\Views\init\route.php(10): view('Frontend/base/v...')
#4 C:\xampp\htdocs\pelaporan\system\View\View.php(246): include('C:\\xampp\\htdocs...')
#5 C:\xampp\htdocs\pelaporan\system\Common.php(1119): CodeIgniter\View\View->render('init/route', Array, true)
#6 C:\xampp\htdocs\pelaporan\app\Controllers\User_controller.php(156): view('init/route', Array)
#7 C:\xampp\htdocs\pelaporan\system\CodeIgniter.php(918): App\Controllers\User_controller->view_berita('img', 'logo.png')
#8 C:\xampp\htdocs\pelaporan\system\CodeIgniter.php(404): CodeIgniter\CodeIgniter->runController(Object(App\Controllers\User_controller))
#9 C:\xampp\htdocs\pelaporan\system\CodeIgniter.php(312): CodeIgniter\CodeIgniter->handleRequest(NULL, Object(Config\Cache), false)
#10 C:\xampp\htdocs\pelaporan\public\index.php(45): CodeIgniter\CodeIgniter->run()
#11 C:\xampp\htdocs\pelaporan\system\Commands\Server\rewrite.php(34): require_once('C:\\xampp\\htdocs...')
#12 {main}
CRITICAL - 2020-08-05 19:17:22 --> Trying to get property 'title' of non-object
#0 C:\xampp\htdocs\pelaporan\app\Views\Frontend\base\v_berita.php(7): CodeIgniter\Debug\Exceptions->errorHandler(8, 'Trying to get p...', 'C:\\xampp\\htdocs...', 7, Array)
#1 C:\xampp\htdocs\pelaporan\system\View\View.php(246): include('C:\\xampp\\htdocs...')
#2 C:\xampp\htdocs\pelaporan\system\Common.php(1119): CodeIgniter\View\View->render('Frontend/base/v...', Array, true)
#3 C:\xampp\htdocs\pelaporan\app\Views\init\route.php(10): view('Frontend/base/v...')
#4 C:\xampp\htdocs\pelaporan\system\View\View.php(246): include('C:\\xampp\\htdocs...')
#5 C:\xampp\htdocs\pelaporan\system\Common.php(1119): CodeIgniter\View\View->render('init/route', Array, true)
#6 C:\xampp\htdocs\pelaporan\app\Controllers\User_controller.php(156): view('init/route', Array)
#7 C:\xampp\htdocs\pelaporan\system\CodeIgniter.php(918): App\Controllers\User_controller->view_berita('img', 'favicon.png')
#8 C:\xampp\htdocs\pelaporan\system\CodeIgniter.php(404): CodeIgniter\CodeIgniter->runController(Object(App\Controllers\User_controller))
#9 C:\xampp\htdocs\pelaporan\system\CodeIgniter.php(312): CodeIgniter\CodeIgniter->handleRequest(NULL, Object(Config\Cache), false)
#10 C:\xampp\htdocs\pelaporan\public\index.php(45): CodeIgniter\CodeIgniter->run()
#11 C:\xampp\htdocs\pelaporan\system\Commands\Server\rewrite.php(34): require_once('C:\\xampp\\htdocs...')
#12 {main}
CRITICAL - 2020-08-05 19:17:42 --> Trying to get property 'title' of non-object
#0 C:\xampp\htdocs\pelaporan\app\Views\Frontend\base\v_berita.php(7): CodeIgniter\Debug\Exceptions->errorHandler(8, 'Trying to get p...', 'C:\\xampp\\htdocs...', 7, Array)
#1 C:\xampp\htdocs\pelaporan\system\View\View.php(246): include('C:\\xampp\\htdocs...')
#2 C:\xampp\htdocs\pelaporan\system\Common.php(1119): CodeIgniter\View\View->render('Frontend/base/v...', Array, true)
#3 C:\xampp\htdocs\pelaporan\app\Views\init\route.php(10): view('Frontend/base/v...')
#4 C:\xampp\htdocs\pelaporan\system\View\View.php(246): include('C:\\xampp\\htdocs...')
#5 C:\xampp\htdocs\pelaporan\system\Common.php(1119): CodeIgniter\View\View->render('init/route', Array, true)
#6 C:\xampp\htdocs\pelaporan\app\Controllers\User_controller.php(156): view('init/route', Array)
#7 C:\xampp\htdocs\pelaporan\system\CodeIgniter.php(918): App\Controllers\User_controller->view_berita('img', 'logo.png')
#8 C:\xampp\htdocs\pelaporan\system\CodeIgniter.php(404): CodeIgniter\CodeIgniter->runController(Object(App\Controllers\User_controller))
#9 C:\xampp\htdocs\pelaporan\system\CodeIgniter.php(312): CodeIgniter\CodeIgniter->handleRequest(NULL, Object(Config\Cache), false)
#10 C:\xampp\htdocs\pelaporan\public\index.php(45): CodeIgniter\CodeIgniter->run()
#11 C:\xampp\htdocs\pelaporan\system\Commands\Server\rewrite.php(34): require_once('C:\\xampp\\htdocs...')
#12 {main}
CRITICAL - 2020-08-05 19:17:43 --> Trying to get property 'title' of non-object
#0 C:\xampp\htdocs\pelaporan\app\Views\Frontend\base\v_berita.php(7): CodeIgniter\Debug\Exceptions->errorHandler(8, 'Trying to get p...', 'C:\\xampp\\htdocs...', 7, Array)
#1 C:\xampp\htdocs\pelaporan\system\View\View.php(246): include('C:\\xampp\\htdocs...')
#2 C:\xampp\htdocs\pelaporan\system\Common.php(1119): CodeIgniter\View\View->render('Frontend/base/v...', Array, true)
#3 C:\xampp\htdocs\pelaporan\app\Views\init\route.php(10): view('Frontend/base/v...')
#4 C:\xampp\htdocs\pelaporan\system\View\View.php(246): include('C:\\xampp\\htdocs...')
#5 C:\xampp\htdocs\pelaporan\system\Common.php(1119): CodeIgniter\View\View->render('init/route', Array, true)
#6 C:\xampp\htdocs\pelaporan\app\Controllers\User_controller.php(156): view('init/route', Array)
#7 C:\xampp\htdocs\pelaporan\system\CodeIgniter.php(918): App\Controllers\User_controller->view_berita('img', 'favicon.png')
#8 C:\xampp\htdocs\pelaporan\system\CodeIgniter.php(404): CodeIgniter\CodeIgniter->runController(Object(App\Controllers\User_controller))
#9 C:\xampp\htdocs\pelaporan\system\CodeIgniter.php(312): CodeIgniter\CodeIgniter->handleRequest(NULL, Object(Config\Cache), false)
#10 C:\xampp\htdocs\pelaporan\public\index.php(45): CodeIgniter\CodeIgniter->run()
#11 C:\xampp\htdocs\pelaporan\system\Commands\Server\rewrite.php(34): require_once('C:\\xampp\\htdocs...')
#12 {main}
CRITICAL - 2020-08-05 19:17:57 --> Trying to get property 'title' of non-object
#0 C:\xampp\htdocs\pelaporan\app\Views\Frontend\base\v_berita.php(7): CodeIgniter\Debug\Exceptions->errorHandler(8, 'Trying to get p...', 'C:\\xampp\\htdocs...', 7, Array)
#1 C:\xampp\htdocs\pelaporan\system\View\View.php(246): include('C:\\xampp\\htdocs...')
#2 C:\xampp\htdocs\pelaporan\system\Common.php(1119): CodeIgniter\View\View->render('Frontend/base/v...', Array, true)
#3 C:\xampp\htdocs\pelaporan\app\Views\init\route.php(10): view('Frontend/base/v...')
#4 C:\xampp\htdocs\pelaporan\system\View\View.php(246): include('C:\\xampp\\htdocs...')
#5 C:\xampp\htdocs\pelaporan\system\Common.php(1119): CodeIgniter\View\View->render('init/route', Array, true)
#6 C:\xampp\htdocs\pelaporan\app\Controllers\User_controller.php(156): view('init/route', Array)
#7 C:\xampp\htdocs\pelaporan\system\CodeIgniter.php(918): App\Controllers\User_controller->view_berita('img', 'logo.png')
#8 C:\xampp\htdocs\pelaporan\system\CodeIgniter.php(404): CodeIgniter\CodeIgniter->runController(Object(App\Controllers\User_controller))
#9 C:\xampp\htdocs\pelaporan\system\CodeIgniter.php(312): CodeIgniter\CodeIgniter->handleRequest(NULL, Object(Config\Cache), false)
#10 C:\xampp\htdocs\pelaporan\public\index.php(45): CodeIgniter\CodeIgniter->run()
#11 C:\xampp\htdocs\pelaporan\system\Commands\Server\rewrite.php(34): require_once('C:\\xampp\\htdocs...')
#12 {main}
CRITICAL - 2020-08-05 19:17:58 --> Trying to get property 'title' of non-object
#0 C:\xampp\htdocs\pelaporan\app\Views\Frontend\base\v_berita.php(7): CodeIgniter\Debug\Exceptions->errorHandler(8, 'Trying to get p...', 'C:\\xampp\\htdocs...', 7, Array)
#1 C:\xampp\htdocs\pelaporan\system\View\View.php(246): include('C:\\xampp\\htdocs...')
#2 C:\xampp\htdocs\pelaporan\system\Common.php(1119): CodeIgniter\View\View->render('Frontend/base/v...', Array, true)
#3 C:\xampp\htdocs\pelaporan\app\Views\init\route.php(10): view('Frontend/base/v...')
#4 C:\xampp\htdocs\pelaporan\system\View\View.php(246): include('C:\\xampp\\htdocs...')
#5 C:\xampp\htdocs\pelaporan\system\Common.php(1119): CodeIgniter\View\View->render('init/route', Array, true)
#6 C:\xampp\htdocs\pelaporan\app\Controllers\User_controller.php(156): view('init/route', Array)
#7 C:\xampp\htdocs\pelaporan\system\CodeIgniter.php(918): App\Controllers\User_controller->view_berita('img', 'favicon.png')
#8 C:\xampp\htdocs\pelaporan\system\CodeIgniter.php(404): CodeIgniter\CodeIgniter->runController(Object(App\Controllers\User_controller))
#9 C:\xampp\htdocs\pelaporan\system\CodeIgniter.php(312): CodeIgniter\CodeIgniter->handleRequest(NULL, Object(Config\Cache), false)
#10 C:\xampp\htdocs\pelaporan\public\index.php(45): CodeIgniter\CodeIgniter->run()
#11 C:\xampp\htdocs\pelaporan\system\Commands\Server\rewrite.php(34): require_once('C:\\xampp\\htdocs...')
#12 {main}
CRITICAL - 2020-08-05 19:18:23 --> Trying to get property 'title' of non-object
#0 C:\xampp\htdocs\pelaporan\app\Views\Frontend\base\v_berita.php(7): CodeIgniter\Debug\Exceptions->errorHandler(8, 'Trying to get p...', 'C:\\xampp\\htdocs...', 7, Array)
#1 C:\xampp\htdocs\pelaporan\system\View\View.php(246): include('C:\\xampp\\htdocs...')
#2 C:\xampp\htdocs\pelaporan\system\Common.php(1119): CodeIgniter\View\View->render('Frontend/base/v...', Array, true)
#3 C:\xampp\htdocs\pelaporan\app\Views\init\route.php(10): view('Frontend/base/v...')
#4 C:\xampp\htdocs\pelaporan\system\View\View.php(246): include('C:\\xampp\\htdocs...')
#5 C:\xampp\htdocs\pelaporan\system\Common.php(1119): CodeIgniter\View\View->render('init/route', Array, true)
#6 C:\xampp\htdocs\pelaporan\app\Controllers\User_controller.php(156): view('init/route', Array)
#7 C:\xampp\htdocs\pelaporan\system\CodeIgniter.php(918): App\Controllers\User_controller->view_berita('img', 'logo.png')
#8 C:\xampp\htdocs\pelaporan\system\CodeIgniter.php(404): CodeIgniter\CodeIgniter->runController(Object(App\Controllers\User_controller))
#9 C:\xampp\htdocs\pelaporan\system\CodeIgniter.php(312): CodeIgniter\CodeIgniter->handleRequest(NULL, Object(Config\Cache), false)
#10 C:\xampp\htdocs\pelaporan\public\index.php(45): CodeIgniter\CodeIgniter->run()
#11 C:\xampp\htdocs\pelaporan\system\Commands\Server\rewrite.php(34): require_once('C:\\xampp\\htdocs...')
#12 {main}
CRITICAL - 2020-08-05 19:18:24 --> Trying to get property 'title' of non-object
#0 C:\xampp\htdocs\pelaporan\app\Views\Frontend\base\v_berita.php(7): CodeIgniter\Debug\Exceptions->errorHandler(8, 'Trying to get p...', 'C:\\xampp\\htdocs...', 7, Array)
#1 C:\xampp\htdocs\pelaporan\system\View\View.php(246): include('C:\\xampp\\htdocs...')
#2 C:\xampp\htdocs\pelaporan\system\Common.php(1119): CodeIgniter\View\View->render('Frontend/base/v...', Array, true)
#3 C:\xampp\htdocs\pelaporan\app\Views\init\route.php(10): view('Frontend/base/v...')
#4 C:\xampp\htdocs\pelaporan\system\View\View.php(246): include('C:\\xampp\\htdocs...')
#5 C:\xampp\htdocs\pelaporan\system\Common.php(1119): CodeIgniter\View\View->render('init/route', Array, true)
#6 C:\xampp\htdocs\pelaporan\app\Controllers\User_controller.php(156): view('init/route', Array)
#7 C:\xampp\htdocs\pelaporan\system\CodeIgniter.php(918): App\Controllers\User_controller->view_berita('img', 'favicon.png')
#8 C:\xampp\htdocs\pelaporan\system\CodeIgniter.php(404): CodeIgniter\CodeIgniter->runController(Object(App\Controllers\User_controller))
#9 C:\xampp\htdocs\pelaporan\system\CodeIgniter.php(312): CodeIgniter\CodeIgniter->handleRequest(NULL, Object(Config\Cache), false)
#10 C:\xampp\htdocs\pelaporan\public\index.php(45): CodeIgniter\CodeIgniter->run()
#11 C:\xampp\htdocs\pelaporan\system\Commands\Server\rewrite.php(34): require_once('C:\\xampp\\htdocs...')
#12 {main}
CRITICAL - 2020-08-05 19:18:39 --> Trying to get property 'title' of non-object
#0 C:\xampp\htdocs\pelaporan\app\Views\Frontend\base\v_berita.php(7): CodeIgniter\Debug\Exceptions->errorHandler(8, 'Trying to get p...', 'C:\\xampp\\htdocs...', 7, Array)
#1 C:\xampp\htdocs\pelaporan\system\View\View.php(246): include('C:\\xampp\\htdocs...')
#2 C:\xampp\htdocs\pelaporan\system\Common.php(1119): CodeIgniter\View\View->render('Frontend/base/v...', Array, true)
#3 C:\xampp\htdocs\pelaporan\app\Views\init\route.php(10): view('Frontend/base/v...')
#4 C:\xampp\htdocs\pelaporan\system\View\View.php(246): include('C:\\xampp\\htdocs...')
#5 C:\xampp\htdocs\pelaporan\system\Common.php(1119): CodeIgniter\View\View->render('init/route', Array, true)
#6 C:\xampp\htdocs\pelaporan\app\Controllers\User_controller.php(156): view('init/route', Array)
#7 C:\xampp\htdocs\pelaporan\system\CodeIgniter.php(918): App\Controllers\User_controller->view_berita('img', 'logo.png')
#8 C:\xampp\htdocs\pelaporan\system\CodeIgniter.php(404): CodeIgniter\CodeIgniter->runController(Object(App\Controllers\User_controller))
#9 C:\xampp\htdocs\pelaporan\system\CodeIgniter.php(312): CodeIgniter\CodeIgniter->handleRequest(NULL, Object(Config\Cache), false)
#10 C:\xampp\htdocs\pelaporan\public\index.php(45): CodeIgniter\CodeIgniter->run()
#11 C:\xampp\htdocs\pelaporan\system\Commands\Server\rewrite.php(34): require_once('C:\\xampp\\htdocs...')
#12 {main}
CRITICAL - 2020-08-05 19:18:40 --> Trying to get property 'title' of non-object
#0 C:\xampp\htdocs\pelaporan\app\Views\Frontend\base\v_berita.php(7): CodeIgniter\Debug\Exceptions->errorHandler(8, 'Trying to get p...', 'C:\\xampp\\htdocs...', 7, Array)
#1 C:\xampp\htdocs\pelaporan\system\View\View.php(246): include('C:\\xampp\\htdocs...')
#2 C:\xampp\htdocs\pelaporan\system\Common.php(1119): CodeIgniter\View\View->render('Frontend/base/v...', Array, true)
#3 C:\xampp\htdocs\pelaporan\app\Views\init\route.php(10): view('Frontend/base/v...')
#4 C:\xampp\htdocs\pelaporan\system\View\View.php(246): include('C:\\xampp\\htdocs...')
#5 C:\xampp\htdocs\pelaporan\system\Common.php(1119): CodeIgniter\View\View->render('init/route', Array, true)
#6 C:\xampp\htdocs\pelaporan\app\Controllers\User_controller.php(156): view('init/route', Array)
#7 C:\xampp\htdocs\pelaporan\system\CodeIgniter.php(918): App\Controllers\User_controller->view_berita('img', 'favicon.png')
#8 C:\xampp\htdocs\pelaporan\system\CodeIgniter.php(404): CodeIgniter\CodeIgniter->runController(Object(App\Controllers\User_controller))
#9 C:\xampp\htdocs\pelaporan\system\CodeIgniter.php(312): CodeIgniter\CodeIgniter->handleRequest(NULL, Object(Config\Cache), false)
#10 C:\xampp\htdocs\pelaporan\public\index.php(45): CodeIgniter\CodeIgniter->run()
#11 C:\xampp\htdocs\pelaporan\system\Commands\Server\rewrite.php(34): require_once('C:\\xampp\\htdocs...')
#12 {main}
CRITICAL - 2020-08-05 19:18:49 --> Trying to get property 'title' of non-object
#0 C:\xampp\htdocs\pelaporan\app\Views\Frontend\base\v_berita.php(7): CodeIgniter\Debug\Exceptions->errorHandler(8, 'Trying to get p...', 'C:\\xampp\\htdocs...', 7, Array)
#1 C:\xampp\htdocs\pelaporan\system\View\View.php(246): include('C:\\xampp\\htdocs...')
#2 C:\xampp\htdocs\pelaporan\system\Common.php(1119): CodeIgniter\View\View->render('Frontend/base/v...', Array, true)
#3 C:\xampp\htdocs\pelaporan\app\Views\init\route.php(10): view('Frontend/base/v...')
#4 C:\xampp\htdocs\pelaporan\system\View\View.php(246): include('C:\\xampp\\htdocs...')
#5 C:\xampp\htdocs\pelaporan\system\Common.php(1119): CodeIgniter\View\View->render('init/route', Array, true)
#6 C:\xampp\htdocs\pelaporan\app\Controllers\User_controller.php(156): view('init/route', Array)
#7 C:\xampp\htdocs\pelaporan\system\CodeIgniter.php(918): App\Controllers\User_controller->view_berita('img', 'logo.png')
#8 C:\xampp\htdocs\pelaporan\system\CodeIgniter.php(404): CodeIgniter\CodeIgniter->runController(Object(App\Controllers\User_controller))
#9 C:\xampp\htdocs\pelaporan\system\CodeIgniter.php(312): CodeIgniter\CodeIgniter->handleRequest(NULL, Object(Config\Cache), false)
#10 C:\xampp\htdocs\pelaporan\public\index.php(45): CodeIgniter\CodeIgniter->run()
#11 C:\xampp\htdocs\pelaporan\system\Commands\Server\rewrite.php(34): require_once('C:\\xampp\\htdocs...')
#12 {main}
CRITICAL - 2020-08-05 19:18:49 --> Trying to get property 'title' of non-object
#0 C:\xampp\htdocs\pelaporan\app\Views\Frontend\base\v_berita.php(7): CodeIgniter\Debug\Exceptions->errorHandler(8, 'Trying to get p...', 'C:\\xampp\\htdocs...', 7, Array)
#1 C:\xampp\htdocs\pelaporan\system\View\View.php(246): include('C:\\xampp\\htdocs...')
#2 C:\xampp\htdocs\pelaporan\system\Common.php(1119): CodeIgniter\View\View->render('Frontend/base/v...', Array, true)
#3 C:\xampp\htdocs\pelaporan\app\Views\init\route.php(10): view('Frontend/base/v...')
#4 C:\xampp\htdocs\pelaporan\system\View\View.php(246): include('C:\\xampp\\htdocs...')
#5 C:\xampp\htdocs\pelaporan\system\Common.php(1119): CodeIgniter\View\View->render('init/route', Array, true)
#6 C:\xampp\htdocs\pelaporan\app\Controllers\User_controller.php(156): view('init/route', Array)
#7 C:\xampp\htdocs\pelaporan\system\CodeIgniter.php(918): App\Controllers\User_controller->view_berita('img', 'favicon.png')
#8 C:\xampp\htdocs\pelaporan\system\CodeIgniter.php(404): CodeIgniter\CodeIgniter->runController(Object(App\Controllers\User_controller))
#9 C:\xampp\htdocs\pelaporan\system\CodeIgniter.php(312): CodeIgniter\CodeIgniter->handleRequest(NULL, Object(Config\Cache), false)
#10 C:\xampp\htdocs\pelaporan\public\index.php(45): CodeIgniter\CodeIgniter->run()
#11 C:\xampp\htdocs\pelaporan\system\Commands\Server\rewrite.php(34): require_once('C:\\xampp\\htdocs...')
#12 {main}
CRITICAL - 2020-08-05 19:19:22 --> Trying to get property 'title' of non-object
#0 C:\xampp\htdocs\pelaporan\app\Views\Frontend\base\v_berita.php(7): CodeIgniter\Debug\Exceptions->errorHandler(8, 'Trying to get p...', 'C:\\xampp\\htdocs...', 7, Array)
#1 C:\xampp\htdocs\pelaporan\system\View\View.php(246): include('C:\\xampp\\htdocs...')
#2 C:\xampp\htdocs\pelaporan\system\Common.php(1119): CodeIgniter\View\View->render('Frontend/base/v...', Array, true)
#3 C:\xampp\htdocs\pelaporan\app\Views\init\route.php(10): view('Frontend/base/v...')
#4 C:\xampp\htdocs\pelaporan\system\View\View.php(246): include('C:\\xampp\\htdocs...')
#5 C:\xampp\htdocs\pelaporan\system\Common.php(1119): CodeIgniter\View\View->render('init/route', Array, true)
#6 C:\xampp\htdocs\pelaporan\app\Controllers\User_controller.php(156): view('init/route', Array)
#7 C:\xampp\htdocs\pelaporan\system\CodeIgniter.php(918): App\Controllers\User_controller->view_berita('img', 'logo.png')
#8 C:\xampp\htdocs\pelaporan\system\CodeIgniter.php(404): CodeIgniter\CodeIgniter->runController(Object(App\Controllers\User_controller))
#9 C:\xampp\htdocs\pelaporan\system\CodeIgniter.php(312): CodeIgniter\CodeIgniter->handleRequest(NULL, Object(Config\Cache), false)
#10 C:\xampp\htdocs\pelaporan\public\index.php(45): CodeIgniter\CodeIgniter->run()
#11 C:\xampp\htdocs\pelaporan\system\Commands\Server\rewrite.php(34): require_once('C:\\xampp\\htdocs...')
#12 {main}
CRITICAL - 2020-08-05 19:19:23 --> Trying to get property 'title' of non-object
#0 C:\xampp\htdocs\pelaporan\app\Views\Frontend\base\v_berita.php(7): CodeIgniter\Debug\Exceptions->errorHandler(8, 'Trying to get p...', 'C:\\xampp\\htdocs...', 7, Array)
#1 C:\xampp\htdocs\pelaporan\system\View\View.php(246): include('C:\\xampp\\htdocs...')
#2 C:\xampp\htdocs\pelaporan\system\Common.php(1119): CodeIgniter\View\View->render('Frontend/base/v...', Array, true)
#3 C:\xampp\htdocs\pelaporan\app\Views\init\route.php(10): view('Frontend/base/v...')
#4 C:\xampp\htdocs\pelaporan\system\View\View.php(246): include('C:\\xampp\\htdocs...')
#5 C:\xampp\htdocs\pelaporan\system\Common.php(1119): CodeIgniter\View\View->render('init/route', Array, true)
#6 C:\xampp\htdocs\pelaporan\app\Controllers\User_controller.php(156): view('init/route', Array)
#7 C:\xampp\htdocs\pelaporan\system\CodeIgniter.php(918): App\Controllers\User_controller->view_berita('img', 'favicon.png')
#8 C:\xampp\htdocs\pelaporan\system\CodeIgniter.php(404): CodeIgniter\CodeIgniter->runController(Object(App\Controllers\User_controller))
#9 C:\xampp\htdocs\pelaporan\system\CodeIgniter.php(312): CodeIgniter\CodeIgniter->handleRequest(NULL, Object(Config\Cache), false)
#10 C:\xampp\htdocs\pelaporan\public\index.php(45): CodeIgniter\CodeIgniter->run()
#11 C:\xampp\htdocs\pelaporan\system\Commands\Server\rewrite.php(34): require_once('C:\\xampp\\htdocs...')
#12 {main}
CRITICAL - 2020-08-05 19:19:30 --> Trying to get property 'title' of non-object
#0 C:\xampp\htdocs\pelaporan\app\Views\Frontend\base\v_berita.php(7): CodeIgniter\Debug\Exceptions->errorHandler(8, 'Trying to get p...', 'C:\\xampp\\htdocs...', 7, Array)
#1 C:\xampp\htdocs\pelaporan\system\View\View.php(246): include('C:\\xampp\\htdocs...')
#2 C:\xampp\htdocs\pelaporan\system\Common.php(1119): CodeIgniter\View\View->render('Frontend/base/v...', Array, true)
#3 C:\xampp\htdocs\pelaporan\app\Views\init\route.php(10): view('Frontend/base/v...')
#4 C:\xampp\htdocs\pelaporan\system\View\View.php(246): include('C:\\xampp\\htdocs...')
#5 C:\xampp\htdocs\pelaporan\system\Common.php(1119): CodeIgniter\View\View->render('init/route', Array, true)
#6 C:\xampp\htdocs\pelaporan\app\Controllers\User_controller.php(156): view('init/route', Array)
#7 C:\xampp\htdocs\pelaporan\system\CodeIgniter.php(918): App\Controllers\User_controller->view_berita('img', 'logo.png')
#8 C:\xampp\htdocs\pelaporan\system\CodeIgniter.php(404): CodeIgniter\CodeIgniter->runController(Object(App\Controllers\User_controller))
#9 C:\xampp\htdocs\pelaporan\system\CodeIgniter.php(312): CodeIgniter\CodeIgniter->handleRequest(NULL, Object(Config\Cache), false)
#10 C:\xampp\htdocs\pelaporan\public\index.php(45): CodeIgniter\CodeIgniter->run()
#11 C:\xampp\htdocs\pelaporan\system\Commands\Server\rewrite.php(34): require_once('C:\\xampp\\htdocs...')
#12 {main}
CRITICAL - 2020-08-05 19:19:30 --> Trying to get property 'title' of non-object
#0 C:\xampp\htdocs\pelaporan\app\Views\Frontend\base\v_berita.php(7): CodeIgniter\Debug\Exceptions->errorHandler(8, 'Trying to get p...', 'C:\\xampp\\htdocs...', 7, Array)
#1 C:\xampp\htdocs\pelaporan\system\View\View.php(246): include('C:\\xampp\\htdocs...')
#2 C:\xampp\htdocs\pelaporan\system\Common.php(1119): CodeIgniter\View\View->render('Frontend/base/v...', Array, true)
#3 C:\xampp\htdocs\pelaporan\app\Views\init\route.php(10): view('Frontend/base/v...')
#4 C:\xampp\htdocs\pelaporan\system\View\View.php(246): include('C:\\xampp\\htdocs...')
#5 C:\xampp\htdocs\pelaporan\system\Common.php(1119): CodeIgniter\View\View->render('init/route', Array, true)
#6 C:\xampp\htdocs\pelaporan\app\Controllers\User_controller.php(156): view('init/route', Array)
#7 C:\xampp\htdocs\pelaporan\system\CodeIgniter.php(918): App\Controllers\User_controller->view_berita('img', 'favicon.png')
#8 C:\xampp\htdocs\pelaporan\system\CodeIgniter.php(404): CodeIgniter\CodeIgniter->runController(Object(App\Controllers\User_controller))
#9 C:\xampp\htdocs\pelaporan\system\CodeIgniter.php(312): CodeIgniter\CodeIgniter->handleRequest(NULL, Object(Config\Cache), false)
#10 C:\xampp\htdocs\pelaporan\public\index.php(45): CodeIgniter\CodeIgniter->run()
#11 C:\xampp\htdocs\pelaporan\system\Commands\Server\rewrite.php(34): require_once('C:\\xampp\\htdocs...')
#12 {main}
CRITICAL - 2020-08-05 19:20:22 --> Trying to get property 'title' of non-object
#0 C:\xampp\htdocs\pelaporan\app\Views\Frontend\base\v_berita.php(7): CodeIgniter\Debug\Exceptions->errorHandler(8, 'Trying to get p...', 'C:\\xampp\\htdocs...', 7, Array)
#1 C:\xampp\htdocs\pelaporan\system\View\View.php(246): include('C:\\xampp\\htdocs...')
#2 C:\xampp\htdocs\pelaporan\system\Common.php(1119): CodeIgniter\View\View->render('Frontend/base/v...', Array, true)
#3 C:\xampp\htdocs\pelaporan\app\Views\init\route.php(10): view('Frontend/base/v...')
#4 C:\xampp\htdocs\pelaporan\system\View\View.php(246): include('C:\\xampp\\htdocs...')
#5 C:\xampp\htdocs\pelaporan\system\Common.php(1119): CodeIgniter\View\View->render('init/route', Array, true)
#6 C:\xampp\htdocs\pelaporan\app\Controllers\User_controller.php(156): view('init/route', Array)
#7 C:\xampp\htdocs\pelaporan\system\CodeIgniter.php(918): App\Controllers\User_controller->view_berita('img', 'favicon.png')
#8 C:\xampp\htdocs\pelaporan\system\CodeIgniter.php(404): CodeIgniter\CodeIgniter->runController(Object(App\Controllers\User_controller))
#9 C:\xampp\htdocs\pelaporan\system\CodeIgniter.php(312): CodeIgniter\CodeIgniter->handleRequest(NULL, Object(Config\Cache), false)
#10 C:\xampp\htdocs\pelaporan\public\index.php(45): CodeIgniter\CodeIgniter->run()
#11 C:\xampp\htdocs\pelaporan\system\Commands\Server\rewrite.php(34): require_once('C:\\xampp\\htdocs...')
#12 {main}
CRITICAL - 2020-08-05 19:20:39 --> Trying to get property 'title' of non-object
#0 C:\xampp\htdocs\pelaporan\app\Views\Frontend\base\v_berita.php(7): CodeIgniter\Debug\Exceptions->errorHandler(8, 'Trying to get p...', 'C:\\xampp\\htdocs...', 7, Array)
#1 C:\xampp\htdocs\pelaporan\system\View\View.php(246): include('C:\\xampp\\htdocs...')
#2 C:\xampp\htdocs\pelaporan\system\Common.php(1119): CodeIgniter\View\View->render('Frontend/base/v...', Array, true)
#3 C:\xampp\htdocs\pelaporan\app\Views\init\route.php(10): view('Frontend/base/v...')
#4 C:\xampp\htdocs\pelaporan\system\View\View.php(246): include('C:\\xampp\\htdocs...')
#5 C:\xampp\htdocs\pelaporan\system\Common.php(1119): CodeIgniter\View\View->render('init/route', Array, true)
#6 C:\xampp\htdocs\pelaporan\app\Controllers\User_controller.php(156): view('init/route', Array)
#7 C:\xampp\htdocs\pelaporan\system\CodeIgniter.php(918): App\Controllers\User_controller->view_berita('img', 'favicon.png')
#8 C:\xampp\htdocs\pelaporan\system\CodeIgniter.php(404): CodeIgniter\CodeIgniter->runController(Object(App\Controllers\User_controller))
#9 C:\xampp\htdocs\pelaporan\system\CodeIgniter.php(312): CodeIgniter\CodeIgniter->handleRequest(NULL, Object(Config\Cache), false)
#10 C:\xampp\htdocs\pelaporan\public\index.php(45): CodeIgniter\CodeIgniter->run()
#11 C:\xampp\htdocs\pelaporan\system\Commands\Server\rewrite.php(34): require_once('C:\\xampp\\htdocs...')
#12 {main}
CRITICAL - 2020-08-05 19:22:47 --> Undefined variable: value
#0 C:\xampp\htdocs\pelaporan\app\Views\Frontend\base\v_berita.php(16): CodeIgniter\Debug\Exceptions->errorHandler(8, 'Undefined varia...', 'C:\\xampp\\htdocs...', 16, Array)
#1 C:\xampp\htdocs\pelaporan\system\View\View.php(246): include('C:\\xampp\\htdocs...')
#2 C:\xampp\htdocs\pelaporan\system\Common.php(1119): CodeIgniter\View\View->render('Frontend/base/v...', Array, true)
#3 C:\xampp\htdocs\pelaporan\app\Views\init\route.php(10): view('Frontend/base/v...')
#4 C:\xampp\htdocs\pelaporan\system\View\View.php(246): include('C:\\xampp\\htdocs...')
#5 C:\xampp\htdocs\pelaporan\system\Common.php(1119): CodeIgniter\View\View->render('init/route', Array, true)
#6 C:\xampp\htdocs\pelaporan\app\Controllers\User_controller.php(156): view('init/route', Array)
#7 C:\xampp\htdocs\pelaporan\system\CodeIgniter.php(918): App\Controllers\User_controller->view_berita('3')
#8 C:\xampp\htdocs\pelaporan\system\CodeIgniter.php(404): CodeIgniter\CodeIgniter->runController(Object(App\Controllers\User_controller))
#9 C:\xampp\htdocs\pelaporan\system\CodeIgniter.php(312): CodeIgniter\CodeIgniter->handleRequest(NULL, Object(Config\Cache), false)
#10 C:\xampp\htdocs\pelaporan\public\index.php(45): CodeIgniter\CodeIgniter->run()
#11 C:\xampp\htdocs\pelaporan\system\Commands\Server\rewrite.php(34): require_once('C:\\xampp\\htdocs...')
#12 {main}
CRITICAL - 2020-08-05 19:22:48 --> Trying to get property 'title' of non-object
#0 C:\xampp\htdocs\pelaporan\app\Views\Frontend\base\v_berita.php(8): CodeIgniter\Debug\Exceptions->errorHandler(8, 'Trying to get p...', 'C:\\xampp\\htdocs...', 8, Array)
#1 C:\xampp\htdocs\pelaporan\system\View\View.php(246): include('C:\\xampp\\htdocs...')
#2 C:\xampp\htdocs\pelaporan\system\Common.php(1119): CodeIgniter\View\View->render('Frontend/base/v...', Array, true)
#3 C:\xampp\htdocs\pelaporan\app\Views\init\route.php(10): view('Frontend/base/v...')
#4 C:\xampp\htdocs\pelaporan\system\View\View.php(246): include('C:\\xampp\\htdocs...')
#5 C:\xampp\htdocs\pelaporan\system\Common.php(1119): CodeIgniter\View\View->render('init/route', Array, true)
#6 C:\xampp\htdocs\pelaporan\app\Controllers\User_controller.php(156): view('init/route', Array)
#7 C:\xampp\htdocs\pelaporan\system\CodeIgniter.php(918): App\Controllers\User_controller->view_berita('img', 'favicon.png')
#8 C:\xampp\htdocs\pelaporan\system\CodeIgniter.php(404): CodeIgniter\CodeIgniter->runController(Object(App\Controllers\User_controller))
#9 C:\xampp\htdocs\pelaporan\system\CodeIgniter.php(312): CodeIgniter\CodeIgniter->handleRequest(NULL, Object(Config\Cache), false)
#10 C:\xampp\htdocs\pelaporan\public\index.php(45): CodeIgniter\CodeIgniter->run()
#11 C:\xampp\htdocs\pelaporan\system\Commands\Server\rewrite.php(34): require_once('C:\\xampp\\htdocs...')
#12 {main}
CRITICAL - 2020-08-05 19:23:06 --> Trying to get property 'title' of non-object
#0 C:\xampp\htdocs\pelaporan\app\Views\Frontend\base\v_berita.php(8): CodeIgniter\Debug\Exceptions->errorHandler(8, 'Trying to get p...', 'C:\\xampp\\htdocs...', 8, Array)
#1 C:\xampp\htdocs\pelaporan\system\View\View.php(246): include('C:\\xampp\\htdocs...')
#2 C:\xampp\htdocs\pelaporan\system\Common.php(1119): CodeIgniter\View\View->render('Frontend/base/v...', Array, true)
#3 C:\xampp\htdocs\pelaporan\app\Views\init\route.php(10): view('Frontend/base/v...')
#4 C:\xampp\htdocs\pelaporan\system\View\View.php(246): include('C:\\xampp\\htdocs...')
#5 C:\xampp\htdocs\pelaporan\system\Common.php(1119): CodeIgniter\View\View->render('init/route', Array, true)
#6 C:\xampp\htdocs\pelaporan\app\Controllers\User_controller.php(156): view('init/route', Array)
#7 C:\xampp\htdocs\pelaporan\system\CodeIgniter.php(918): App\Controllers\User_controller->view_berita('img', 'favicon.png')
#8 C:\xampp\htdocs\pelaporan\system\CodeIgniter.php(404): CodeIgniter\CodeIgniter->runController(Object(App\Controllers\User_controller))
#9 C:\xampp\htdocs\pelaporan\system\CodeIgniter.php(312): CodeIgniter\CodeIgniter->handleRequest(NULL, Object(Config\Cache), false)
#10 C:\xampp\htdocs\pelaporan\public\index.php(45): CodeIgniter\CodeIgniter->run()
#11 C:\xampp\htdocs\pelaporan\system\Commands\Server\rewrite.php(34): require_once('C:\\xampp\\htdocs...')
#12 {main}
CRITICAL - 2020-08-05 19:23:32 --> Trying to get property 'title' of non-object
#0 C:\xampp\htdocs\pelaporan\app\Views\Frontend\base\v_berita.php(9): CodeIgniter\Debug\Exceptions->errorHandler(8, 'Trying to get p...', 'C:\\xampp\\htdocs...', 9, Array)
#1 C:\xampp\htdocs\pelaporan\system\View\View.php(246): include('C:\\xampp\\htdocs...')
#2 C:\xampp\htdocs\pelaporan\system\Common.php(1119): CodeIgniter\View\View->render('Frontend/base/v...', Array, true)
#3 C:\xampp\htdocs\pelaporan\app\Views\init\route.php(10): view('Frontend/base/v...')
#4 C:\xampp\htdocs\pelaporan\system\View\View.php(246): include('C:\\xampp\\htdocs...')
#5 C:\xampp\htdocs\pelaporan\system\Common.php(1119): CodeIgniter\View\View->render('init/route', Array, true)
#6 C:\xampp\htdocs\pelaporan\app\Controllers\User_controller.php(156): view('init/route', Array)
#7 C:\xampp\htdocs\pelaporan\system\CodeIgniter.php(918): App\Controllers\User_controller->view_berita('img', 'favicon.png')
#8 C:\xampp\htdocs\pelaporan\system\CodeIgniter.php(404): CodeIgniter\CodeIgniter->runController(Object(App\Controllers\User_controller))
#9 C:\xampp\htdocs\pelaporan\system\CodeIgniter.php(312): CodeIgniter\CodeIgniter->handleRequest(NULL, Object(Config\Cache), false)
#10 C:\xampp\htdocs\pelaporan\public\index.php(45): CodeIgniter\CodeIgniter->run()
#11 C:\xampp\htdocs\pelaporan\system\Commands\Server\rewrite.php(34): require_once('C:\\xampp\\htdocs...')
#12 {main}
CRITICAL - 2020-08-05 19:23:44 --> Trying to get property 'title' of non-object
#0 C:\xampp\htdocs\pelaporan\app\Views\Frontend\base\v_berita.php(9): CodeIgniter\Debug\Exceptions->errorHandler(8, 'Trying to get p...', 'C:\\xampp\\htdocs...', 9, Array)
#1 C:\xampp\htdocs\pelaporan\system\View\View.php(246): include('C:\\xampp\\htdocs...')
#2 C:\xampp\htdocs\pelaporan\system\Common.php(1119): CodeIgniter\View\View->render('Frontend/base/v...', Array, true)
#3 C:\xampp\htdocs\pelaporan\app\Views\init\route.php(10): view('Frontend/base/v...')
#4 C:\xampp\htdocs\pelaporan\system\View\View.php(246): include('C:\\xampp\\htdocs...')
#5 C:\xampp\htdocs\pelaporan\system\Common.php(1119): CodeIgniter\View\View->render('init/route', Array, true)
#6 C:\xampp\htdocs\pelaporan\app\Controllers\User_controller.php(156): view('init/route', Array)
#7 C:\xampp\htdocs\pelaporan\system\CodeIgniter.php(918): App\Controllers\User_controller->view_berita('img', 'favicon.png')
#8 C:\xampp\htdocs\pelaporan\system\CodeIgniter.php(404): CodeIgniter\CodeIgniter->runController(Object(App\Controllers\User_controller))
#9 C:\xampp\htdocs\pelaporan\system\CodeIgniter.php(312): CodeIgniter\CodeIgniter->handleRequest(NULL, Object(Config\Cache), false)
#10 C:\xampp\htdocs\pelaporan\public\index.php(45): CodeIgniter\CodeIgniter->run()
#11 C:\xampp\htdocs\pelaporan\system\Commands\Server\rewrite.php(34): require_once('C:\\xampp\\htdocs...')
#12 {main}
CRITICAL - 2020-08-05 19:24:10 --> Trying to get property 'title' of non-object
#0 C:\xampp\htdocs\pelaporan\app\Views\Frontend\base\v_berita.php(9): CodeIgniter\Debug\Exceptions->errorHandler(8, 'Trying to get p...', 'C:\\xampp\\htdocs...', 9, Array)
#1 C:\xampp\htdocs\pelaporan\system\View\View.php(246): include('C:\\xampp\\htdocs...')
#2 C:\xampp\htdocs\pelaporan\system\Common.php(1119): CodeIgniter\View\View->render('Frontend/base/v...', Array, true)
#3 C:\xampp\htdocs\pelaporan\app\Views\init\route.php(10): view('Frontend/base/v...')
#4 C:\xampp\htdocs\pelaporan\system\View\View.php(246): include('C:\\xampp\\htdocs...')
#5 C:\xampp\htdocs\pelaporan\system\Common.php(1119): CodeIgniter\View\View->render('init/route', Array, true)
#6 C:\xampp\htdocs\pelaporan\app\Controllers\User_controller.php(156): view('init/route', Array)
#7 C:\xampp\htdocs\pelaporan\system\CodeIgniter.php(918): App\Controllers\User_controller->view_berita('img', 'favicon.png')
#8 C:\xampp\htdocs\pelaporan\system\CodeIgniter.php(404): CodeIgniter\CodeIgniter->runController(Object(App\Controllers\User_controller))
#9 C:\xampp\htdocs\pelaporan\system\CodeIgniter.php(312): CodeIgniter\CodeIgniter->handleRequest(NULL, Object(Config\Cache), false)
#10 C:\xampp\htdocs\pelaporan\public\index.php(45): CodeIgniter\CodeIgniter->run()
#11 C:\xampp\htdocs\pelaporan\system\Commands\Server\rewrite.php(34): require_once('C:\\xampp\\htdocs...')
#12 {main}
CRITICAL - 2020-08-05 19:24:30 --> Trying to get property 'title' of non-object
#0 C:\xampp\htdocs\pelaporan\app\Views\Frontend\base\v_berita.php(9): CodeIgniter\Debug\Exceptions->errorHandler(8, 'Trying to get p...', 'C:\\xampp\\htdocs...', 9, Array)
#1 C:\xampp\htdocs\pelaporan\system\View\View.php(246): include('C:\\xampp\\htdocs...')
#2 C:\xampp\htdocs\pelaporan\system\Common.php(1119): CodeIgniter\View\View->render('Frontend/base/v...', Array, true)
#3 C:\xampp\htdocs\pelaporan\app\Views\init\route.php(10): view('Frontend/base/v...')
#4 C:\xampp\htdocs\pelaporan\system\View\View.php(246): include('C:\\xampp\\htdocs...')
#5 C:\xampp\htdocs\pelaporan\system\Common.php(1119): CodeIgniter\View\View->render('init/route', Array, true)
#6 C:\xampp\htdocs\pelaporan\app\Controllers\User_controller.php(156): view('init/route', Array)
#7 C:\xampp\htdocs\pelaporan\system\CodeIgniter.php(918): App\Controllers\User_controller->view_berita('img', 'favicon.png')
#8 C:\xampp\htdocs\pelaporan\system\CodeIgniter.php(404): CodeIgniter\CodeIgniter->runController(Object(App\Controllers\User_controller))
#9 C:\xampp\htdocs\pelaporan\system\CodeIgniter.php(312): CodeIgniter\CodeIgniter->handleRequest(NULL, Object(Config\Cache), false)
#10 C:\xampp\htdocs\pelaporan\public\index.php(45): CodeIgniter\CodeIgniter->run()
#11 C:\xampp\htdocs\pelaporan\system\Commands\Server\rewrite.php(34): require_once('C:\\xampp\\htdocs...')
#12 {main}
CRITICAL - 2020-08-05 19:25:20 --> Trying to get property 'title' of non-object
#0 C:\xampp\htdocs\pelaporan\app\Views\Frontend\base\v_berita.php(9): CodeIgniter\Debug\Exceptions->errorHandler(8, 'Trying to get p...', 'C:\\xampp\\htdocs...', 9, Array)
#1 C:\xampp\htdocs\pelaporan\system\View\View.php(246): include('C:\\xampp\\htdocs...')
#2 C:\xampp\htdocs\pelaporan\system\Common.php(1119): CodeIgniter\View\View->render('Frontend/base/v...', Array, true)
#3 C:\xampp\htdocs\pelaporan\app\Views\init\route.php(10): view('Frontend/base/v...')
#4 C:\xampp\htdocs\pelaporan\system\View\View.php(246): include('C:\\xampp\\htdocs...')
#5 C:\xampp\htdocs\pelaporan\system\Common.php(1119): CodeIgniter\View\View->render('init/route', Array, true)
#6 C:\xampp\htdocs\pelaporan\app\Controllers\User_controller.php(156): view('init/route', Array)
#7 C:\xampp\htdocs\pelaporan\system\CodeIgniter.php(918): App\Controllers\User_controller->view_berita('img', 'favicon.png')
#8 C:\xampp\htdocs\pelaporan\system\CodeIgniter.php(404): CodeIgniter\CodeIgniter->runController(Object(App\Controllers\User_controller))
#9 C:\xampp\htdocs\pelaporan\system\CodeIgniter.php(312): CodeIgniter\CodeIgniter->handleRequest(NULL, Object(Config\Cache), false)
#10 C:\xampp\htdocs\pelaporan\public\index.php(45): CodeIgniter\CodeIgniter->run()
#11 C:\xampp\htdocs\pelaporan\system\Commands\Server\rewrite.php(34): require_once('C:\\xampp\\htdocs...')
#12 {main}
CRITICAL - 2020-08-05 19:25:34 --> Trying to get property 'title' of non-object
#0 C:\xampp\htdocs\pelaporan\app\Views\Frontend\base\v_berita.php(9): CodeIgniter\Debug\Exceptions->errorHandler(8, 'Trying to get p...', 'C:\\xampp\\htdocs...', 9, Array)
#1 C:\xampp\htdocs\pelaporan\system\View\View.php(246): include('C:\\xampp\\htdocs...')
#2 C:\xampp\htdocs\pelaporan\system\Common.php(1119): CodeIgniter\View\View->render('Frontend/base/v...', Array, true)
#3 C:\xampp\htdocs\pelaporan\app\Views\init\route.php(10): view('Frontend/base/v...')
#4 C:\xampp\htdocs\pelaporan\system\View\View.php(246): include('C:\\xampp\\htdocs...')
#5 C:\xampp\htdocs\pelaporan\system\Common.php(1119): CodeIgniter\View\View->render('init/route', Array, true)
#6 C:\xampp\htdocs\pelaporan\app\Controllers\User_controller.php(156): view('init/route', Array)
#7 C:\xampp\htdocs\pelaporan\system\CodeIgniter.php(918): App\Controllers\User_controller->view_berita('img', 'favicon.png')
#8 C:\xampp\htdocs\pelaporan\system\CodeIgniter.php(404): CodeIgniter\CodeIgniter->runController(Object(App\Controllers\User_controller))
#9 C:\xampp\htdocs\pelaporan\system\CodeIgniter.php(312): CodeIgniter\CodeIgniter->handleRequest(NULL, Object(Config\Cache), false)
#10 C:\xampp\htdocs\pelaporan\public\index.php(45): CodeIgniter\CodeIgniter->run()
#11 C:\xampp\htdocs\pelaporan\system\Commands\Server\rewrite.php(34): require_once('C:\\xampp\\htdocs...')
#12 {main}
CRITICAL - 2020-08-05 19:25:59 --> Trying to get property 'title' of non-object
#0 C:\xampp\htdocs\pelaporan\app\Views\Frontend\base\v_berita.php(9): CodeIgniter\Debug\Exceptions->errorHandler(8, 'Trying to get p...', 'C:\\xampp\\htdocs...', 9, Array)
#1 C:\xampp\htdocs\pelaporan\system\View\View.php(246): include('C:\\xampp\\htdocs...')
#2 C:\xampp\htdocs\pelaporan\system\Common.php(1119): CodeIgniter\View\View->render('Frontend/base/v...', Array, true)
#3 C:\xampp\htdocs\pelaporan\app\Views\init\route.php(10): view('Frontend/base/v...')
#4 C:\xampp\htdocs\pelaporan\system\View\View.php(246): include('C:\\xampp\\htdocs...')
#5 C:\xampp\htdocs\pelaporan\system\Common.php(1119): CodeIgniter\View\View->render('init/route', Array, true)
#6 C:\xampp\htdocs\pelaporan\app\Controllers\User_controller.php(156): view('init/route', Array)
#7 C:\xampp\htdocs\pelaporan\system\CodeIgniter.php(918): App\Controllers\User_controller->view_berita('img', 'favicon.png')
#8 C:\xampp\htdocs\pelaporan\system\CodeIgniter.php(404): CodeIgniter\CodeIgniter->runController(Object(App\Controllers\User_controller))
#9 C:\xampp\htdocs\pelaporan\system\CodeIgniter.php(312): CodeIgniter\CodeIgniter->handleRequest(NULL, Object(Config\Cache), false)
#10 C:\xampp\htdocs\pelaporan\public\index.php(45): CodeIgniter\CodeIgniter->run()
#11 C:\xampp\htdocs\pelaporan\system\Commands\Server\rewrite.php(34): require_once('C:\\xampp\\htdocs...')
#12 {main}
CRITICAL - 2020-08-05 19:26:12 --> Trying to get property 'title' of non-object
#0 C:\xampp\htdocs\pelaporan\app\Views\Frontend\base\v_berita.php(9): CodeIgniter\Debug\Exceptions->errorHandler(8, 'Trying to get p...', 'C:\\xampp\\htdocs...', 9, Array)
#1 C:\xampp\htdocs\pelaporan\system\View\View.php(246): include('C:\\xampp\\htdocs...')
#2 C:\xampp\htdocs\pelaporan\system\Common.php(1119): CodeIgniter\View\View->render('Frontend/base/v...', Array, true)
#3 C:\xampp\htdocs\pelaporan\app\Views\init\route.php(10): view('Frontend/base/v...')
#4 C:\xampp\htdocs\pelaporan\system\View\View.php(246): include('C:\\xampp\\htdocs...')
#5 C:\xampp\htdocs\pelaporan\system\Common.php(1119): CodeIgniter\View\View->render('init/route', Array, true)
#6 C:\xampp\htdocs\pelaporan\app\Controllers\User_controller.php(156): view('init/route', Array)
#7 C:\xampp\htdocs\pelaporan\system\CodeIgniter.php(918): App\Controllers\User_controller->view_berita('img', 'favicon.png')
#8 C:\xampp\htdocs\pelaporan\system\CodeIgniter.php(404): CodeIgniter\CodeIgniter->runController(Object(App\Controllers\User_controller))
#9 C:\xampp\htdocs\pelaporan\system\CodeIgniter.php(312): CodeIgniter\CodeIgniter->handleRequest(NULL, Object(Config\Cache), false)
#10 C:\xampp\htdocs\pelaporan\public\index.php(45): CodeIgniter\CodeIgniter->run()
#11 C:\xampp\htdocs\pelaporan\system\Commands\Server\rewrite.php(34): require_once('C:\\xampp\\htdocs...')
#12 {main}
CRITICAL - 2020-08-05 19:27:40 --> Trying to get property 'title' of non-object
#0 C:\xampp\htdocs\pelaporan\app\Views\Frontend\base\v_berita.php(9): CodeIgniter\Debug\Exceptions->errorHandler(8, 'Trying to get p...', 'C:\\xampp\\htdocs...', 9, Array)
#1 C:\xampp\htdocs\pelaporan\system\View\View.php(246): include('C:\\xampp\\htdocs...')
#2 C:\xampp\htdocs\pelaporan\system\Common.php(1119): CodeIgniter\View\View->render('Frontend/base/v...', Array, true)
#3 C:\xampp\htdocs\pelaporan\app\Views\init\route.php(10): view('Frontend/base/v...')
#4 C:\xampp\htdocs\pelaporan\system\View\View.php(246): include('C:\\xampp\\htdocs...')
#5 C:\xampp\htdocs\pelaporan\system\Common.php(1119): CodeIgniter\View\View->render('init/route', Array, true)
#6 C:\xampp\htdocs\pelaporan\app\Controllers\User_controller.php(156): view('init/route', Array)
#7 C:\xampp\htdocs\pelaporan\system\CodeIgniter.php(918): App\Controllers\User_controller->view_berita('img', 'favicon.png')
#8 C:\xampp\htdocs\pelaporan\system\CodeIgniter.php(404): CodeIgniter\CodeIgniter->runController(Object(App\Controllers\User_controller))
#9 C:\xampp\htdocs\pelaporan\system\CodeIgniter.php(312): CodeIgniter\CodeIgniter->handleRequest(NULL, Object(Config\Cache), false)
#10 C:\xampp\htdocs\pelaporan\public\index.php(45): CodeIgniter\CodeIgniter->run()
#11 C:\xampp\htdocs\pelaporan\system\Commands\Server\rewrite.php(34): require_once('C:\\xampp\\htdocs...')
#12 {main}
CRITICAL - 2020-08-05 19:27:51 --> Trying to get property 'title' of non-object
#0 C:\xampp\htdocs\pelaporan\app\Views\Frontend\base\v_berita.php(9): CodeIgniter\Debug\Exceptions->errorHandler(8, 'Trying to get p...', 'C:\\xampp\\htdocs...', 9, Array)
#1 C:\xampp\htdocs\pelaporan\system\View\View.php(246): include('C:\\xampp\\htdocs...')
#2 C:\xampp\htdocs\pelaporan\system\Common.php(1119): CodeIgniter\View\View->render('Frontend/base/v...', Array, true)
#3 C:\xampp\htdocs\pelaporan\app\Views\init\route.php(10): view('Frontend/base/v...')
#4 C:\xampp\htdocs\pelaporan\system\View\View.php(246): include('C:\\xampp\\htdocs...')
#5 C:\xampp\htdocs\pelaporan\system\Common.php(1119): CodeIgniter\View\View->render('init/route', Array, true)
#6 C:\xampp\htdocs\pelaporan\app\Controllers\User_controller.php(156): view('init/route', Array)
#7 C:\xampp\htdocs\pelaporan\system\CodeIgniter.php(918): App\Controllers\User_controller->view_berita('img', 'favicon.png')
#8 C:\xampp\htdocs\pelaporan\system\CodeIgniter.php(404): CodeIgniter\CodeIgniter->runController(Object(App\Controllers\User_controller))
#9 C:\xampp\htdocs\pelaporan\system\CodeIgniter.php(312): CodeIgniter\CodeIgniter->handleRequest(NULL, Object(Config\Cache), false)
#10 C:\xampp\htdocs\pelaporan\public\index.php(45): CodeIgniter\CodeIgniter->run()
#11 C:\xampp\htdocs\pelaporan\system\Commands\Server\rewrite.php(34): require_once('C:\\xampp\\htdocs...')
#12 {main}
CRITICAL - 2020-08-05 19:28:07 --> Trying to get property 'title' of non-object
#0 C:\xampp\htdocs\pelaporan\app\Views\Frontend\base\v_berita.php(9): CodeIgniter\Debug\Exceptions->errorHandler(8, 'Trying to get p...', 'C:\\xampp\\htdocs...', 9, Array)
#1 C:\xampp\htdocs\pelaporan\system\View\View.php(246): include('C:\\xampp\\htdocs...')
#2 C:\xampp\htdocs\pelaporan\system\Common.php(1119): CodeIgniter\View\View->render('Frontend/base/v...', Array, true)
#3 C:\xampp\htdocs\pelaporan\app\Views\init\route.php(10): view('Frontend/base/v...')
#4 C:\xampp\htdocs\pelaporan\system\View\View.php(246): include('C:\\xampp\\htdocs...')
#5 C:\xampp\htdocs\pelaporan\system\Common.php(1119): CodeIgniter\View\View->render('init/route', Array, true)
#6 C:\xampp\htdocs\pelaporan\app\Controllers\User_controller.php(156): view('init/route', Array)
#7 C:\xampp\htdocs\pelaporan\system\CodeIgniter.php(918): App\Controllers\User_controller->view_berita('img', 'favicon.png')
#8 C:\xampp\htdocs\pelaporan\system\CodeIgniter.php(404): CodeIgniter\CodeIgniter->runController(Object(App\Controllers\User_controller))
#9 C:\xampp\htdocs\pelaporan\system\CodeIgniter.php(312): CodeIgniter\CodeIgniter->handleRequest(NULL, Object(Config\Cache), false)
#10 C:\xampp\htdocs\pelaporan\public\index.php(45): CodeIgniter\CodeIgniter->run()
#11 C:\xampp\htdocs\pelaporan\system\Commands\Server\rewrite.php(34): require_once('C:\\xampp\\htdocs...')
#12 {main}
CRITICAL - 2020-08-05 19:28:49 --> Trying to get property 'title' of non-object
#0 C:\xampp\htdocs\pelaporan\app\Views\Frontend\base\v_berita.php(9): CodeIgniter\Debug\Exceptions->errorHandler(8, 'Trying to get p...', 'C:\\xampp\\htdocs...', 9, Array)
#1 C:\xampp\htdocs\pelaporan\system\View\View.php(246): include('C:\\xampp\\htdocs...')
#2 C:\xampp\htdocs\pelaporan\system\Common.php(1119): CodeIgniter\View\View->render('Frontend/base/v...', Array, true)
#3 C:\xampp\htdocs\pelaporan\app\Views\init\route.php(10): view('Frontend/base/v...')
#4 C:\xampp\htdocs\pelaporan\system\View\View.php(246): include('C:\\xampp\\htdocs...')
#5 C:\xampp\htdocs\pelaporan\system\Common.php(1119): CodeIgniter\View\View->render('init/route', Array, true)
#6 C:\xampp\htdocs\pelaporan\app\Controllers\User_controller.php(156): view('init/route', Array)
#7 C:\xampp\htdocs\pelaporan\system\CodeIgniter.php(918): App\Controllers\User_controller->view_berita('img', 'favicon.png')
#8 C:\xampp\htdocs\pelaporan\system\CodeIgniter.php(404): CodeIgniter\CodeIgniter->runController(Object(App\Controllers\User_controller))
#9 C:\xampp\htdocs\pelaporan\system\CodeIgniter.php(312): CodeIgniter\CodeIgniter->handleRequest(NULL, Object(Config\Cache), false)
#10 C:\xampp\htdocs\pelaporan\public\index.php(45): CodeIgniter\CodeIgniter->run()
#11 C:\xampp\htdocs\pelaporan\system\Commands\Server\rewrite.php(34): require_once('C:\\xampp\\htdocs...')
#12 {main}
CRITICAL - 2020-08-05 20:04:44 --> Non-static method Illuminate\Database\Eloquent\Model::update() should not be called statically
#0 C:\xampp\htdocs\pelaporan\app\Controllers\Admin\Admin.php(292): CodeIgniter\Debug\Exceptions->errorHandler(8192, 'Non-static meth...', 'C:\\xampp\\htdocs...', 292, Array)
#1 C:\xampp\htdocs\pelaporan\system\CodeIgniter.php(918): App\Controllers\Admin\Admin->upProfil()
#2 C:\xampp\htdocs\pelaporan\system\CodeIgniter.php(404): CodeIgniter\CodeIgniter->runController(Object(App\Controllers\Admin\Admin))
#3 C:\xampp\htdocs\pelaporan\system\CodeIgniter.php(312): CodeIgniter\CodeIgniter->handleRequest(NULL, Object(Config\Cache), false)
#4 C:\xampp\htdocs\pelaporan\public\index.php(45): CodeIgniter\CodeIgniter->run()
#5 C:\xampp\htdocs\pelaporan\system\Commands\Server\rewrite.php(34): require_once('C:\\xampp\\htdocs...')
#6 {main}
CRITICAL - 2020-08-05 20:09:20 --> Call to undefined method CodeIgniter\Database\MySQLi\Connection::update()
#0 C:\xampp\htdocs\pelaporan\system\CodeIgniter.php(918): App\Controllers\Admin\Admin->upProfil()
#1 C:\xampp\htdocs\pelaporan\system\CodeIgniter.php(404): CodeIgniter\CodeIgniter->runController(Object(App\Controllers\Admin\Admin))
#2 C:\xampp\htdocs\pelaporan\system\CodeIgniter.php(312): CodeIgniter\CodeIgniter->handleRequest(NULL, Object(Config\Cache), false)
#3 C:\xampp\htdocs\pelaporan\public\index.php(45): CodeIgniter\CodeIgniter->run()
#4 C:\xampp\htdocs\pelaporan\system\Commands\Server\rewrite.php(34): require_once('C:\\xampp\\htdocs...')
#5 {main}
CRITICAL - 2020-08-05 20:11:16 --> Call to undefined method CodeIgniter\Database\MySQLi\Connection::set()
#0 C:\xampp\htdocs\pelaporan\system\CodeIgniter.php(918): App\Controllers\Admin\Admin->upProfil()
#1 C:\xampp\htdocs\pelaporan\system\CodeIgniter.php(404): CodeIgniter\CodeIgniter->runController(Object(App\Controllers\Admin\Admin))
#2 C:\xampp\htdocs\pelaporan\system\CodeIgniter.php(312): CodeIgniter\CodeIgniter->handleRequest(NULL, Object(Config\Cache), false)
#3 C:\xampp\htdocs\pelaporan\public\index.php(45): CodeIgniter\CodeIgniter->run()
#4 C:\xampp\htdocs\pelaporan\system\Commands\Server\rewrite.php(34): require_once('C:\\xampp\\htdocs...')
#5 {main}
CRITICAL - 2020-08-05 22:06:47 --> Undefined variable: data
#0 C:\xampp\htdocs\pelaporan\app\Controllers\Admin\Admin.php(338): CodeIgniter\Debug\Exceptions->errorHandler(8, 'Undefined varia...', 'C:\\xampp\\htdocs...', 338, Array)
#1 C:\xampp\htdocs\pelaporan\system\CodeIgniter.php(918): App\Controllers\Admin\Admin->search_()
#2 C:\xampp\htdocs\pelaporan\system\CodeIgniter.php(404): CodeIgniter\CodeIgniter->runController(Object(App\Controllers\Admin\Admin))
#3 C:\xampp\htdocs\pelaporan\system\CodeIgniter.php(312): CodeIgniter\CodeIgniter->handleRequest(NULL, Object(Config\Cache), false)
#4 C:\xampp\htdocs\pelaporan\public\index.php(45): CodeIgniter\CodeIgniter->run()
#5 C:\xampp\htdocs\pelaporan\system\Commands\Server\rewrite.php(34): require_once('C:\\xampp\\htdocs...')
#6 {main}
CRITICAL - 2020-08-05 22:13:47 --> SQLSTATE[42S22]: Column not found: 1054 Unknown column 'created_at' in 'where clause' (SQL: select * from `profil` where year(`created_at`) = 2020 and month(`created_at`) = 08)
#0 C:\xampp\htdocs\pelaporan\vendor\illuminate\database\Connection.php(631): Illuminate\Database\Connection->runQueryCallback('select * from `...', Array, Object(Closure))
#1 C:\xampp\htdocs\pelaporan\vendor\illuminate\database\Connection.php(339): Illuminate\Database\Connection->run('select * from `...', Array, Object(Closure))
#2 C:\xampp\htdocs\pelaporan\vendor\illuminate\database\Query\Builder.php(2203): Illuminate\Database\Connection->select('select * from `...', Array, true)
#3 C:\xampp\htdocs\pelaporan\vendor\illuminate\database\Query\Builder.php(2191): Illuminate\Database\Query\Builder->runSelect()
#4 C:\xampp\htdocs\pelaporan\vendor\illuminate\database\Query\Builder.php(2686): Illuminate\Database\Query\Builder->Illuminate\Database\Query\{closure}()
#5 C:\xampp\htdocs\pelaporan\vendor\illuminate\database\Query\Builder.php(2192): Illuminate\Database\Query\Builder->onceWithColumns(Array, Object(Closure))
#6 C:\xampp\htdocs\pelaporan\vendor\illuminate\database\Eloquent\Builder.php(539): Illuminate\Database\Query\Builder->get(Array)
#7 C:\xampp\htdocs\pelaporan\vendor\illuminate\database\Eloquent\Builder.php(523): Illuminate\Database\Eloquent\Builder->getModels(Array)
#8 C:\xampp\htdocs\pelaporan\app\Controllers\Admin\Admin.php(340): Illuminate\Database\Eloquent\Builder->get()
#9 C:\xampp\htdocs\pelaporan\system\CodeIgniter.php(918): App\Controllers\Admin\Admin->search_()
#10 C:\xampp\htdocs\pelaporan\system\CodeIgniter.php(404): CodeIgniter\CodeIgniter->runController(Object(App\Controllers\Admin\Admin))
#11 C:\xampp\htdocs\pelaporan\system\CodeIgniter.php(312): CodeIgniter\CodeIgniter->handleRequest(NULL, Object(Config\Cache), false)
#12 C:\xampp\htdocs\pelaporan\public\index.php(45): CodeIgniter\CodeIgniter->run()
#13 C:\xampp\htdocs\pelaporan\system\Commands\Server\rewrite.php(34): require_once('C:\\xampp\\htdocs...')
#14 {main}
CRITICAL - 2020-08-05 22:21:06 --> Class 'App\Controllers\Admin\DB' not found
#0 C:\xampp\htdocs\pelaporan\system\CodeIgniter.php(918): App\Controllers\Admin\Admin->search_()
#1 C:\xampp\htdocs\pelaporan\system\CodeIgniter.php(404): CodeIgniter\CodeIgniter->runController(Object(App\Controllers\Admin\Admin))
#2 C:\xampp\htdocs\pelaporan\system\CodeIgniter.php(312): CodeIgniter\CodeIgniter->handleRequest(NULL, Object(Config\Cache), false)
#3 C:\xampp\htdocs\pelaporan\public\index.php(45): CodeIgniter\CodeIgniter->run()
#4 C:\xampp\htdocs\pelaporan\system\Commands\Server\rewrite.php(34): require_once('C:\\xampp\\htdocs...')
#5 {main}
