CRITICAL - 2020-08-04 01:43:42 --> Undefined variable: session
#0 C:\xampp\htdocs\pelaporan\app\Controllers\Admin\Admin.php(205): CodeIgniter\Debug\Exceptions->errorHandler(8, 'Undefined varia...', 'C:\\xampp\\htdocs...', 205, Array)
#1 C:\xampp\htdocs\pelaporan\system\CodeIgniter.php(918): App\Controllers\Admin\Admin->ajax_up_images_news()
#2 C:\xampp\htdocs\pelaporan\system\CodeIgniter.php(404): CodeIgniter\CodeIgniter->runController(Object(App\Controllers\Admin\Admin))
#3 C:\xampp\htdocs\pelaporan\system\CodeIgniter.php(312): CodeIgniter\CodeIgniter->handleRequest(NULL, Object(Config\Cache), false)
#4 C:\xampp\htdocs\pelaporan\public\index.php(45): CodeIgniter\CodeIgniter->run()
#5 C:\xampp\htdocs\pelaporan\system\Commands\Server\rewrite.php(34): require_once('C:\\xampp\\htdocs...')
#6 {main}
CRITICAL - 2020-08-04 03:42:37 --> Call to a member function getRandomName() on null
#0 C:\xampp\htdocs\pelaporan\system\CodeIgniter.php(918): App\Controllers\Admin\Admin->ajax_up_images_news()
#1 C:\xampp\htdocs\pelaporan\system\CodeIgniter.php(404): CodeIgniter\CodeIgniter->runController(Object(App\Controllers\Admin\Admin))
#2 C:\xampp\htdocs\pelaporan\system\CodeIgniter.php(312): CodeIgniter\CodeIgniter->handleRequest(NULL, Object(Config\Cache), false)
#3 C:\xampp\htdocs\pelaporan\public\index.php(45): CodeIgniter\CodeIgniter->run()
#4 C:\xampp\htdocs\pelaporan\system\Commands\Server\rewrite.php(34): require_once('C:\\xampp\\htdocs...')
#5 {main}
CRITICAL - 2020-08-04 03:43:00 --> Call to a member function getRandomName() on null
#0 C:\xampp\htdocs\pelaporan\system\CodeIgniter.php(918): App\Controllers\Admin\Admin->ajax_up_images_news()
#1 C:\xampp\htdocs\pelaporan\system\CodeIgniter.php(404): CodeIgniter\CodeIgniter->runController(Object(App\Controllers\Admin\Admin))
#2 C:\xampp\htdocs\pelaporan\system\CodeIgniter.php(312): CodeIgniter\CodeIgniter->handleRequest(NULL, Object(Config\Cache), false)
#3 C:\xampp\htdocs\pelaporan\public\index.php(45): CodeIgniter\CodeIgniter->run()
#4 C:\xampp\htdocs\pelaporan\system\Commands\Server\rewrite.php(34): require_once('C:\\xampp\\htdocs...')
#5 {main}
CRITICAL - 2020-08-04 05:54:42 --> syntax error, unexpected ';', expecting ')'
#0 C:\xampp\htdocs\pelaporan\system\Autoloader\Autoloader.php(296): CodeIgniter\Autoloader\Autoloader->requireFile('C:\\xampp\\htdocs...')
#1 C:\xampp\htdocs\pelaporan\system\Autoloader\Autoloader.php(258): CodeIgniter\Autoloader\Autoloader->loadInNamespace('App\\Controllers...')
#2 [internal function]: CodeIgniter\Autoloader\Autoloader->loadClass('App\\Controllers...')
#3 [internal function]: spl_autoload_call('App\\Controllers...')
#4 C:\xampp\htdocs\pelaporan\system\CodeIgniter.php(869): class_exists('\\App\\Controller...', true)
#5 C:\xampp\htdocs\pelaporan\system\CodeIgniter.php(394): CodeIgniter\CodeIgniter->startController()
#6 C:\xampp\htdocs\pelaporan\system\CodeIgniter.php(312): CodeIgniter\CodeIgniter->handleRequest(NULL, Object(Config\Cache), false)
#7 C:\xampp\htdocs\pelaporan\public\index.php(45): CodeIgniter\CodeIgniter->run()
#8 C:\xampp\htdocs\pelaporan\system\Commands\Server\rewrite.php(34): require_once('C:\\xampp\\htdocs...')
#9 {main}
CRITICAL - 2020-08-04 05:55:18 --> Call to a member function getRandomName() on null
#0 C:\xampp\htdocs\pelaporan\system\CodeIgniter.php(918): App\Controllers\Admin\Admin->up_berita()
#1 C:\xampp\htdocs\pelaporan\system\CodeIgniter.php(404): CodeIgniter\CodeIgniter->runController(Object(App\Controllers\Admin\Admin))
#2 C:\xampp\htdocs\pelaporan\system\CodeIgniter.php(312): CodeIgniter\CodeIgniter->handleRequest(NULL, Object(Config\Cache), false)
#3 C:\xampp\htdocs\pelaporan\public\index.php(45): CodeIgniter\CodeIgniter->run()
#4 C:\xampp\htdocs\pelaporan\system\Commands\Server\rewrite.php(34): require_once('C:\\xampp\\htdocs...')
#5 {main}
CRITICAL - 2020-08-04 05:55:20 --> Call to a member function getRandomName() on null
#0 C:\xampp\htdocs\pelaporan\system\CodeIgniter.php(918): App\Controllers\Admin\Admin->up_berita()
#1 C:\xampp\htdocs\pelaporan\system\CodeIgniter.php(404): CodeIgniter\CodeIgniter->runController(Object(App\Controllers\Admin\Admin))
#2 C:\xampp\htdocs\pelaporan\system\CodeIgniter.php(312): CodeIgniter\CodeIgniter->handleRequest(NULL, Object(Config\Cache), false)
#3 C:\xampp\htdocs\pelaporan\public\index.php(45): CodeIgniter\CodeIgniter->run()
#4 C:\xampp\htdocs\pelaporan\system\Commands\Server\rewrite.php(34): require_once('C:\\xampp\\htdocs...')
#5 {main}
CRITICAL - 2020-08-04 06:06:15 --> Call to a member function getRandomName() on null
#0 C:\xampp\htdocs\pelaporan\system\CodeIgniter.php(918): App\Controllers\Admin\Admin->up_berita()
#1 C:\xampp\htdocs\pelaporan\system\CodeIgniter.php(404): CodeIgniter\CodeIgniter->runController(Object(App\Controllers\Admin\Admin))
#2 C:\xampp\htdocs\pelaporan\system\CodeIgniter.php(312): CodeIgniter\CodeIgniter->handleRequest(NULL, Object(Config\Cache), false)
#3 C:\xampp\htdocs\pelaporan\public\index.php(45): CodeIgniter\CodeIgniter->run()
#4 C:\xampp\htdocs\pelaporan\system\Commands\Server\rewrite.php(34): require_once('C:\\xampp\\htdocs...')
#5 {main}
CRITICAL - 2020-08-04 06:17:52 --> Call to a member function getRandomName() on null
#0 C:\xampp\htdocs\pelaporan\system\CodeIgniter.php(918): App\Controllers\Admin\Admin->up_berita()
#1 C:\xampp\htdocs\pelaporan\system\CodeIgniter.php(404): CodeIgniter\CodeIgniter->runController(Object(App\Controllers\Admin\Admin))
#2 C:\xampp\htdocs\pelaporan\system\CodeIgniter.php(312): CodeIgniter\CodeIgniter->handleRequest(NULL, Object(Config\Cache), false)
#3 C:\xampp\htdocs\pelaporan\public\index.php(45): CodeIgniter\CodeIgniter->run()
#4 C:\xampp\htdocs\pelaporan\system\Commands\Server\rewrite.php(34): require_once('C:\\xampp\\htdocs...')
#5 {main}
CRITICAL - 2020-08-04 06:18:26 --> Call to a member function getRandomName() on null
#0 C:\xampp\htdocs\pelaporan\system\CodeIgniter.php(918): App\Controllers\Admin\Admin->up_berita()
#1 C:\xampp\htdocs\pelaporan\system\CodeIgniter.php(404): CodeIgniter\CodeIgniter->runController(Object(App\Controllers\Admin\Admin))
#2 C:\xampp\htdocs\pelaporan\system\CodeIgniter.php(312): CodeIgniter\CodeIgniter->handleRequest(NULL, Object(Config\Cache), false)
#3 C:\xampp\htdocs\pelaporan\public\index.php(45): CodeIgniter\CodeIgniter->run()
#4 C:\xampp\htdocs\pelaporan\system\Commands\Server\rewrite.php(34): require_once('C:\\xampp\\htdocs...')
#5 {main}
CRITICAL - 2020-08-04 06:18:28 --> Call to a member function getRandomName() on null
#0 C:\xampp\htdocs\pelaporan\system\CodeIgniter.php(918): App\Controllers\Admin\Admin->up_berita()
#1 C:\xampp\htdocs\pelaporan\system\CodeIgniter.php(404): CodeIgniter\CodeIgniter->runController(Object(App\Controllers\Admin\Admin))
#2 C:\xampp\htdocs\pelaporan\system\CodeIgniter.php(312): CodeIgniter\CodeIgniter->handleRequest(NULL, Object(Config\Cache), false)
#3 C:\xampp\htdocs\pelaporan\public\index.php(45): CodeIgniter\CodeIgniter->run()
#4 C:\xampp\htdocs\pelaporan\system\Commands\Server\rewrite.php(34): require_once('C:\\xampp\\htdocs...')
#5 {main}
