CRITICAL - 2020-08-02 16:02:55 --> Unable to connect to the database.
#0 C:\xampp\htdocs\pelaporan\system\Database\BaseConnection.php(646): CodeIgniter\Database\BaseConnection->initialize()
#1 C:\xampp\htdocs\pelaporan\system\Database\BaseBuilder.php(1860): CodeIgniter\Database\BaseConnection->query('SELECT *, `user...', Array, false)
#2 C:\xampp\htdocs\pelaporan\app\Controllers\Admin\Admin.php(16): CodeIgniter\Database\BaseBuilder->get()
#3 C:\xampp\htdocs\pelaporan\system\CodeIgniter.php(918): App\Controllers\Admin\Admin->index()
#4 C:\xampp\htdocs\pelaporan\system\CodeIgniter.php(404): CodeIgniter\CodeIgniter->runController(Object(App\Controllers\Admin\Admin))
#5 C:\xampp\htdocs\pelaporan\system\CodeIgniter.php(312): CodeIgniter\CodeIgniter->handleRequest(NULL, Object(Config\Cache), false)
#6 C:\xampp\htdocs\pelaporan\public\index.php(45): CodeIgniter\CodeIgniter->run()
#7 C:\xampp\htdocs\pelaporan\system\Commands\Server\rewrite.php(34): require_once('C:\\xampp\\htdocs...')
#8 {main}
CRITICAL - 2020-08-02 16:02:56 --> Uncaught ErrorException: print_r(): Property access is not allowed yet in C:\xampp\htdocs\pelaporan\app\Views\errors\html\error_exception.php:100
Stack trace:
#0 [internal function]: CodeIgniter\Debug\Exceptions->errorHandler(2, 'print_r(): Prop...', 'C:\\xampp\\htdocs...', 100, Array)
#1 C:\xampp\htdocs\pelaporan\app\Views\errors\html\error_exception.php(100): print_r(Object(App\Controllers\Admin\Admin), true)
#2 C:\xampp\htdocs\pelaporan\system\Debug\Exceptions.php(308): include('C:\\xampp\\htdocs...')
#3 C:\xampp\htdocs\pelaporan\system\Debug\Exceptions.php(174): CodeIgniter\Debug\Exceptions->render(Object(CodeIgniter\Database\Exceptions\DatabaseException), 500)
#4 [internal function]: CodeIgniter\Debug\Exceptions->exceptionHandler(Object(CodeIgniter\Database\Exceptions\DatabaseException))
#5 {main}
  thrown
#0 [internal function]: CodeIgniter\Debug\Exceptions->shutdownHandler()
#1 {main}
CRITICAL - 2020-08-02 16:06:02 --> Invalid file: admin/base/preview.php
#0 C:\xampp\htdocs\pelaporan\system\View\View.php(228): CodeIgniter\Exceptions\FrameworkException::forInvalidFile('admin/base/prev...')
#1 C:\xampp\htdocs\pelaporan\system\Common.php(1119): CodeIgniter\View\View->render('admin/base/prev...', Array, true)
#2 C:\xampp\htdocs\pelaporan\app\Views\init\__root.php(10): view('admin/base/prev...')
#3 C:\xampp\htdocs\pelaporan\system\View\View.php(246): include('C:\\xampp\\htdocs...')
#4 C:\xampp\htdocs\pelaporan\system\Common.php(1119): CodeIgniter\View\View->render('init/__root', Array, true)
#5 C:\xampp\htdocs\pelaporan\app\Controllers\Admin\Admin.php(32): view('init/__root', Array)
#6 C:\xampp\htdocs\pelaporan\system\CodeIgniter.php(918): App\Controllers\Admin\Admin->preview('IUA2QBNF3L')
#7 C:\xampp\htdocs\pelaporan\system\CodeIgniter.php(404): CodeIgniter\CodeIgniter->runController(Object(App\Controllers\Admin\Admin))
#8 C:\xampp\htdocs\pelaporan\system\CodeIgniter.php(312): CodeIgniter\CodeIgniter->handleRequest(NULL, Object(Config\Cache), false)
#9 C:\xampp\htdocs\pelaporan\public\index.php(45): CodeIgniter\CodeIgniter->run()
#10 C:\xampp\htdocs\pelaporan\system\Commands\Server\rewrite.php(34): require_once('C:\\xampp\\htdocs...')
#11 {main}
CRITICAL - 2020-08-02 16:06:21 --> Invalid file: admin/base/preview.php
#0 C:\xampp\htdocs\pelaporan\system\View\View.php(228): CodeIgniter\Exceptions\FrameworkException::forInvalidFile('admin/base/prev...')
#1 C:\xampp\htdocs\pelaporan\system\Common.php(1119): CodeIgniter\View\View->render('admin/base/prev...', Array, true)
#2 C:\xampp\htdocs\pelaporan\app\Views\init\__root.php(10): view('admin/base/prev...')
#3 C:\xampp\htdocs\pelaporan\system\View\View.php(246): include('C:\\xampp\\htdocs...')
#4 C:\xampp\htdocs\pelaporan\system\Common.php(1119): CodeIgniter\View\View->render('init/__root', Array, true)
#5 C:\xampp\htdocs\pelaporan\app\Controllers\Admin\Admin.php(32): view('init/__root', Array)
#6 C:\xampp\htdocs\pelaporan\system\CodeIgniter.php(918): App\Controllers\Admin\Admin->preview('1')
#7 C:\xampp\htdocs\pelaporan\system\CodeIgniter.php(404): CodeIgniter\CodeIgniter->runController(Object(App\Controllers\Admin\Admin))
#8 C:\xampp\htdocs\pelaporan\system\CodeIgniter.php(312): CodeIgniter\CodeIgniter->handleRequest(NULL, Object(Config\Cache), false)
#9 C:\xampp\htdocs\pelaporan\public\index.php(45): CodeIgniter\CodeIgniter->run()
#10 C:\xampp\htdocs\pelaporan\system\Commands\Server\rewrite.php(34): require_once('C:\\xampp\\htdocs...')
#11 {main}
CRITICAL - 2020-08-02 16:17:34 --> syntax error, unexpected '}'
#0 C:\xampp\htdocs\pelaporan\system\Autoloader\Autoloader.php(296): CodeIgniter\Autoloader\Autoloader->requireFile('C:\\xampp\\htdocs...')
#1 C:\xampp\htdocs\pelaporan\system\Autoloader\Autoloader.php(258): CodeIgniter\Autoloader\Autoloader->loadInNamespace('App\\Controllers...')
#2 [internal function]: CodeIgniter\Autoloader\Autoloader->loadClass('App\\Controllers...')
#3 [internal function]: spl_autoload_call('App\\Controllers...')
#4 C:\xampp\htdocs\pelaporan\system\CodeIgniter.php(869): class_exists('\\App\\Controller...', true)
#5 C:\xampp\htdocs\pelaporan\system\CodeIgniter.php(394): CodeIgniter\CodeIgniter->startController()
#6 C:\xampp\htdocs\pelaporan\system\CodeIgniter.php(312): CodeIgniter\CodeIgniter->handleRequest(NULL, Object(Config\Cache), false)
#7 C:\xampp\htdocs\pelaporan\public\index.php(45): CodeIgniter\CodeIgniter->run()
#8 C:\xampp\htdocs\pelaporan\system\Commands\Server\rewrite.php(34): require_once('C:\\xampp\\htdocs...')
#9 {main}
CRITICAL - 2020-08-02 16:18:33 --> Undefined variable: ex
#0 C:\xampp\htdocs\pelaporan\app\Views\admin\base\preview.php(2): CodeIgniter\Debug\Exceptions->errorHandler(8, 'Undefined varia...', 'C:\\xampp\\htdocs...', 2, Array)
#1 C:\xampp\htdocs\pelaporan\system\View\View.php(246): include('C:\\xampp\\htdocs...')
#2 C:\xampp\htdocs\pelaporan\system\Common.php(1119): CodeIgniter\View\View->render('admin/base/prev...', Array, true)
#3 C:\xampp\htdocs\pelaporan\app\Views\init\__root.php(10): view('admin/base/prev...')
#4 C:\xampp\htdocs\pelaporan\system\View\View.php(246): include('C:\\xampp\\htdocs...')
#5 C:\xampp\htdocs\pelaporan\system\Common.php(1119): CodeIgniter\View\View->render('init/__root', Array, true)
#6 C:\xampp\htdocs\pelaporan\app\Controllers\Admin\Admin.php(33): view('init/__root', Array)
#7 C:\xampp\htdocs\pelaporan\system\CodeIgniter.php(918): App\Controllers\Admin\Admin->preview('IUA2QBNF3L')
#8 C:\xampp\htdocs\pelaporan\system\CodeIgniter.php(404): CodeIgniter\CodeIgniter->runController(Object(App\Controllers\Admin\Admin))
#9 C:\xampp\htdocs\pelaporan\system\CodeIgniter.php(312): CodeIgniter\CodeIgniter->handleRequest(NULL, Object(Config\Cache), false)
#10 C:\xampp\htdocs\pelaporan\public\index.php(45): CodeIgniter\CodeIgniter->run()
#11 C:\xampp\htdocs\pelaporan\system\Commands\Server\rewrite.php(34): require_once('C:\\xampp\\htdocs...')
#12 {main}
CRITICAL - 2020-08-02 16:22:38 --> Undefined variable: data
#0 C:\xampp\htdocs\pelaporan\app\Views\admin\base\preview.php(16): CodeIgniter\Debug\Exceptions->errorHandler(8, 'Undefined varia...', 'C:\\xampp\\htdocs...', 16, Array)
#1 C:\xampp\htdocs\pelaporan\system\View\View.php(246): include('C:\\xampp\\htdocs...')
#2 C:\xampp\htdocs\pelaporan\system\Common.php(1119): CodeIgniter\View\View->render('admin/base/prev...', Array, true)
#3 C:\xampp\htdocs\pelaporan\app\Views\init\__root.php(10): view('admin/base/prev...')
#4 C:\xampp\htdocs\pelaporan\system\View\View.php(246): include('C:\\xampp\\htdocs...')
#5 C:\xampp\htdocs\pelaporan\system\Common.php(1119): CodeIgniter\View\View->render('init/__root', Array, true)
#6 C:\xampp\htdocs\pelaporan\app\Controllers\Admin\Admin.php(33): view('init/__root', Array)
#7 C:\xampp\htdocs\pelaporan\system\CodeIgniter.php(918): App\Controllers\Admin\Admin->preview('IUA2QBNF3L')
#8 C:\xampp\htdocs\pelaporan\system\CodeIgniter.php(404): CodeIgniter\CodeIgniter->runController(Object(App\Controllers\Admin\Admin))
#9 C:\xampp\htdocs\pelaporan\system\CodeIgniter.php(312): CodeIgniter\CodeIgniter->handleRequest(NULL, Object(Config\Cache), false)
#10 C:\xampp\htdocs\pelaporan\public\index.php(45): CodeIgniter\CodeIgniter->run()
#11 C:\xampp\htdocs\pelaporan\system\Commands\Server\rewrite.php(34): require_once('C:\\xampp\\htdocs...')
#12 {main}
CRITICAL - 2020-08-02 16:22:54 --> Cannot unset string offsets
#0 C:\xampp\htdocs\pelaporan\system\View\View.php(246): include()
#1 C:\xampp\htdocs\pelaporan\system\Common.php(1119): CodeIgniter\View\View->render('admin/base/prev...', Array, true)
#2 C:\xampp\htdocs\pelaporan\app\Views\init\__root.php(10): view('admin/base/prev...')
#3 C:\xampp\htdocs\pelaporan\system\View\View.php(246): include('C:\\xampp\\htdocs...')
#4 C:\xampp\htdocs\pelaporan\system\Common.php(1119): CodeIgniter\View\View->render('init/__root', Array, true)
#5 C:\xampp\htdocs\pelaporan\app\Controllers\Admin\Admin.php(33): view('init/__root', Array)
#6 C:\xampp\htdocs\pelaporan\system\CodeIgniter.php(918): App\Controllers\Admin\Admin->preview('IUA2QBNF3L')
#7 C:\xampp\htdocs\pelaporan\system\CodeIgniter.php(404): CodeIgniter\CodeIgniter->runController(Object(App\Controllers\Admin\Admin))
#8 C:\xampp\htdocs\pelaporan\system\CodeIgniter.php(312): CodeIgniter\CodeIgniter->handleRequest(NULL, Object(Config\Cache), false)
#9 C:\xampp\htdocs\pelaporan\public\index.php(45): CodeIgniter\CodeIgniter->run()
#10 C:\xampp\htdocs\pelaporan\system\Commands\Server\rewrite.php(34): require_once('C:\\xampp\\htdocs...')
#11 {main}
CRITICAL - 2020-08-02 16:23:18 --> Cannot unset string offsets
#0 C:\xampp\htdocs\pelaporan\system\View\View.php(246): include()
#1 C:\xampp\htdocs\pelaporan\system\Common.php(1119): CodeIgniter\View\View->render('admin/base/prev...', Array, true)
#2 C:\xampp\htdocs\pelaporan\app\Views\init\__root.php(10): view('admin/base/prev...')
#3 C:\xampp\htdocs\pelaporan\system\View\View.php(246): include('C:\\xampp\\htdocs...')
#4 C:\xampp\htdocs\pelaporan\system\Common.php(1119): CodeIgniter\View\View->render('init/__root', Array, true)
#5 C:\xampp\htdocs\pelaporan\app\Controllers\Admin\Admin.php(33): view('init/__root', Array)
#6 C:\xampp\htdocs\pelaporan\system\CodeIgniter.php(918): App\Controllers\Admin\Admin->preview('IUA2QBNF3L')
#7 C:\xampp\htdocs\pelaporan\system\CodeIgniter.php(404): CodeIgniter\CodeIgniter->runController(Object(App\Controllers\Admin\Admin))
#8 C:\xampp\htdocs\pelaporan\system\CodeIgniter.php(312): CodeIgniter\CodeIgniter->handleRequest(NULL, Object(Config\Cache), false)
#9 C:\xampp\htdocs\pelaporan\public\index.php(45): CodeIgniter\CodeIgniter->run()
#10 C:\xampp\htdocs\pelaporan\system\Commands\Server\rewrite.php(34): require_once('C:\\xampp\\htdocs...')
#11 {main}
CRITICAL - 2020-08-02 16:23:20 --> Cannot unset string offsets
#0 C:\xampp\htdocs\pelaporan\system\View\View.php(246): include()
#1 C:\xampp\htdocs\pelaporan\system\Common.php(1119): CodeIgniter\View\View->render('admin/base/prev...', Array, true)
#2 C:\xampp\htdocs\pelaporan\app\Views\init\__root.php(10): view('admin/base/prev...')
#3 C:\xampp\htdocs\pelaporan\system\View\View.php(246): include('C:\\xampp\\htdocs...')
#4 C:\xampp\htdocs\pelaporan\system\Common.php(1119): CodeIgniter\View\View->render('init/__root', Array, true)
#5 C:\xampp\htdocs\pelaporan\app\Controllers\Admin\Admin.php(33): view('init/__root', Array)
#6 C:\xampp\htdocs\pelaporan\system\CodeIgniter.php(918): App\Controllers\Admin\Admin->preview('pages', 'ui-elements', 'typography.html')
#7 C:\xampp\htdocs\pelaporan\system\CodeIgniter.php(404): CodeIgniter\CodeIgniter->runController(Object(App\Controllers\Admin\Admin))
#8 C:\xampp\htdocs\pelaporan\system\CodeIgniter.php(312): CodeIgniter\CodeIgniter->handleRequest(NULL, Object(Config\Cache), false)
#9 C:\xampp\htdocs\pelaporan\public\index.php(45): CodeIgniter\CodeIgniter->run()
#10 C:\xampp\htdocs\pelaporan\system\Commands\Server\rewrite.php(34): require_once('C:\\xampp\\htdocs...')
#11 {main}
CRITICAL - 2020-08-02 16:23:29 --> Cannot unset string offsets
#0 C:\xampp\htdocs\pelaporan\system\View\View.php(246): include()
#1 C:\xampp\htdocs\pelaporan\system\Common.php(1119): CodeIgniter\View\View->render('admin/base/prev...', Array, true)
#2 C:\xampp\htdocs\pelaporan\app\Views\init\__root.php(10): view('admin/base/prev...')
#3 C:\xampp\htdocs\pelaporan\system\View\View.php(246): include('C:\\xampp\\htdocs...')
#4 C:\xampp\htdocs\pelaporan\system\Common.php(1119): CodeIgniter\View\View->render('init/__root', Array, true)
#5 C:\xampp\htdocs\pelaporan\app\Controllers\Admin\Admin.php(33): view('init/__root', Array)
#6 C:\xampp\htdocs\pelaporan\system\CodeIgniter.php(918): App\Controllers\Admin\Admin->preview('pages', 'ui-elements', 'typography.html')
#7 C:\xampp\htdocs\pelaporan\system\CodeIgniter.php(404): CodeIgniter\CodeIgniter->runController(Object(App\Controllers\Admin\Admin))
#8 C:\xampp\htdocs\pelaporan\system\CodeIgniter.php(312): CodeIgniter\CodeIgniter->handleRequest(NULL, Object(Config\Cache), false)
#9 C:\xampp\htdocs\pelaporan\public\index.php(45): CodeIgniter\CodeIgniter->run()
#10 C:\xampp\htdocs\pelaporan\system\Commands\Server\rewrite.php(34): require_once('C:\\xampp\\htdocs...')
#11 {main}
CRITICAL - 2020-08-02 16:23:38 --> Undefined variable: key
#0 C:\xampp\htdocs\pelaporan\app\Views\admin\base\preview.php(21): CodeIgniter\Debug\Exceptions->errorHandler(8, 'Undefined varia...', 'C:\\xampp\\htdocs...', 21, Array)
#1 C:\xampp\htdocs\pelaporan\system\View\View.php(246): include('C:\\xampp\\htdocs...')
#2 C:\xampp\htdocs\pelaporan\system\Common.php(1119): CodeIgniter\View\View->render('admin/base/prev...', Array, true)
#3 C:\xampp\htdocs\pelaporan\app\Views\init\__root.php(10): view('admin/base/prev...')
#4 C:\xampp\htdocs\pelaporan\system\View\View.php(246): include('C:\\xampp\\htdocs...')
#5 C:\xampp\htdocs\pelaporan\system\Common.php(1119): CodeIgniter\View\View->render('init/__root', Array, true)
#6 C:\xampp\htdocs\pelaporan\app\Controllers\Admin\Admin.php(33): view('init/__root', Array)
#7 C:\xampp\htdocs\pelaporan\system\CodeIgniter.php(918): App\Controllers\Admin\Admin->preview('pages', 'ui-elements', 'typography.html')
#8 C:\xampp\htdocs\pelaporan\system\CodeIgniter.php(404): CodeIgniter\CodeIgniter->runController(Object(App\Controllers\Admin\Admin))
#9 C:\xampp\htdocs\pelaporan\system\CodeIgniter.php(312): CodeIgniter\CodeIgniter->handleRequest(NULL, Object(Config\Cache), false)
#10 C:\xampp\htdocs\pelaporan\public\index.php(45): CodeIgniter\CodeIgniter->run()
#11 C:\xampp\htdocs\pelaporan\system\Commands\Server\rewrite.php(34): require_once('C:\\xampp\\htdocs...')
#12 {main}
CRITICAL - 2020-08-02 16:25:59 --> Cannot unset string offsets
#0 C:\xampp\htdocs\pelaporan\system\View\View.php(246): include()
#1 C:\xampp\htdocs\pelaporan\system\Common.php(1119): CodeIgniter\View\View->render('admin/base/prev...', Array, true)
#2 C:\xampp\htdocs\pelaporan\app\Views\init\__root.php(10): view('admin/base/prev...')
#3 C:\xampp\htdocs\pelaporan\system\View\View.php(246): include('C:\\xampp\\htdocs...')
#4 C:\xampp\htdocs\pelaporan\system\Common.php(1119): CodeIgniter\View\View->render('init/__root', Array, true)
#5 C:\xampp\htdocs\pelaporan\app\Controllers\Admin\Admin.php(33): view('init/__root', Array)
#6 C:\xampp\htdocs\pelaporan\system\CodeIgniter.php(918): App\Controllers\Admin\Admin->preview('pages', 'ui-elements', 'typography.html')
#7 C:\xampp\htdocs\pelaporan\system\CodeIgniter.php(404): CodeIgniter\CodeIgniter->runController(Object(App\Controllers\Admin\Admin))
#8 C:\xampp\htdocs\pelaporan\system\CodeIgniter.php(312): CodeIgniter\CodeIgniter->handleRequest(NULL, Object(Config\Cache), false)
#9 C:\xampp\htdocs\pelaporan\public\index.php(45): CodeIgniter\CodeIgniter->run()
#10 C:\xampp\htdocs\pelaporan\system\Commands\Server\rewrite.php(34): require_once('C:\\xampp\\htdocs...')
#11 {main}
CRITICAL - 2020-08-02 16:26:09 --> Cannot unset string offsets
#0 C:\xampp\htdocs\pelaporan\system\View\View.php(246): include()
#1 C:\xampp\htdocs\pelaporan\system\Common.php(1119): CodeIgniter\View\View->render('admin/base/prev...', Array, true)
#2 C:\xampp\htdocs\pelaporan\app\Views\init\__root.php(10): view('admin/base/prev...')
#3 C:\xampp\htdocs\pelaporan\system\View\View.php(246): include('C:\\xampp\\htdocs...')
#4 C:\xampp\htdocs\pelaporan\system\Common.php(1119): CodeIgniter\View\View->render('init/__root', Array, true)
#5 C:\xampp\htdocs\pelaporan\app\Controllers\Admin\Admin.php(33): view('init/__root', Array)
#6 C:\xampp\htdocs\pelaporan\system\CodeIgniter.php(918): App\Controllers\Admin\Admin->preview('IUA2QBNF3L')
#7 C:\xampp\htdocs\pelaporan\system\CodeIgniter.php(404): CodeIgniter\CodeIgniter->runController(Object(App\Controllers\Admin\Admin))
#8 C:\xampp\htdocs\pelaporan\system\CodeIgniter.php(312): CodeIgniter\CodeIgniter->handleRequest(NULL, Object(Config\Cache), false)
#9 C:\xampp\htdocs\pelaporan\public\index.php(45): CodeIgniter\CodeIgniter->run()
#10 C:\xampp\htdocs\pelaporan\system\Commands\Server\rewrite.php(34): require_once('C:\\xampp\\htdocs...')
#11 {main}
CRITICAL - 2020-08-02 16:34:02 --> Call to a member function fetch_assoc() on array
#0 C:\xampp\htdocs\pelaporan\system\View\View.php(246): include()
#1 C:\xampp\htdocs\pelaporan\system\Common.php(1119): CodeIgniter\View\View->render('admin/base/prev...', Array, true)
#2 C:\xampp\htdocs\pelaporan\app\Views\init\__root.php(10): view('admin/base/prev...')
#3 C:\xampp\htdocs\pelaporan\system\View\View.php(246): include('C:\\xampp\\htdocs...')
#4 C:\xampp\htdocs\pelaporan\system\Common.php(1119): CodeIgniter\View\View->render('init/__root', Array, true)
#5 C:\xampp\htdocs\pelaporan\app\Controllers\Admin\Admin.php(33): view('init/__root', Array)
#6 C:\xampp\htdocs\pelaporan\system\CodeIgniter.php(918): App\Controllers\Admin\Admin->preview('IUA2QBNF3L')
#7 C:\xampp\htdocs\pelaporan\system\CodeIgniter.php(404): CodeIgniter\CodeIgniter->runController(Object(App\Controllers\Admin\Admin))
#8 C:\xampp\htdocs\pelaporan\system\CodeIgniter.php(312): CodeIgniter\CodeIgniter->handleRequest(NULL, Object(Config\Cache), false)
#9 C:\xampp\htdocs\pelaporan\public\index.php(45): CodeIgniter\CodeIgniter->run()
#10 C:\xampp\htdocs\pelaporan\system\Commands\Server\rewrite.php(34): require_once('C:\\xampp\\htdocs...')
#11 {main}
CRITICAL - 2020-08-02 16:34:33 --> syntax error, unexpected '}'
#0 C:\xampp\htdocs\pelaporan\system\Autoloader\Autoloader.php(296): CodeIgniter\Autoloader\Autoloader->requireFile('C:\\xampp\\htdocs...')
#1 C:\xampp\htdocs\pelaporan\system\Autoloader\Autoloader.php(258): CodeIgniter\Autoloader\Autoloader->loadInNamespace('App\\Controllers...')
#2 [internal function]: CodeIgniter\Autoloader\Autoloader->loadClass('App\\Controllers...')
#3 [internal function]: spl_autoload_call('App\\Controllers...')
#4 C:\xampp\htdocs\pelaporan\system\CodeIgniter.php(869): class_exists('\\App\\Controller...', true)
#5 C:\xampp\htdocs\pelaporan\system\CodeIgniter.php(394): CodeIgniter\CodeIgniter->startController()
#6 C:\xampp\htdocs\pelaporan\system\CodeIgniter.php(312): CodeIgniter\CodeIgniter->handleRequest(NULL, Object(Config\Cache), false)
#7 C:\xampp\htdocs\pelaporan\public\index.php(45): CodeIgniter\CodeIgniter->run()
#8 C:\xampp\htdocs\pelaporan\system\Commands\Server\rewrite.php(34): require_once('C:\\xampp\\htdocs...')
#9 {main}
CRITICAL - 2020-08-02 16:34:40 --> Call to a member function fetch_assoc() on array
#0 C:\xampp\htdocs\pelaporan\system\CodeIgniter.php(918): App\Controllers\Admin\Admin->preview('IUA2QBNF3L')
#1 C:\xampp\htdocs\pelaporan\system\CodeIgniter.php(404): CodeIgniter\CodeIgniter->runController(Object(App\Controllers\Admin\Admin))
#2 C:\xampp\htdocs\pelaporan\system\CodeIgniter.php(312): CodeIgniter\CodeIgniter->handleRequest(NULL, Object(Config\Cache), false)
#3 C:\xampp\htdocs\pelaporan\public\index.php(45): CodeIgniter\CodeIgniter->run()
#4 C:\xampp\htdocs\pelaporan\system\Commands\Server\rewrite.php(34): require_once('C:\\xampp\\htdocs...')
#5 {main}
CRITICAL - 2020-08-02 16:37:03 --> Illegal string offset 'nama'
#0 C:\xampp\htdocs\pelaporan\app\Controllers\Admin\Admin.php(34): CodeIgniter\Debug\Exceptions->errorHandler(2, 'Illegal string ...', 'C:\\xampp\\htdocs...', 34, Array)
#1 C:\xampp\htdocs\pelaporan\system\CodeIgniter.php(918): App\Controllers\Admin\Admin->preview('IUA2QBNF3L')
#2 C:\xampp\htdocs\pelaporan\system\CodeIgniter.php(404): CodeIgniter\CodeIgniter->runController(Object(App\Controllers\Admin\Admin))
#3 C:\xampp\htdocs\pelaporan\system\CodeIgniter.php(312): CodeIgniter\CodeIgniter->handleRequest(NULL, Object(Config\Cache), false)
#4 C:\xampp\htdocs\pelaporan\public\index.php(45): CodeIgniter\CodeIgniter->run()
#5 C:\xampp\htdocs\pelaporan\system\Commands\Server\rewrite.php(34): require_once('C:\\xampp\\htdocs...')
#6 {main}
CRITICAL - 2020-08-02 16:38:21 --> Call to undefined function App\Controllers\Admin\objectToArray()
#0 C:\xampp\htdocs\pelaporan\system\CodeIgniter.php(918): App\Controllers\Admin\Admin->preview('IUA2QBNF3L')
#1 C:\xampp\htdocs\pelaporan\system\CodeIgniter.php(404): CodeIgniter\CodeIgniter->runController(Object(App\Controllers\Admin\Admin))
#2 C:\xampp\htdocs\pelaporan\system\CodeIgniter.php(312): CodeIgniter\CodeIgniter->handleRequest(NULL, Object(Config\Cache), false)
#3 C:\xampp\htdocs\pelaporan\public\index.php(45): CodeIgniter\CodeIgniter->run()
#4 C:\xampp\htdocs\pelaporan\system\Commands\Server\rewrite.php(34): require_once('C:\\xampp\\htdocs...')
#5 {main}
CRITICAL - 2020-08-02 16:39:11 --> Undefined property: App\Controllers\Admin\Admin::$usedObjects
#0 C:\xampp\htdocs\pelaporan\app\Controllers\Admin\Admin.php(37): CodeIgniter\Debug\Exceptions->errorHandler(8, 'Undefined prope...', 'C:\\xampp\\htdocs...', 37, Array)
#1 C:\xampp\htdocs\pelaporan\app\Controllers\Admin\Admin.php(33): App\Controllers\Admin\Admin->objectToArray(Array)
#2 C:\xampp\htdocs\pelaporan\system\CodeIgniter.php(918): App\Controllers\Admin\Admin->preview('IUA2QBNF3L')
#3 C:\xampp\htdocs\pelaporan\system\CodeIgniter.php(404): CodeIgniter\CodeIgniter->runController(Object(App\Controllers\Admin\Admin))
#4 C:\xampp\htdocs\pelaporan\system\CodeIgniter.php(312): CodeIgniter\CodeIgniter->handleRequest(NULL, Object(Config\Cache), false)
#5 C:\xampp\htdocs\pelaporan\public\index.php(45): CodeIgniter\CodeIgniter->run()
#6 C:\xampp\htdocs\pelaporan\system\Commands\Server\rewrite.php(34): require_once('C:\\xampp\\htdocs...')
#7 {main}
CRITICAL - 2020-08-02 16:53:51 --> Trying to get property 'masalah' of non-object
#0 C:\xampp\htdocs\pelaporan\app\Views\admin\base\preview.php(46): CodeIgniter\Debug\Exceptions->errorHandler(8, 'Trying to get p...', 'C:\\xampp\\htdocs...', 46, Array)
#1 C:\xampp\htdocs\pelaporan\system\View\View.php(246): include('C:\\xampp\\htdocs...')
#2 C:\xampp\htdocs\pelaporan\system\Common.php(1119): CodeIgniter\View\View->render('admin/base/prev...', Array, true)
#3 C:\xampp\htdocs\pelaporan\app\Views\init\__root.php(10): view('admin/base/prev...')
#4 C:\xampp\htdocs\pelaporan\system\View\View.php(246): include('C:\\xampp\\htdocs...')
#5 C:\xampp\htdocs\pelaporan\system\Common.php(1119): CodeIgniter\View\View->render('init/__root', Array, true)
#6 C:\xampp\htdocs\pelaporan\app\Controllers\Admin\Admin.php(34): view('init/__root', Array)
#7 C:\xampp\htdocs\pelaporan\system\CodeIgniter.php(918): App\Controllers\Admin\Admin->preview('IUA2QBNF3L')
#8 C:\xampp\htdocs\pelaporan\system\CodeIgniter.php(404): CodeIgniter\CodeIgniter->runController(Object(App\Controllers\Admin\Admin))
#9 C:\xampp\htdocs\pelaporan\system\CodeIgniter.php(312): CodeIgniter\CodeIgniter->handleRequest(NULL, Object(Config\Cache), false)
#10 C:\xampp\htdocs\pelaporan\public\index.php(45): CodeIgniter\CodeIgniter->run()
#11 C:\xampp\htdocs\pelaporan\system\Commands\Server\rewrite.php(34): require_once('C:\\xampp\\htdocs...')
#12 {main}
CRITICAL - 2020-08-02 17:10:20 --> syntax error, unexpected ''new'' (T_CONSTANT_ENCAPSED_STRING), expecting ']'
#0 C:\xampp\htdocs\pelaporan\system\Autoloader\Autoloader.php(296): CodeIgniter\Autoloader\Autoloader->requireFile('C:\\xampp\\htdocs...')
#1 C:\xampp\htdocs\pelaporan\system\Autoloader\Autoloader.php(258): CodeIgniter\Autoloader\Autoloader->loadInNamespace('App\\Controllers...')
#2 [internal function]: CodeIgniter\Autoloader\Autoloader->loadClass('App\\Controllers...')
#3 [internal function]: spl_autoload_call('App\\Controllers...')
#4 C:\xampp\htdocs\pelaporan\system\CodeIgniter.php(869): class_exists('\\App\\Controller...', true)
#5 C:\xampp\htdocs\pelaporan\system\CodeIgniter.php(394): CodeIgniter\CodeIgniter->startController()
#6 C:\xampp\htdocs\pelaporan\system\CodeIgniter.php(312): CodeIgniter\CodeIgniter->handleRequest(NULL, Object(Config\Cache), false)
#7 C:\xampp\htdocs\pelaporan\public\index.php(45): CodeIgniter\CodeIgniter->run()
#8 C:\xampp\htdocs\pelaporan\system\Commands\Server\rewrite.php(34): require_once('C:\\xampp\\htdocs...')
#9 {main}
CRITICAL - 2020-08-02 17:12:22 --> include(../ajax/adm_ajx_preview.php): failed to open stream: No such file or directory
#0 C:\xampp\htdocs\pelaporan\app\Views\admin\frontend\footer.php(27): CodeIgniter\Debug\Exceptions->errorHandler(2, 'include(../ajax...', 'C:\\xampp\\htdocs...', 27, Array)
#1 C:\xampp\htdocs\pelaporan\app\Views\admin\frontend\footer.php(27): include()
#2 C:\xampp\htdocs\pelaporan\system\View\View.php(246): include('C:\\xampp\\htdocs...')
#3 C:\xampp\htdocs\pelaporan\system\Common.php(1119): CodeIgniter\View\View->render('admin/frontend/...', Array, true)
#4 C:\xampp\htdocs\pelaporan\app\Views\init\__root.php(13): view('admin/frontend/...')
#5 C:\xampp\htdocs\pelaporan\system\View\View.php(246): include('C:\\xampp\\htdocs...')
#6 C:\xampp\htdocs\pelaporan\system\Common.php(1119): CodeIgniter\View\View->render('init/__root', Array, true)
#7 C:\xampp\htdocs\pelaporan\app\Controllers\Admin\Admin.php(35): view('init/__root', Array)
#8 C:\xampp\htdocs\pelaporan\system\CodeIgniter.php(918): App\Controllers\Admin\Admin->preview('IUA2QBNF3L')
#9 C:\xampp\htdocs\pelaporan\system\CodeIgniter.php(404): CodeIgniter\CodeIgniter->runController(Object(App\Controllers\Admin\Admin))
#10 C:\xampp\htdocs\pelaporan\system\CodeIgniter.php(312): CodeIgniter\CodeIgniter->handleRequest(NULL, Object(Config\Cache), false)
#11 C:\xampp\htdocs\pelaporan\public\index.php(45): CodeIgniter\CodeIgniter->run()
#12 C:\xampp\htdocs\pelaporan\system\Commands\Server\rewrite.php(34): require_once('C:\\xampp\\htdocs...')
#13 {main}
CRITICAL - 2020-08-02 17:12:35 --> include(../ajax/adm_ajx_preview.php): failed to open stream: No such file or directory
#0 C:\xampp\htdocs\pelaporan\app\Views\admin\frontend\footer.php(27): CodeIgniter\Debug\Exceptions->errorHandler(2, 'include(../ajax...', 'C:\\xampp\\htdocs...', 27, Array)
#1 C:\xampp\htdocs\pelaporan\app\Views\admin\frontend\footer.php(27): include()
#2 C:\xampp\htdocs\pelaporan\system\View\View.php(246): include('C:\\xampp\\htdocs...')
#3 C:\xampp\htdocs\pelaporan\system\Common.php(1119): CodeIgniter\View\View->render('admin/frontend/...', Array, true)
#4 C:\xampp\htdocs\pelaporan\app\Views\init\__root.php(13): view('admin/frontend/...')
#5 C:\xampp\htdocs\pelaporan\system\View\View.php(246): include('C:\\xampp\\htdocs...')
#6 C:\xampp\htdocs\pelaporan\system\Common.php(1119): CodeIgniter\View\View->render('init/__root', Array, true)
#7 C:\xampp\htdocs\pelaporan\app\Controllers\Admin\Admin.php(35): view('init/__root', Array)
#8 C:\xampp\htdocs\pelaporan\system\CodeIgniter.php(918): App\Controllers\Admin\Admin->preview('IUA2QBNF3L')
#9 C:\xampp\htdocs\pelaporan\system\CodeIgniter.php(404): CodeIgniter\CodeIgniter->runController(Object(App\Controllers\Admin\Admin))
#10 C:\xampp\htdocs\pelaporan\system\CodeIgniter.php(312): CodeIgniter\CodeIgniter->handleRequest(NULL, Object(Config\Cache), false)
#11 C:\xampp\htdocs\pelaporan\public\index.php(45): CodeIgniter\CodeIgniter->run()
#12 C:\xampp\htdocs\pelaporan\system\Commands\Server\rewrite.php(34): require_once('C:\\xampp\\htdocs...')
#13 {main}
CRITICAL - 2020-08-02 17:13:46 --> include(../ajax/adm_ajx_preview.php): failed to open stream: No such file or directory
#0 C:\xampp\htdocs\pelaporan\app\Views\admin\frontend\footer.php(27): CodeIgniter\Debug\Exceptions->errorHandler(2, 'include(../ajax...', 'C:\\xampp\\htdocs...', 27, Array)
#1 C:\xampp\htdocs\pelaporan\app\Views\admin\frontend\footer.php(27): include()
#2 C:\xampp\htdocs\pelaporan\system\View\View.php(246): include('C:\\xampp\\htdocs...')
#3 C:\xampp\htdocs\pelaporan\system\Common.php(1119): CodeIgniter\View\View->render('admin/frontend/...', Array, true)
#4 C:\xampp\htdocs\pelaporan\app\Views\init\__root.php(13): view('admin/frontend/...')
#5 C:\xampp\htdocs\pelaporan\system\View\View.php(246): include('C:\\xampp\\htdocs...')
#6 C:\xampp\htdocs\pelaporan\system\Common.php(1119): CodeIgniter\View\View->render('init/__root', Array, true)
#7 C:\xampp\htdocs\pelaporan\app\Controllers\Admin\Admin.php(35): view('init/__root', Array)
#8 C:\xampp\htdocs\pelaporan\system\CodeIgniter.php(918): App\Controllers\Admin\Admin->preview('IUA2QBNF3L')
#9 C:\xampp\htdocs\pelaporan\system\CodeIgniter.php(404): CodeIgniter\CodeIgniter->runController(Object(App\Controllers\Admin\Admin))
#10 C:\xampp\htdocs\pelaporan\system\CodeIgniter.php(312): CodeIgniter\CodeIgniter->handleRequest(NULL, Object(Config\Cache), false)
#11 C:\xampp\htdocs\pelaporan\public\index.php(45): CodeIgniter\CodeIgniter->run()
#12 C:\xampp\htdocs\pelaporan\system\Commands\Server\rewrite.php(34): require_once('C:\\xampp\\htdocs...')
#13 {main}
CRITICAL - 2020-08-02 17:14:22 --> include(./ajax/adm_ajx_preview.php): failed to open stream: No such file or directory
#0 C:\xampp\htdocs\pelaporan\app\Views\admin\frontend\footer.php(27): CodeIgniter\Debug\Exceptions->errorHandler(2, 'include(./ajax/...', 'C:\\xampp\\htdocs...', 27, Array)
#1 C:\xampp\htdocs\pelaporan\app\Views\admin\frontend\footer.php(27): include()
#2 C:\xampp\htdocs\pelaporan\system\View\View.php(246): include('C:\\xampp\\htdocs...')
#3 C:\xampp\htdocs\pelaporan\system\Common.php(1119): CodeIgniter\View\View->render('admin/frontend/...', Array, true)
#4 C:\xampp\htdocs\pelaporan\app\Views\init\__root.php(13): view('admin/frontend/...')
#5 C:\xampp\htdocs\pelaporan\system\View\View.php(246): include('C:\\xampp\\htdocs...')
#6 C:\xampp\htdocs\pelaporan\system\Common.php(1119): CodeIgniter\View\View->render('init/__root', Array, true)
#7 C:\xampp\htdocs\pelaporan\app\Controllers\Admin\Admin.php(35): view('init/__root', Array)
#8 C:\xampp\htdocs\pelaporan\system\CodeIgniter.php(918): App\Controllers\Admin\Admin->preview('IUA2QBNF3L')
#9 C:\xampp\htdocs\pelaporan\system\CodeIgniter.php(404): CodeIgniter\CodeIgniter->runController(Object(App\Controllers\Admin\Admin))
#10 C:\xampp\htdocs\pelaporan\system\CodeIgniter.php(312): CodeIgniter\CodeIgniter->handleRequest(NULL, Object(Config\Cache), false)
#11 C:\xampp\htdocs\pelaporan\public\index.php(45): CodeIgniter\CodeIgniter->run()
#12 C:\xampp\htdocs\pelaporan\system\Commands\Server\rewrite.php(34): require_once('C:\\xampp\\htdocs...')
#13 {main}
CRITICAL - 2020-08-02 18:28:57 --> Class 'App\Libraries\PHPMailer\PHPMailer\PHPMailer' not found
#0 C:\xampp\htdocs\pelaporan\system\CodeIgniter.php(918): App\Controllers\Admin\Admin->upStatus_next_proses()
#1 C:\xampp\htdocs\pelaporan\system\CodeIgniter.php(404): CodeIgniter\CodeIgniter->runController(Object(App\Controllers\Admin\Admin))
#2 C:\xampp\htdocs\pelaporan\system\CodeIgniter.php(312): CodeIgniter\CodeIgniter->handleRequest(NULL, Object(Config\Cache), false)
#3 C:\xampp\htdocs\pelaporan\public\index.php(45): CodeIgniter\CodeIgniter->run()
#4 C:\xampp\htdocs\pelaporan\system\Commands\Server\rewrite.php(34): require_once('C:\\xampp\\htdocs...')
#5 {main}
CRITICAL - 2020-08-02 18:33:20 --> syntax error, unexpected '}'
#0 C:\xampp\htdocs\pelaporan\system\Autoloader\Autoloader.php(296): CodeIgniter\Autoloader\Autoloader->requireFile('C:\\xampp\\htdocs...')
#1 C:\xampp\htdocs\pelaporan\system\Autoloader\Autoloader.php(258): CodeIgniter\Autoloader\Autoloader->loadInNamespace('App\\Controllers...')
#2 [internal function]: CodeIgniter\Autoloader\Autoloader->loadClass('App\\Controllers...')
#3 [internal function]: spl_autoload_call('App\\Controllers...')
#4 C:\xampp\htdocs\pelaporan\system\CodeIgniter.php(869): class_exists('\\App\\Controller...', true)
#5 C:\xampp\htdocs\pelaporan\system\CodeIgniter.php(394): CodeIgniter\CodeIgniter->startController()
#6 C:\xampp\htdocs\pelaporan\system\CodeIgniter.php(312): CodeIgniter\CodeIgniter->handleRequest(NULL, Object(Config\Cache), false)
#7 C:\xampp\htdocs\pelaporan\public\index.php(45): CodeIgniter\CodeIgniter->run()
#8 C:\xampp\htdocs\pelaporan\system\Commands\Server\rewrite.php(34): require_once('C:\\xampp\\htdocs...')
#9 {main}
CRITICAL - 2020-08-02 18:33:31 --> Undefined variable: to
#0 C:\xampp\htdocs\pelaporan\app\Controllers\Admin\Admin.php(56): CodeIgniter\Debug\Exceptions->errorHandler(8, 'Undefined varia...', 'C:\\xampp\\htdocs...', 56, Array)
#1 C:\xampp\htdocs\pelaporan\system\CodeIgniter.php(918): App\Controllers\Admin\Admin->upStatus_next_proses()
#2 C:\xampp\htdocs\pelaporan\system\CodeIgniter.php(404): CodeIgniter\CodeIgniter->runController(Object(App\Controllers\Admin\Admin))
#3 C:\xampp\htdocs\pelaporan\system\CodeIgniter.php(312): CodeIgniter\CodeIgniter->handleRequest(NULL, Object(Config\Cache), false)
#4 C:\xampp\htdocs\pelaporan\public\index.php(45): CodeIgniter\CodeIgniter->run()
#5 C:\xampp\htdocs\pelaporan\system\Commands\Server\rewrite.php(34): require_once('C:\\xampp\\htdocs...')
#6 {main}
CRITICAL - 2020-08-02 18:42:13 --> syntax error, unexpected ',', expecting ';'
#0 C:\xampp\htdocs\pelaporan\system\Autoloader\Autoloader.php(296): CodeIgniter\Autoloader\Autoloader->requireFile('C:\\xampp\\htdocs...')
#1 C:\xampp\htdocs\pelaporan\system\Autoloader\Autoloader.php(258): CodeIgniter\Autoloader\Autoloader->loadInNamespace('App\\Libraries\\M...')
#2 [internal function]: CodeIgniter\Autoloader\Autoloader->loadClass('App\\Libraries\\M...')
#3 C:\xampp\htdocs\pelaporan\app\Controllers\Admin\Admin.php(45): spl_autoload_call('App\\Libraries\\M...')
#4 C:\xampp\htdocs\pelaporan\system\CodeIgniter.php(918): App\Controllers\Admin\Admin->upStatus_next_proses()
#5 C:\xampp\htdocs\pelaporan\system\CodeIgniter.php(404): CodeIgniter\CodeIgniter->runController(Object(App\Controllers\Admin\Admin))
#6 C:\xampp\htdocs\pelaporan\system\CodeIgniter.php(312): CodeIgniter\CodeIgniter->handleRequest(NULL, Object(Config\Cache), false)
#7 C:\xampp\htdocs\pelaporan\public\index.php(45): CodeIgniter\CodeIgniter->run()
#8 C:\xampp\htdocs\pelaporan\system\Commands\Server\rewrite.php(34): require_once('C:\\xampp\\htdocs...')
#9 {main}
CRITICAL - 2020-08-02 18:42:24 --> syntax error, unexpected ',', expecting ';'
#0 C:\xampp\htdocs\pelaporan\system\Autoloader\Autoloader.php(296): CodeIgniter\Autoloader\Autoloader->requireFile('C:\\xampp\\htdocs...')
#1 C:\xampp\htdocs\pelaporan\system\Autoloader\Autoloader.php(258): CodeIgniter\Autoloader\Autoloader->loadInNamespace('App\\Libraries\\M...')
#2 [internal function]: CodeIgniter\Autoloader\Autoloader->loadClass('App\\Libraries\\M...')
#3 C:\xampp\htdocs\pelaporan\app\Controllers\Admin\Admin.php(45): spl_autoload_call('App\\Libraries\\M...')
#4 C:\xampp\htdocs\pelaporan\system\CodeIgniter.php(918): App\Controllers\Admin\Admin->upStatus_next_proses()
#5 C:\xampp\htdocs\pelaporan\system\CodeIgniter.php(404): CodeIgniter\CodeIgniter->runController(Object(App\Controllers\Admin\Admin))
#6 C:\xampp\htdocs\pelaporan\system\CodeIgniter.php(312): CodeIgniter\CodeIgniter->handleRequest(NULL, Object(Config\Cache), false)
#7 C:\xampp\htdocs\pelaporan\public\index.php(45): CodeIgniter\CodeIgniter->run()
#8 C:\xampp\htdocs\pelaporan\system\Commands\Server\rewrite.php(34): require_once('C:\\xampp\\htdocs...')
#9 {main}
CRITICAL - 2020-08-02 18:52:50 --> Trying to get property 'user_kode' of non-object
#0 C:\xampp\htdocs\pelaporan\app\Views\admin\base\preview.php(78): CodeIgniter\Debug\Exceptions->errorHandler(8, 'Trying to get p...', 'C:\\xampp\\htdocs...', 78, Array)
#1 C:\xampp\htdocs\pelaporan\system\View\View.php(246): include('C:\\xampp\\htdocs...')
#2 C:\xampp\htdocs\pelaporan\system\Common.php(1119): CodeIgniter\View\View->render('admin/base/prev...', Array, true)
#3 C:\xampp\htdocs\pelaporan\app\Views\init\__root.php(10): view('admin/base/prev...')
#4 C:\xampp\htdocs\pelaporan\system\View\View.php(246): include('C:\\xampp\\htdocs...')
#5 C:\xampp\htdocs\pelaporan\system\Common.php(1119): CodeIgniter\View\View->render('init/__root', Array, true)
#6 C:\xampp\htdocs\pelaporan\app\Controllers\Admin\Admin.php(40): view('init/__root', Array)
#7 C:\xampp\htdocs\pelaporan\system\CodeIgniter.php(918): App\Controllers\Admin\Admin->preview('IUA2QBNF3L')
#8 C:\xampp\htdocs\pelaporan\system\CodeIgniter.php(404): CodeIgniter\CodeIgniter->runController(Object(App\Controllers\Admin\Admin))
#9 C:\xampp\htdocs\pelaporan\system\CodeIgniter.php(312): CodeIgniter\CodeIgniter->handleRequest(NULL, Object(Config\Cache), false)
#10 C:\xampp\htdocs\pelaporan\public\index.php(45): CodeIgniter\CodeIgniter->run()
#11 C:\xampp\htdocs\pelaporan\system\Commands\Server\rewrite.php(34): require_once('C:\\xampp\\htdocs...')
#12 {main}
CRITICAL - 2020-08-02 18:52:52 --> Trying to get property 'user_kode' of non-object
#0 C:\xampp\htdocs\pelaporan\app\Views\admin\base\preview.php(78): CodeIgniter\Debug\Exceptions->errorHandler(8, 'Trying to get p...', 'C:\\xampp\\htdocs...', 78, Array)
#1 C:\xampp\htdocs\pelaporan\system\View\View.php(246): include('C:\\xampp\\htdocs...')
#2 C:\xampp\htdocs\pelaporan\system\Common.php(1119): CodeIgniter\View\View->render('admin/base/prev...', Array, true)
#3 C:\xampp\htdocs\pelaporan\app\Views\init\__root.php(10): view('admin/base/prev...')
#4 C:\xampp\htdocs\pelaporan\system\View\View.php(246): include('C:\\xampp\\htdocs...')
#5 C:\xampp\htdocs\pelaporan\system\Common.php(1119): CodeIgniter\View\View->render('init/__root', Array, true)
#6 C:\xampp\htdocs\pelaporan\app\Controllers\Admin\Admin.php(40): view('init/__root', Array)
#7 C:\xampp\htdocs\pelaporan\system\CodeIgniter.php(918): App\Controllers\Admin\Admin->preview('IUA2QBNF3L')
#8 C:\xampp\htdocs\pelaporan\system\CodeIgniter.php(404): CodeIgniter\CodeIgniter->runController(Object(App\Controllers\Admin\Admin))
#9 C:\xampp\htdocs\pelaporan\system\CodeIgniter.php(312): CodeIgniter\CodeIgniter->handleRequest(NULL, Object(Config\Cache), false)
#10 C:\xampp\htdocs\pelaporan\public\index.php(45): CodeIgniter\CodeIgniter->run()
#11 C:\xampp\htdocs\pelaporan\system\Commands\Server\rewrite.php(34): require_once('C:\\xampp\\htdocs...')
#12 {main}
CRITICAL - 2020-08-02 18:55:51 --> Undefined variable: send
#0 C:\xampp\htdocs\pelaporan\app\Controllers\Admin\Admin.php(53): CodeIgniter\Debug\Exceptions->errorHandler(8, 'Undefined varia...', 'C:\\xampp\\htdocs...', 53, Array)
#1 C:\xampp\htdocs\pelaporan\system\CodeIgniter.php(918): App\Controllers\Admin\Admin->upStatus_next_proses()
#2 C:\xampp\htdocs\pelaporan\system\CodeIgniter.php(404): CodeIgniter\CodeIgniter->runController(Object(App\Controllers\Admin\Admin))
#3 C:\xampp\htdocs\pelaporan\system\CodeIgniter.php(312): CodeIgniter\CodeIgniter->handleRequest(NULL, Object(Config\Cache), false)
#4 C:\xampp\htdocs\pelaporan\public\index.php(45): CodeIgniter\CodeIgniter->run()
#5 C:\xampp\htdocs\pelaporan\system\Commands\Server\rewrite.php(34): require_once('C:\\xampp\\htdocs...')
#6 {main}
CRITICAL - 2020-08-02 18:59:26 --> syntax error, unexpected '">cek</a>"' (T_CONSTANT_ENCAPSED_STRING), expecting ')'
#0 C:\xampp\htdocs\pelaporan\system\Autoloader\Autoloader.php(296): CodeIgniter\Autoloader\Autoloader->requireFile('C:\\xampp\\htdocs...')
#1 C:\xampp\htdocs\pelaporan\system\Autoloader\Autoloader.php(258): CodeIgniter\Autoloader\Autoloader->loadInNamespace('App\\Controllers...')
#2 [internal function]: CodeIgniter\Autoloader\Autoloader->loadClass('App\\Controllers...')
#3 [internal function]: spl_autoload_call('App\\Controllers...')
#4 C:\xampp\htdocs\pelaporan\system\CodeIgniter.php(869): class_exists('\\App\\Controller...', true)
#5 C:\xampp\htdocs\pelaporan\system\CodeIgniter.php(394): CodeIgniter\CodeIgniter->startController()
#6 C:\xampp\htdocs\pelaporan\system\CodeIgniter.php(312): CodeIgniter\CodeIgniter->handleRequest(NULL, Object(Config\Cache), false)
#7 C:\xampp\htdocs\pelaporan\public\index.php(45): CodeIgniter\CodeIgniter->run()
#8 C:\xampp\htdocs\pelaporan\system\Commands\Server\rewrite.php(34): require_once('C:\\xampp\\htdocs...')
#9 {main}
CRITICAL - 2020-08-02 19:30:00 --> syntax error, unexpected '->' (T_OBJECT_OPERATOR)
#0 C:\xampp\htdocs\pelaporan\system\Autoloader\Autoloader.php(296): CodeIgniter\Autoloader\Autoloader->requireFile('C:\\xampp\\htdocs...')
#1 C:\xampp\htdocs\pelaporan\system\Autoloader\Autoloader.php(258): CodeIgniter\Autoloader\Autoloader->loadInNamespace('App\\Controllers...')
#2 [internal function]: CodeIgniter\Autoloader\Autoloader->loadClass('App\\Controllers...')
#3 [internal function]: spl_autoload_call('App\\Controllers...')
#4 C:\xampp\htdocs\pelaporan\system\CodeIgniter.php(869): class_exists('\\App\\Controller...', true)
#5 C:\xampp\htdocs\pelaporan\system\CodeIgniter.php(394): CodeIgniter\CodeIgniter->startController()
#6 C:\xampp\htdocs\pelaporan\system\CodeIgniter.php(312): CodeIgniter\CodeIgniter->handleRequest(NULL, Object(Config\Cache), false)
#7 C:\xampp\htdocs\pelaporan\public\index.php(45): CodeIgniter\CodeIgniter->run()
#8 C:\xampp\htdocs\pelaporan\system\Commands\Server\rewrite.php(34): require_once('C:\\xampp\\htdocs...')
#9 {main}
CRITICAL - 2020-08-02 19:30:23 --> Unknown column 'laporan.kode_user' in 'where clause'
#0 C:\xampp\htdocs\pelaporan\system\Database\MySQLi\Connection.php(331): mysqli->query('SELECT *, `user...')
#1 C:\xampp\htdocs\pelaporan\system\Database\BaseConnection.php(741): CodeIgniter\Database\MySQLi\Connection->execute('SELECT *, `user...')
#2 C:\xampp\htdocs\pelaporan\system\Database\BaseConnection.php(669): CodeIgniter\Database\BaseConnection->simpleQuery('SELECT *, `user...')
#3 C:\xampp\htdocs\pelaporan\system\Database\BaseBuilder.php(1860): CodeIgniter\Database\BaseConnection->query('SELECT *, `user...', Array, false)
#4 C:\xampp\htdocs\pelaporan\app\Controllers\Admin\Admin.php(49): CodeIgniter\Database\BaseBuilder->get()
#5 C:\xampp\htdocs\pelaporan\system\CodeIgniter.php(918): App\Controllers\Admin\Admin->upStatus_next_proses()
#6 C:\xampp\htdocs\pelaporan\system\CodeIgniter.php(404): CodeIgniter\CodeIgniter->runController(Object(App\Controllers\Admin\Admin))
#7 C:\xampp\htdocs\pelaporan\system\CodeIgniter.php(312): CodeIgniter\CodeIgniter->handleRequest(NULL, Object(Config\Cache), false)
#8 C:\xampp\htdocs\pelaporan\public\index.php(45): CodeIgniter\CodeIgniter->run()
#9 C:\xampp\htdocs\pelaporan\system\Commands\Server\rewrite.php(34): require_once('C:\\xampp\\htdocs...')
#10 {main}
CRITICAL - 2020-08-02 19:30:54 --> Unknown column 'laporan.kode_user' in 'where clause'
#0 C:\xampp\htdocs\pelaporan\system\Database\MySQLi\Connection.php(331): mysqli->query('SELECT *, `user...')
#1 C:\xampp\htdocs\pelaporan\system\Database\BaseConnection.php(741): CodeIgniter\Database\MySQLi\Connection->execute('SELECT *, `user...')
#2 C:\xampp\htdocs\pelaporan\system\Database\BaseConnection.php(669): CodeIgniter\Database\BaseConnection->simpleQuery('SELECT *, `user...')
#3 C:\xampp\htdocs\pelaporan\system\Database\BaseBuilder.php(1860): CodeIgniter\Database\BaseConnection->query('SELECT *, `user...', Array, false)
#4 C:\xampp\htdocs\pelaporan\app\Controllers\Admin\Admin.php(49): CodeIgniter\Database\BaseBuilder->get()
#5 C:\xampp\htdocs\pelaporan\system\CodeIgniter.php(918): App\Controllers\Admin\Admin->upStatus_next_proses()
#6 C:\xampp\htdocs\pelaporan\system\CodeIgniter.php(404): CodeIgniter\CodeIgniter->runController(Object(App\Controllers\Admin\Admin))
#7 C:\xampp\htdocs\pelaporan\system\CodeIgniter.php(312): CodeIgniter\CodeIgniter->handleRequest(NULL, Object(Config\Cache), false)
#8 C:\xampp\htdocs\pelaporan\public\index.php(45): CodeIgniter\CodeIgniter->run()
#9 C:\xampp\htdocs\pelaporan\system\Commands\Server\rewrite.php(34): require_once('C:\\xampp\\htdocs...')
#10 {main}
CRITICAL - 2020-08-02 19:33:49 --> syntax error, unexpected ','
#0 C:\xampp\htdocs\pelaporan\system\Autoloader\Autoloader.php(296): CodeIgniter\Autoloader\Autoloader->requireFile('C:\\xampp\\htdocs...')
#1 C:\xampp\htdocs\pelaporan\system\Autoloader\Autoloader.php(258): CodeIgniter\Autoloader\Autoloader->loadInNamespace('App\\Controllers...')
#2 [internal function]: CodeIgniter\Autoloader\Autoloader->loadClass('App\\Controllers...')
#3 [internal function]: spl_autoload_call('App\\Controllers...')
#4 C:\xampp\htdocs\pelaporan\system\CodeIgniter.php(869): class_exists('\\App\\Controller...', true)
#5 C:\xampp\htdocs\pelaporan\system\CodeIgniter.php(394): CodeIgniter\CodeIgniter->startController()
#6 C:\xampp\htdocs\pelaporan\system\CodeIgniter.php(312): CodeIgniter\CodeIgniter->handleRequest(NULL, Object(Config\Cache), false)
#7 C:\xampp\htdocs\pelaporan\public\index.php(45): CodeIgniter\CodeIgniter->run()
#8 C:\xampp\htdocs\pelaporan\system\Commands\Server\rewrite.php(34): require_once('C:\\xampp\\htdocs...')
#9 {main}
CRITICAL - 2020-08-02 19:41:41 --> Undefined variable: user_kode
#0 C:\xampp\htdocs\pelaporan\app\Views\admin\base\home.php(27): CodeIgniter\Debug\Exceptions->errorHandler(8, 'Undefined varia...', 'C:\\xampp\\htdocs...', 27, Array)
#1 C:\xampp\htdocs\pelaporan\system\View\View.php(246): include('C:\\xampp\\htdocs...')
#2 C:\xampp\htdocs\pelaporan\system\Common.php(1119): CodeIgniter\View\View->render('admin/base/home', Array, true)
#3 C:\xampp\htdocs\pelaporan\app\Views\init\__root.php(10): view('admin/base/home')
#4 C:\xampp\htdocs\pelaporan\system\View\View.php(246): include('C:\\xampp\\htdocs...')
#5 C:\xampp\htdocs\pelaporan\system\Common.php(1119): CodeIgniter\View\View->render('init/__root', Array, true)
#6 C:\xampp\htdocs\pelaporan\app\Controllers\Admin\Admin.php(27): view('init/__root', Array)
#7 C:\xampp\htdocs\pelaporan\system\CodeIgniter.php(918): App\Controllers\Admin\Admin->index()
#8 C:\xampp\htdocs\pelaporan\system\CodeIgniter.php(404): CodeIgniter\CodeIgniter->runController(Object(App\Controllers\Admin\Admin))
#9 C:\xampp\htdocs\pelaporan\system\CodeIgniter.php(312): CodeIgniter\CodeIgniter->handleRequest(NULL, Object(Config\Cache), false)
#10 C:\xampp\htdocs\pelaporan\public\index.php(45): CodeIgniter\CodeIgniter->run()
#11 C:\xampp\htdocs\pelaporan\system\Commands\Server\rewrite.php(34): require_once('C:\\xampp\\htdocs...')
#12 {main}
CRITICAL - 2020-08-02 20:36:11 --> Undefined index: desc
#0 C:\xampp\htdocs\pelaporan\app\Controllers\User_controller.php(99): CodeIgniter\Debug\Exceptions->errorHandler(8, 'Undefined index...', 'C:\\xampp\\htdocs...', 99, Array)
#1 C:\xampp\htdocs\pelaporan\system\CodeIgniter.php(918): App\Controllers\User_controller->upload_data()
#2 C:\xampp\htdocs\pelaporan\system\CodeIgniter.php(404): CodeIgniter\CodeIgniter->runController(Object(App\Controllers\User_controller))
#3 C:\xampp\htdocs\pelaporan\system\CodeIgniter.php(312): CodeIgniter\CodeIgniter->handleRequest(NULL, Object(Config\Cache), false)
#4 C:\xampp\htdocs\pelaporan\public\index.php(45): CodeIgniter\CodeIgniter->run()
#5 C:\xampp\htdocs\pelaporan\system\Commands\Server\rewrite.php(34): require_once('C:\\xampp\\htdocs...')
#6 {main}
CRITICAL - 2020-08-02 20:37:06 --> Undefined index: desc
#0 C:\xampp\htdocs\pelaporan\app\Controllers\User_controller.php(99): CodeIgniter\Debug\Exceptions->errorHandler(8, 'Undefined index...', 'C:\\xampp\\htdocs...', 99, Array)
#1 C:\xampp\htdocs\pelaporan\system\CodeIgniter.php(918): App\Controllers\User_controller->upload_data()
#2 C:\xampp\htdocs\pelaporan\system\CodeIgniter.php(404): CodeIgniter\CodeIgniter->runController(Object(App\Controllers\User_controller))
#3 C:\xampp\htdocs\pelaporan\system\CodeIgniter.php(312): CodeIgniter\CodeIgniter->handleRequest(NULL, Object(Config\Cache), false)
#4 C:\xampp\htdocs\pelaporan\public\index.php(45): CodeIgniter\CodeIgniter->run()
#5 C:\xampp\htdocs\pelaporan\system\Commands\Server\rewrite.php(34): require_once('C:\\xampp\\htdocs...')
#6 {main}
CRITICAL - 2020-08-02 20:37:19 --> Undefined index: desc
#0 C:\xampp\htdocs\pelaporan\app\Controllers\User_controller.php(99): CodeIgniter\Debug\Exceptions->errorHandler(8, 'Undefined index...', 'C:\\xampp\\htdocs...', 99, Array)
#1 C:\xampp\htdocs\pelaporan\system\CodeIgniter.php(918): App\Controllers\User_controller->upload_data()
#2 C:\xampp\htdocs\pelaporan\system\CodeIgniter.php(404): CodeIgniter\CodeIgniter->runController(Object(App\Controllers\User_controller))
#3 C:\xampp\htdocs\pelaporan\system\CodeIgniter.php(312): CodeIgniter\CodeIgniter->handleRequest(NULL, Object(Config\Cache), false)
#4 C:\xampp\htdocs\pelaporan\public\index.php(45): CodeIgniter\CodeIgniter->run()
#5 C:\xampp\htdocs\pelaporan\system\Commands\Server\rewrite.php(34): require_once('C:\\xampp\\htdocs...')
#6 {main}
CRITICAL - 2020-08-02 20:37:54 --> Undefined index: desc
#0 C:\xampp\htdocs\pelaporan\app\Controllers\User_controller.php(99): CodeIgniter\Debug\Exceptions->errorHandler(8, 'Undefined index...', 'C:\\xampp\\htdocs...', 99, Array)
#1 C:\xampp\htdocs\pelaporan\system\CodeIgniter.php(918): App\Controllers\User_controller->upload_data()
#2 C:\xampp\htdocs\pelaporan\system\CodeIgniter.php(404): CodeIgniter\CodeIgniter->runController(Object(App\Controllers\User_controller))
#3 C:\xampp\htdocs\pelaporan\system\CodeIgniter.php(312): CodeIgniter\CodeIgniter->handleRequest(NULL, Object(Config\Cache), false)
#4 C:\xampp\htdocs\pelaporan\public\index.php(45): CodeIgniter\CodeIgniter->run()
#5 C:\xampp\htdocs\pelaporan\system\Commands\Server\rewrite.php(34): require_once('C:\\xampp\\htdocs...')
#6 {main}
CRITICAL - 2020-08-02 20:41:04 --> Undefined index: desc
#0 C:\xampp\htdocs\pelaporan\app\Controllers\User_controller.php(87): CodeIgniter\Debug\Exceptions->errorHandler(8, 'Undefined index...', 'C:\\xampp\\htdocs...', 87, Array)
#1 C:\xampp\htdocs\pelaporan\system\CodeIgniter.php(918): App\Controllers\User_controller->upload_data()
#2 C:\xampp\htdocs\pelaporan\system\CodeIgniter.php(404): CodeIgniter\CodeIgniter->runController(Object(App\Controllers\User_controller))
#3 C:\xampp\htdocs\pelaporan\system\CodeIgniter.php(312): CodeIgniter\CodeIgniter->handleRequest(NULL, Object(Config\Cache), false)
#4 C:\xampp\htdocs\pelaporan\public\index.php(45): CodeIgniter\CodeIgniter->run()
#5 C:\xampp\htdocs\pelaporan\system\Commands\Server\rewrite.php(34): require_once('C:\\xampp\\htdocs...')
#6 {main}
CRITICAL - 2020-08-02 20:41:16 --> Undefined index: desc
#0 C:\xampp\htdocs\pelaporan\app\Controllers\User_controller.php(87): CodeIgniter\Debug\Exceptions->errorHandler(8, 'Undefined index...', 'C:\\xampp\\htdocs...', 87, Array)
#1 C:\xampp\htdocs\pelaporan\system\CodeIgniter.php(918): App\Controllers\User_controller->upload_data()
#2 C:\xampp\htdocs\pelaporan\system\CodeIgniter.php(404): CodeIgniter\CodeIgniter->runController(Object(App\Controllers\User_controller))
#3 C:\xampp\htdocs\pelaporan\system\CodeIgniter.php(312): CodeIgniter\CodeIgniter->handleRequest(NULL, Object(Config\Cache), false)
#4 C:\xampp\htdocs\pelaporan\public\index.php(45): CodeIgniter\CodeIgniter->run()
#5 C:\xampp\htdocs\pelaporan\system\Commands\Server\rewrite.php(34): require_once('C:\\xampp\\htdocs...')
#6 {main}
CRITICAL - 2020-08-02 20:41:30 --> Undefined variable: newName
#0 C:\xampp\htdocs\pelaporan\app\Controllers\User_controller.php(82): CodeIgniter\Debug\Exceptions->errorHandler(8, 'Undefined varia...', 'C:\\xampp\\htdocs...', 82, Array)
#1 C:\xampp\htdocs\pelaporan\system\CodeIgniter.php(918): App\Controllers\User_controller->upload_data()
#2 C:\xampp\htdocs\pelaporan\system\CodeIgniter.php(404): CodeIgniter\CodeIgniter->runController(Object(App\Controllers\User_controller))
#3 C:\xampp\htdocs\pelaporan\system\CodeIgniter.php(312): CodeIgniter\CodeIgniter->handleRequest(NULL, Object(Config\Cache), false)
#4 C:\xampp\htdocs\pelaporan\public\index.php(45): CodeIgniter\CodeIgniter->run()
#5 C:\xampp\htdocs\pelaporan\system\Commands\Server\rewrite.php(34): require_once('C:\\xampp\\htdocs...')
#6 {main}
CRITICAL - 2020-08-02 20:41:33 --> Undefined variable: newName
#0 C:\xampp\htdocs\pelaporan\app\Controllers\User_controller.php(82): CodeIgniter\Debug\Exceptions->errorHandler(8, 'Undefined varia...', 'C:\\xampp\\htdocs...', 82, Array)
#1 C:\xampp\htdocs\pelaporan\system\CodeIgniter.php(918): App\Controllers\User_controller->upload_data()
#2 C:\xampp\htdocs\pelaporan\system\CodeIgniter.php(404): CodeIgniter\CodeIgniter->runController(Object(App\Controllers\User_controller))
#3 C:\xampp\htdocs\pelaporan\system\CodeIgniter.php(312): CodeIgniter\CodeIgniter->handleRequest(NULL, Object(Config\Cache), false)
#4 C:\xampp\htdocs\pelaporan\public\index.php(45): CodeIgniter\CodeIgniter->run()
#5 C:\xampp\htdocs\pelaporan\system\Commands\Server\rewrite.php(34): require_once('C:\\xampp\\htdocs...')
#6 {main}
CRITICAL - 2020-08-02 20:42:31 --> Undefined variable: newName
#0 C:\xampp\htdocs\pelaporan\app\Controllers\User_controller.php(82): CodeIgniter\Debug\Exceptions->errorHandler(8, 'Undefined varia...', 'C:\\xampp\\htdocs...', 82, Array)
#1 C:\xampp\htdocs\pelaporan\system\CodeIgniter.php(918): App\Controllers\User_controller->upload_data()
#2 C:\xampp\htdocs\pelaporan\system\CodeIgniter.php(404): CodeIgniter\CodeIgniter->runController(Object(App\Controllers\User_controller))
#3 C:\xampp\htdocs\pelaporan\system\CodeIgniter.php(312): CodeIgniter\CodeIgniter->handleRequest(NULL, Object(Config\Cache), false)
#4 C:\xampp\htdocs\pelaporan\public\index.php(45): CodeIgniter\CodeIgniter->run()
#5 C:\xampp\htdocs\pelaporan\system\Commands\Server\rewrite.php(34): require_once('C:\\xampp\\htdocs...')
#6 {main}
CRITICAL - 2020-08-02 20:43:18 --> Undefined index: desc
#0 C:\xampp\htdocs\pelaporan\app\Controllers\User_controller.php(86): CodeIgniter\Debug\Exceptions->errorHandler(8, 'Undefined index...', 'C:\\xampp\\htdocs...', 86, Array)
#1 C:\xampp\htdocs\pelaporan\system\CodeIgniter.php(918): App\Controllers\User_controller->upload_data()
#2 C:\xampp\htdocs\pelaporan\system\CodeIgniter.php(404): CodeIgniter\CodeIgniter->runController(Object(App\Controllers\User_controller))
#3 C:\xampp\htdocs\pelaporan\system\CodeIgniter.php(312): CodeIgniter\CodeIgniter->handleRequest(NULL, Object(Config\Cache), false)
#4 C:\xampp\htdocs\pelaporan\public\index.php(45): CodeIgniter\CodeIgniter->run()
#5 C:\xampp\htdocs\pelaporan\system\Commands\Server\rewrite.php(34): require_once('C:\\xampp\\htdocs...')
#6 {main}
CRITICAL - 2020-08-02 20:43:21 --> Undefined index: desc
#0 C:\xampp\htdocs\pelaporan\app\Controllers\User_controller.php(86): CodeIgniter\Debug\Exceptions->errorHandler(8, 'Undefined index...', 'C:\\xampp\\htdocs...', 86, Array)
#1 C:\xampp\htdocs\pelaporan\system\CodeIgniter.php(918): App\Controllers\User_controller->upload_data()
#2 C:\xampp\htdocs\pelaporan\system\CodeIgniter.php(404): CodeIgniter\CodeIgniter->runController(Object(App\Controllers\User_controller))
#3 C:\xampp\htdocs\pelaporan\system\CodeIgniter.php(312): CodeIgniter\CodeIgniter->handleRequest(NULL, Object(Config\Cache), false)
#4 C:\xampp\htdocs\pelaporan\public\index.php(45): CodeIgniter\CodeIgniter->run()
#5 C:\xampp\htdocs\pelaporan\system\Commands\Server\rewrite.php(34): require_once('C:\\xampp\\htdocs...')
#6 {main}
CRITICAL - 2020-08-02 20:43:34 --> Undefined index: desc
#0 C:\xampp\htdocs\pelaporan\app\Controllers\User_controller.php(86): CodeIgniter\Debug\Exceptions->errorHandler(8, 'Undefined index...', 'C:\\xampp\\htdocs...', 86, Array)
#1 C:\xampp\htdocs\pelaporan\system\CodeIgniter.php(918): App\Controllers\User_controller->upload_data()
#2 C:\xampp\htdocs\pelaporan\system\CodeIgniter.php(404): CodeIgniter\CodeIgniter->runController(Object(App\Controllers\User_controller))
#3 C:\xampp\htdocs\pelaporan\system\CodeIgniter.php(312): CodeIgniter\CodeIgniter->handleRequest(NULL, Object(Config\Cache), false)
#4 C:\xampp\htdocs\pelaporan\public\index.php(45): CodeIgniter\CodeIgniter->run()
#5 C:\xampp\htdocs\pelaporan\system\Commands\Server\rewrite.php(34): require_once('C:\\xampp\\htdocs...')
#6 {main}
CRITICAL - 2020-08-02 20:51:08 --> Undefined index: desc
#0 C:\xampp\htdocs\pelaporan\app\Controllers\User_controller.php(128): CodeIgniter\Debug\Exceptions->errorHandler(8, 'Undefined index...', 'C:\\xampp\\htdocs...', 128, Array)
#1 C:\xampp\htdocs\pelaporan\system\CodeIgniter.php(918): App\Controllers\User_controller->edit_data_lap()
#2 C:\xampp\htdocs\pelaporan\system\CodeIgniter.php(404): CodeIgniter\CodeIgniter->runController(Object(App\Controllers\User_controller))
#3 C:\xampp\htdocs\pelaporan\system\CodeIgniter.php(312): CodeIgniter\CodeIgniter->handleRequest(NULL, Object(Config\Cache), false)
#4 C:\xampp\htdocs\pelaporan\public\index.php(45): CodeIgniter\CodeIgniter->run()
#5 C:\xampp\htdocs\pelaporan\system\Commands\Server\rewrite.php(34): require_once('C:\\xampp\\htdocs...')
#6 {main}
CRITICAL - 2020-08-02 20:58:59 --> Undefined variable: data
#0 C:\xampp\htdocs\pelaporan\app\Controllers\Admin\Admin.php(46): CodeIgniter\Debug\Exceptions->errorHandler(8, 'Undefined varia...', 'C:\\xampp\\htdocs...', 46, Array)
#1 C:\xampp\htdocs\pelaporan\system\CodeIgniter.php(918): App\Controllers\Admin\Admin->preview('PLA01OMK0J')
#2 C:\xampp\htdocs\pelaporan\system\CodeIgniter.php(404): CodeIgniter\CodeIgniter->runController(Object(App\Controllers\Admin\Admin))
#3 C:\xampp\htdocs\pelaporan\system\CodeIgniter.php(312): CodeIgniter\CodeIgniter->handleRequest(NULL, Object(Config\Cache), false)
#4 C:\xampp\htdocs\pelaporan\public\index.php(45): CodeIgniter\CodeIgniter->run()
#5 C:\xampp\htdocs\pelaporan\system\Commands\Server\rewrite.php(34): require_once('C:\\xampp\\htdocs...')
#6 {main}
CRITICAL - 2020-08-02 21:51:30 --> Class 'App\Libraries\UnsafeCrypto' not found
#0 C:\xampp\htdocs\pelaporan\system\CodeIgniter.php(918): App\Controllers\User_controller->ec()
#1 C:\xampp\htdocs\pelaporan\system\CodeIgniter.php(404): CodeIgniter\CodeIgniter->runController(Object(App\Controllers\User_controller))
#2 C:\xampp\htdocs\pelaporan\system\CodeIgniter.php(312): CodeIgniter\CodeIgniter->handleRequest(NULL, Object(Config\Cache), false)
#3 C:\xampp\htdocs\pelaporan\public\index.php(45): CodeIgniter\CodeIgniter->run()
#4 C:\xampp\htdocs\pelaporan\system\Commands\Server\rewrite.php(34): require_once('C:\\xampp\\htdocs...')
#5 {main}
CRITICAL - 2020-08-02 21:52:14 --> Class 'App\Libraries\UnsafeCrypto' not found
#0 C:\xampp\htdocs\pelaporan\system\CodeIgniter.php(918): App\Controllers\User_controller->ec()
#1 C:\xampp\htdocs\pelaporan\system\CodeIgniter.php(404): CodeIgniter\CodeIgniter->runController(Object(App\Controllers\User_controller))
#2 C:\xampp\htdocs\pelaporan\system\CodeIgniter.php(312): CodeIgniter\CodeIgniter->handleRequest(NULL, Object(Config\Cache), false)
#3 C:\xampp\htdocs\pelaporan\public\index.php(45): CodeIgniter\CodeIgniter->run()
#4 C:\xampp\htdocs\pelaporan\system\Commands\Server\rewrite.php(34): require_once('C:\\xampp\\htdocs...')
#5 {main}
CRITICAL - 2020-08-02 21:54:50 --> syntax error, unexpected '"'>cek</a>"' (T_CONSTANT_ENCAPSED_STRING), expecting ')'
#0 C:\xampp\htdocs\pelaporan\system\Autoloader\Autoloader.php(296): CodeIgniter\Autoloader\Autoloader->requireFile('C:\\xampp\\htdocs...')
#1 C:\xampp\htdocs\pelaporan\system\Autoloader\Autoloader.php(258): CodeIgniter\Autoloader\Autoloader->loadInNamespace('App\\Controllers...')
#2 [internal function]: CodeIgniter\Autoloader\Autoloader->loadClass('App\\Controllers...')
#3 [internal function]: spl_autoload_call('App\\Controllers...')
#4 C:\xampp\htdocs\pelaporan\system\CodeIgniter.php(869): class_exists('\\App\\Controller...', true)
#5 C:\xampp\htdocs\pelaporan\system\CodeIgniter.php(394): CodeIgniter\CodeIgniter->startController()
#6 C:\xampp\htdocs\pelaporan\system\CodeIgniter.php(312): CodeIgniter\CodeIgniter->handleRequest(NULL, Object(Config\Cache), false)
#7 C:\xampp\htdocs\pelaporan\public\index.php(45): CodeIgniter\CodeIgniter->run()
#8 C:\xampp\htdocs\pelaporan\system\Commands\Server\rewrite.php(34): require_once('C:\\xampp\\htdocs...')
#9 {main}
CRITICAL - 2020-08-02 21:55:19 --> syntax error, unexpected '"'>cek</a>"' (T_CONSTANT_ENCAPSED_STRING), expecting ')'
#0 C:\xampp\htdocs\pelaporan\system\Autoloader\Autoloader.php(296): CodeIgniter\Autoloader\Autoloader->requireFile('C:\\xampp\\htdocs...')
#1 C:\xampp\htdocs\pelaporan\system\Autoloader\Autoloader.php(258): CodeIgniter\Autoloader\Autoloader->loadInNamespace('App\\Controllers...')
#2 [internal function]: CodeIgniter\Autoloader\Autoloader->loadClass('App\\Controllers...')
#3 [internal function]: spl_autoload_call('App\\Controllers...')
#4 C:\xampp\htdocs\pelaporan\system\CodeIgniter.php(869): class_exists('\\App\\Controller...', true)
#5 C:\xampp\htdocs\pelaporan\system\CodeIgniter.php(394): CodeIgniter\CodeIgniter->startController()
#6 C:\xampp\htdocs\pelaporan\system\CodeIgniter.php(312): CodeIgniter\CodeIgniter->handleRequest(NULL, Object(Config\Cache), false)
#7 C:\xampp\htdocs\pelaporan\public\index.php(45): CodeIgniter\CodeIgniter->run()
#8 C:\xampp\htdocs\pelaporan\system\Commands\Server\rewrite.php(34): require_once('C:\\xampp\\htdocs...')
#9 {main}
CRITICAL - 2020-08-02 21:55:20 --> syntax error, unexpected '"'>cek</a>"' (T_CONSTANT_ENCAPSED_STRING), expecting ')'
#0 C:\xampp\htdocs\pelaporan\system\Autoloader\Autoloader.php(296): CodeIgniter\Autoloader\Autoloader->requireFile('C:\\xampp\\htdocs...')
#1 C:\xampp\htdocs\pelaporan\system\Autoloader\Autoloader.php(258): CodeIgniter\Autoloader\Autoloader->loadInNamespace('App\\Controllers...')
#2 [internal function]: CodeIgniter\Autoloader\Autoloader->loadClass('App\\Controllers...')
#3 [internal function]: spl_autoload_call('App\\Controllers...')
#4 C:\xampp\htdocs\pelaporan\system\CodeIgniter.php(869): class_exists('\\App\\Controller...', true)
#5 C:\xampp\htdocs\pelaporan\system\CodeIgniter.php(394): CodeIgniter\CodeIgniter->startController()
#6 C:\xampp\htdocs\pelaporan\system\CodeIgniter.php(312): CodeIgniter\CodeIgniter->handleRequest(NULL, Object(Config\Cache), false)
#7 C:\xampp\htdocs\pelaporan\public\index.php(45): CodeIgniter\CodeIgniter->run()
#8 C:\xampp\htdocs\pelaporan\system\Commands\Server\rewrite.php(34): require_once('C:\\xampp\\htdocs...')
#9 {main}
CRITICAL - 2020-08-02 22:05:47 --> Too few arguments to function App\Controllers\User_controller::LaporanUser(), 0 passed in C:\xampp\htdocs\pelaporan\system\CodeIgniter.php on line 918 and exactly 1 expected
#0 C:\xampp\htdocs\pelaporan\system\CodeIgniter.php(918): App\Controllers\User_controller->LaporanUser()
#1 C:\xampp\htdocs\pelaporan\system\CodeIgniter.php(404): CodeIgniter\CodeIgniter->runController(Object(App\Controllers\User_controller))
#2 C:\xampp\htdocs\pelaporan\system\CodeIgniter.php(312): CodeIgniter\CodeIgniter->handleRequest(NULL, Object(Config\Cache), false)
#3 C:\xampp\htdocs\pelaporan\public\index.php(45): CodeIgniter\CodeIgniter->run()
#4 C:\xampp\htdocs\pelaporan\system\Commands\Server\rewrite.php(34): require_once('C:\\xampp\\htdocs...')
#5 {main}
