CRITICAL - 2020-08-09 09:18:14 --> Trying to get property 'title' of non-object
#0 C:\xampp\htdocs\pelaporan\app\Views\Frontend\base\v_berita.php(9): CodeIgniter\Debug\Exceptions->errorHandler(8, 'Trying to get p...', 'C:\\xampp\\htdocs...', 9, Array)
#1 C:\xampp\htdocs\pelaporan\system\View\View.php(246): include('C:\\xampp\\htdocs...')
#2 C:\xampp\htdocs\pelaporan\system\Common.php(1119): CodeIgniter\View\View->render('Frontend/base/v...', Array, true)
#3 C:\xampp\htdocs\pelaporan\app\Views\init\route.php(10): view('Frontend/base/v...')
#4 C:\xampp\htdocs\pelaporan\system\View\View.php(246): include('C:\\xampp\\htdocs...')
#5 C:\xampp\htdocs\pelaporan\system\Common.php(1119): CodeIgniter\View\View->render('init/route', Array, true)
#6 C:\xampp\htdocs\pelaporan\app\Controllers\User_controller.php(159): view('init/route', Array)
#7 C:\xampp\htdocs\pelaporan\system\CodeIgniter.php(918): App\Controllers\User_controller->view_berita('img', 'favicon.png')
#8 C:\xampp\htdocs\pelaporan\system\CodeIgniter.php(404): CodeIgniter\CodeIgniter->runController(Object(App\Controllers\User_controller))
#9 C:\xampp\htdocs\pelaporan\system\CodeIgniter.php(312): CodeIgniter\CodeIgniter->handleRequest(NULL, Object(Config\Cache), false)
#10 C:\xampp\htdocs\pelaporan\public\index.php(45): CodeIgniter\CodeIgniter->run()
#11 C:\xampp\htdocs\pelaporan\system\Commands\Server\rewrite.php(34): require_once('C:\\xampp\\htdocs...')
#12 {main}
CRITICAL - 2020-08-09 09:31:14 --> Argument 1 passed to CodeIgniter\HTTP\RedirectResponse::to() must be of the type string, null given, called in C:\xampp\htdocs\pelaporan\app\Controllers\Admin\Admin.php on line 371
#0 C:\xampp\htdocs\pelaporan\app\Controllers\Admin\Admin.php(371): CodeIgniter\HTTP\RedirectResponse->to(NULL)
#1 C:\xampp\htdocs\pelaporan\system\CodeIgniter.php(918): App\Controllers\Admin\Admin->printAll('Selesai', '2020', '08')
#2 C:\xampp\htdocs\pelaporan\system\CodeIgniter.php(404): CodeIgniter\CodeIgniter->runController(Object(App\Controllers\Admin\Admin))
#3 C:\xampp\htdocs\pelaporan\system\CodeIgniter.php(312): CodeIgniter\CodeIgniter->handleRequest(NULL, Object(Config\Cache), false)
#4 C:\xampp\htdocs\pelaporan\public\index.php(45): CodeIgniter\CodeIgniter->run()
#5 C:\xampp\htdocs\pelaporan\system\Commands\Server\rewrite.php(34): require_once('C:\\xampp\\htdocs...')
#6 {main}
